[2026-01-24T11:45:26.196+0000] {taskinstance.py:1956} INFO - Dependencies all met for dep_context=non-requeueable deps ti=<TaskInstance: agri_meteo_etl.load_to_postgres manual__2026-01-24T09:31:19.893372+00:00 [queued]>
[2026-01-24T11:45:26.206+0000] {taskinstance.py:1956} INFO - Dependencies all met for dep_context=requeueable deps ti=<TaskInstance: agri_meteo_etl.load_to_postgres manual__2026-01-24T09:31:19.893372+00:00 [queued]>
[2026-01-24T11:45:26.206+0000] {taskinstance.py:2170} INFO - Starting attempt 2 of 3
[2026-01-24T11:45:26.273+0000] {taskinstance.py:2191} INFO - Executing <Task(BashOperator): load_to_postgres> on 2026-01-24 09:31:19.893372+00:00
[2026-01-24T11:45:26.290+0000] {standard_task_runner.py:60} INFO - Started process 1425 to run task
[2026-01-24T11:45:26.299+0000] {standard_task_runner.py:87} INFO - Running: ['***', 'tasks', 'run', 'agri_meteo_etl', 'load_to_postgres', 'manual__2026-01-24T09:31:19.893372+00:00', '--job-id', '145', '--raw', '--subdir', 'DAGS_FOLDER/agri_meteo_etl.py', '--cfg-path', '/tmp/tmpp42rcleq']
[2026-01-24T11:45:26.304+0000] {standard_task_runner.py:88} INFO - Job 145: Subtask load_to_postgres
[2026-01-24T11:45:26.455+0000] {task_command.py:423} INFO - Running <TaskInstance: agri_meteo_etl.load_to_postgres manual__2026-01-24T09:31:19.893372+00:00 [running]> on host 94905f87a852
[2026-01-24T11:45:26.809+0000] {taskinstance.py:2480} INFO - Exporting env vars: AIRFLOW_CTX_DAG_OWNER='***' AIRFLOW_CTX_DAG_ID='agri_meteo_etl' AIRFLOW_CTX_TASK_ID='load_to_postgres' AIRFLOW_CTX_EXECUTION_DATE='2026-01-24T09:31:19.893372+00:00' AIRFLOW_CTX_TRY_NUMBER='2' AIRFLOW_CTX_DAG_RUN_ID='manual__2026-01-24T09:31:19.893372+00:00'
[2026-01-24T11:45:26.811+0000] {subprocess.py:63} INFO - Tmp dir root location: /tmp
[2026-01-24T11:45:26.868+0000] {subprocess.py:75} INFO - Running command: ['/usr/bin/bash', '-c', 'docker exec spark python3 /app/scripts/load.py']
[2026-01-24T11:45:26.905+0000] {subprocess.py:86} INFO - Output:
[2026-01-24T11:45:26.970+0000] {subprocess.py:93} INFO - Cannot connect to the Docker daemon at unix:///var/run/docker.sock. Is the docker daemon running?
[2026-01-24T11:45:26.973+0000] {subprocess.py:97} INFO - Command exited with return code 1
[2026-01-24T11:45:26.992+0000] {taskinstance.py:2698} ERROR - Task failed with exception
Traceback (most recent call last):
  File "/home/airflow/.local/lib/python3.8/site-packages/airflow/models/taskinstance.py", line 433, in _execute_task
    result = execute_callable(context=context, **execute_callable_kwargs)
  File "/home/airflow/.local/lib/python3.8/site-packages/airflow/operators/bash.py", line 212, in execute
    raise AirflowException(
airflow.exceptions.AirflowException: Bash command failed. The command returned a non-zero exit code 1.
[2026-01-24T11:45:26.996+0000] {taskinstance.py:1138} INFO - Marking task as UP_FOR_RETRY. dag_id=agri_meteo_etl, task_id=load_to_postgres, execution_date=20260124T093119, start_date=20260124T114526, end_date=20260124T114526
[2026-01-24T11:45:27.062+0000] {standard_task_runner.py:107} ERROR - Failed to execute job 145 for task load_to_postgres (Bash command failed. The command returned a non-zero exit code 1.; 1425)
[2026-01-24T11:45:27.112+0000] {local_task_job_runner.py:234} INFO - Task exited with return code 1
[2026-01-24T11:45:27.150+0000] {taskinstance.py:3280} INFO - 0 downstream tasks scheduled from follow-on schedule check
