[2026-01-23T18:35:58.394+0000] {taskinstance.py:1956} INFO - Dependencies all met for dep_context=non-requeueable deps ti=<TaskInstance: agri_meteo_etl.extract_weather manual__2026-01-23T17:55:01.415867+00:00 [queued]>
[2026-01-23T18:35:58.402+0000] {taskinstance.py:1956} INFO - Dependencies all met for dep_context=requeueable deps ti=<TaskInstance: agri_meteo_etl.extract_weather manual__2026-01-23T17:55:01.415867+00:00 [queued]>
[2026-01-23T18:35:58.403+0000] {taskinstance.py:2170} INFO - Starting attempt 2 of 2
[2026-01-23T18:35:58.498+0000] {taskinstance.py:2191} INFO - Executing <Task(BashOperator): extract_weather> on 2026-01-23 17:55:01.415867+00:00
[2026-01-23T18:35:58.502+0000] {standard_task_runner.py:60} INFO - Started process 189 to run task
[2026-01-23T18:35:58.507+0000] {standard_task_runner.py:87} INFO - Running: ['***', 'tasks', 'run', 'agri_meteo_etl', 'extract_weather', 'manual__2026-01-23T17:55:01.415867+00:00', '--job-id', '95', '--raw', '--subdir', 'DAGS_FOLDER/agri_meteo_etl.py', '--cfg-path', '/tmp/tmpf5_2z5w7']
[2026-01-23T18:35:58.510+0000] {standard_task_runner.py:88} INFO - Job 95: Subtask extract_weather
[2026-01-23T18:35:58.954+0000] {task_command.py:423} INFO - Running <TaskInstance: agri_meteo_etl.extract_weather manual__2026-01-23T17:55:01.415867+00:00 [running]> on host fb0a8efbb54b
[2026-01-23T18:35:59.234+0000] {taskinstance.py:2480} INFO - Exporting env vars: AIRFLOW_CTX_DAG_OWNER='***' AIRFLOW_CTX_DAG_ID='agri_meteo_etl' AIRFLOW_CTX_TASK_ID='extract_weather' AIRFLOW_CTX_EXECUTION_DATE='2026-01-23T17:55:01.415867+00:00' AIRFLOW_CTX_TRY_NUMBER='2' AIRFLOW_CTX_DAG_RUN_ID='manual__2026-01-23T17:55:01.415867+00:00'
[2026-01-23T18:35:59.235+0000] {subprocess.py:63} INFO - Tmp dir root location: /tmp
[2026-01-23T18:35:59.236+0000] {subprocess.py:75} INFO - Running command: ['/usr/bin/bash', '-c', 'docker exec spark python3 /app/scripts/extract.py']
[2026-01-23T18:35:59.244+0000] {subprocess.py:86} INFO - Output:
[2026-01-23T18:36:04.137+0000] {subprocess.py:93} INFO - Cannot connect to the Docker daemon at unix:///var/run/docker.sock. Is the docker daemon running?
[2026-01-23T18:36:04.138+0000] {subprocess.py:97} INFO - Command exited with return code 1
[2026-01-23T18:36:04.152+0000] {taskinstance.py:2698} ERROR - Task failed with exception
Traceback (most recent call last):
  File "/home/airflow/.local/lib/python3.8/site-packages/airflow/models/taskinstance.py", line 433, in _execute_task
    result = execute_callable(context=context, **execute_callable_kwargs)
  File "/home/airflow/.local/lib/python3.8/site-packages/airflow/operators/bash.py", line 212, in execute
    raise AirflowException(
airflow.exceptions.AirflowException: Bash command failed. The command returned a non-zero exit code 1.
[2026-01-23T18:36:04.190+0000] {taskinstance.py:1138} INFO - Marking task as FAILED. dag_id=agri_meteo_etl, task_id=extract_weather, execution_date=20260123T175501, start_date=20260123T183558, end_date=20260123T183604
[2026-01-23T18:36:04.316+0000] {standard_task_runner.py:107} ERROR - Failed to execute job 95 for task extract_weather (Bash command failed. The command returned a non-zero exit code 1.; 189)
[2026-01-23T18:36:04.350+0000] {local_task_job_runner.py:234} INFO - Task exited with return code 1
[2026-01-23T18:36:04.386+0000] {taskinstance.py:3280} INFO - 0 downstream tasks scheduled from follow-on schedule check
