[2026-01-24T08:27:25.964+0000] {taskinstance.py:1956} INFO - Dependencies all met for dep_context=non-requeueable deps ti=<TaskInstance: agri_meteo_etl.extract_weather scheduled__2026-01-23T00:00:00+00:00 [queued]>
[2026-01-24T08:27:25.973+0000] {taskinstance.py:1956} INFO - Dependencies all met for dep_context=requeueable deps ti=<TaskInstance: agri_meteo_etl.extract_weather scheduled__2026-01-23T00:00:00+00:00 [queued]>
[2026-01-24T08:27:25.973+0000] {taskinstance.py:2170} INFO - Starting attempt 2 of 2
[2026-01-24T08:27:26.160+0000] {taskinstance.py:2191} INFO - Executing <Task(BashOperator): extract_weather> on 2026-01-23 00:00:00+00:00
[2026-01-24T08:27:26.169+0000] {standard_task_runner.py:60} INFO - Started process 269 to run task
[2026-01-24T08:27:26.175+0000] {standard_task_runner.py:87} INFO - Running: ['***', 'tasks', 'run', 'agri_meteo_etl', 'extract_weather', 'scheduled__2026-01-23T00:00:00+00:00', '--job-id', '133', '--raw', '--subdir', 'DAGS_FOLDER/agri_meteo_etl.py', '--cfg-path', '/tmp/tmpio75uiym']
[2026-01-24T08:27:26.178+0000] {standard_task_runner.py:88} INFO - Job 133: Subtask extract_weather
[2026-01-24T08:27:27.331+0000] {task_command.py:423} INFO - Running <TaskInstance: agri_meteo_etl.extract_weather scheduled__2026-01-23T00:00:00+00:00 [running]> on host 94905f87a852
[2026-01-24T08:27:27.522+0000] {taskinstance.py:2480} INFO - Exporting env vars: AIRFLOW_CTX_DAG_OWNER='***' AIRFLOW_CTX_DAG_ID='agri_meteo_etl' AIRFLOW_CTX_TASK_ID='extract_weather' AIRFLOW_CTX_EXECUTION_DATE='2026-01-23T00:00:00+00:00' AIRFLOW_CTX_TRY_NUMBER='2' AIRFLOW_CTX_DAG_RUN_ID='scheduled__2026-01-23T00:00:00+00:00'
[2026-01-24T08:27:27.523+0000] {subprocess.py:63} INFO - Tmp dir root location: /tmp
[2026-01-24T08:27:27.524+0000] {subprocess.py:75} INFO - Running command: ['/usr/bin/bash', '-c', 'docker exec spark python3 /app/scripts/extract.py']
[2026-01-24T08:27:27.577+0000] {subprocess.py:86} INFO - Output:
[2026-01-24T08:27:27.614+0000] {subprocess.py:93} INFO - Cannot connect to the Docker daemon at unix:///var/run/docker.sock. Is the docker daemon running?
[2026-01-24T08:27:27.616+0000] {subprocess.py:97} INFO - Command exited with return code 1
[2026-01-24T08:27:27.631+0000] {taskinstance.py:2698} ERROR - Task failed with exception
Traceback (most recent call last):
  File "/home/airflow/.local/lib/python3.8/site-packages/airflow/models/taskinstance.py", line 433, in _execute_task
    result = execute_callable(context=context, **execute_callable_kwargs)
  File "/home/airflow/.local/lib/python3.8/site-packages/airflow/operators/bash.py", line 212, in execute
    raise AirflowException(
airflow.exceptions.AirflowException: Bash command failed. The command returned a non-zero exit code 1.
[2026-01-24T08:27:27.635+0000] {taskinstance.py:1138} INFO - Marking task as FAILED. dag_id=agri_meteo_etl, task_id=extract_weather, execution_date=20260123T000000, start_date=20260124T082725, end_date=20260124T082727
[2026-01-24T08:27:27.702+0000] {standard_task_runner.py:107} ERROR - Failed to execute job 133 for task extract_weather (Bash command failed. The command returned a non-zero exit code 1.; 269)
[2026-01-24T08:27:27.716+0000] {local_task_job_runner.py:234} INFO - Task exited with return code 1
[2026-01-24T08:27:27.745+0000] {taskinstance.py:3280} INFO - 0 downstream tasks scheduled from follow-on schedule check
[2026-01-24T09:35:58.234+0000] {taskinstance.py:1956} INFO - Dependencies all met for dep_context=non-requeueable deps ti=<TaskInstance: agri_meteo_etl.extract_weather scheduled__2026-01-23T00:00:00+00:00 [queued]>
[2026-01-24T09:35:58.549+0000] {taskinstance.py:1956} INFO - Dependencies all met for dep_context=requeueable deps ti=<TaskInstance: agri_meteo_etl.extract_weather scheduled__2026-01-23T00:00:00+00:00 [queued]>
[2026-01-24T09:35:58.550+0000] {taskinstance.py:2170} INFO - Starting attempt 2 of 2
[2026-01-24T09:35:59.353+0000] {taskinstance.py:2191} INFO - Executing <Task(BashOperator): extract_weather> on 2026-01-23 00:00:00+00:00
[2026-01-24T09:35:59.483+0000] {standard_task_runner.py:60} INFO - Started process 1017 to run task
[2026-01-24T09:35:59.522+0000] {standard_task_runner.py:87} INFO - Running: ['***', 'tasks', 'run', 'agri_meteo_etl', 'extract_weather', 'scheduled__2026-01-23T00:00:00+00:00', '--job-id', '142', '--raw', '--subdir', 'DAGS_FOLDER/agri_meteo_etl.py', '--cfg-path', '/tmp/tmp10m7rubg']
[2026-01-24T09:35:59.524+0000] {standard_task_runner.py:88} INFO - Job 142: Subtask extract_weather
[2026-01-24T09:36:01.145+0000] {task_command.py:423} INFO - Running <TaskInstance: agri_meteo_etl.extract_weather scheduled__2026-01-23T00:00:00+00:00 [running]> on host 94905f87a852
[2026-01-24T09:36:03.184+0000] {taskinstance.py:2480} INFO - Exporting env vars: AIRFLOW_CTX_DAG_OWNER='***' AIRFLOW_CTX_DAG_ID='agri_meteo_etl' AIRFLOW_CTX_TASK_ID='extract_weather' AIRFLOW_CTX_EXECUTION_DATE='2026-01-23T00:00:00+00:00' AIRFLOW_CTX_TRY_NUMBER='2' AIRFLOW_CTX_DAG_RUN_ID='scheduled__2026-01-23T00:00:00+00:00'
[2026-01-24T09:36:03.185+0000] {subprocess.py:63} INFO - Tmp dir root location: /tmp
[2026-01-24T09:36:03.187+0000] {subprocess.py:75} INFO - Running command: ['/usr/bin/bash', '-c', 'docker exec spark python3 /app/scripts/extract.py']
[2026-01-24T09:36:03.198+0000] {subprocess.py:86} INFO - Output:
[2026-01-24T09:36:03.297+0000] {subprocess.py:93} INFO - Cannot connect to the Docker daemon at unix:///var/run/docker.sock. Is the docker daemon running?
[2026-01-24T09:36:03.298+0000] {subprocess.py:97} INFO - Command exited with return code 1
[2026-01-24T09:36:03.314+0000] {taskinstance.py:2698} ERROR - Task failed with exception
Traceback (most recent call last):
  File "/home/airflow/.local/lib/python3.8/site-packages/airflow/models/taskinstance.py", line 433, in _execute_task
    result = execute_callable(context=context, **execute_callable_kwargs)
  File "/home/airflow/.local/lib/python3.8/site-packages/airflow/operators/bash.py", line 212, in execute
    raise AirflowException(
airflow.exceptions.AirflowException: Bash command failed. The command returned a non-zero exit code 1.
[2026-01-24T09:36:03.319+0000] {taskinstance.py:1138} INFO - Marking task as FAILED. dag_id=agri_meteo_etl, task_id=extract_weather, execution_date=20260123T000000, start_date=20260124T093558, end_date=20260124T093603
[2026-01-24T09:36:03.454+0000] {standard_task_runner.py:107} ERROR - Failed to execute job 142 for task extract_weather (Bash command failed. The command returned a non-zero exit code 1.; 1017)
[2026-01-24T09:36:03.467+0000] {local_task_job_runner.py:234} INFO - Task exited with return code 1
[2026-01-24T09:36:03.624+0000] {taskinstance.py:3280} INFO - 0 downstream tasks scheduled from follow-on schedule check
[2026-01-24T09:41:49.822+0000] {taskinstance.py:1956} INFO - Dependencies all met for dep_context=non-requeueable deps ti=<TaskInstance: agri_meteo_etl.extract_weather scheduled__2026-01-23T00:00:00+00:00 [queued]>
[2026-01-24T09:41:49.832+0000] {taskinstance.py:1956} INFO - Dependencies all met for dep_context=requeueable deps ti=<TaskInstance: agri_meteo_etl.extract_weather scheduled__2026-01-23T00:00:00+00:00 [queued]>
[2026-01-24T09:41:49.833+0000] {taskinstance.py:2170} INFO - Starting attempt 2 of 2
[2026-01-24T09:41:50.043+0000] {taskinstance.py:2191} INFO - Executing <Task(BashOperator): extract_weather> on 2026-01-23 00:00:00+00:00
[2026-01-24T09:41:50.054+0000] {standard_task_runner.py:60} INFO - Started process 1095 to run task
[2026-01-24T09:41:50.105+0000] {standard_task_runner.py:87} INFO - Running: ['***', 'tasks', 'run', 'agri_meteo_etl', 'extract_weather', 'scheduled__2026-01-23T00:00:00+00:00', '--job-id', '144', '--raw', '--subdir', 'DAGS_FOLDER/agri_meteo_etl.py', '--cfg-path', '/tmp/tmp136ziszu']
[2026-01-24T09:41:50.112+0000] {standard_task_runner.py:88} INFO - Job 144: Subtask extract_weather
[2026-01-24T09:41:50.356+0000] {task_command.py:423} INFO - Running <TaskInstance: agri_meteo_etl.extract_weather scheduled__2026-01-23T00:00:00+00:00 [running]> on host 94905f87a852
[2026-01-24T09:41:52.326+0000] {taskinstance.py:2480} INFO - Exporting env vars: AIRFLOW_CTX_DAG_OWNER='***' AIRFLOW_CTX_DAG_ID='agri_meteo_etl' AIRFLOW_CTX_TASK_ID='extract_weather' AIRFLOW_CTX_EXECUTION_DATE='2026-01-23T00:00:00+00:00' AIRFLOW_CTX_TRY_NUMBER='2' AIRFLOW_CTX_DAG_RUN_ID='scheduled__2026-01-23T00:00:00+00:00'
[2026-01-24T09:41:52.358+0000] {subprocess.py:63} INFO - Tmp dir root location: /tmp
[2026-01-24T09:41:52.424+0000] {subprocess.py:75} INFO - Running command: ['/usr/bin/bash', '-c', 'docker exec spark python3 /app/scripts/extract.py']
[2026-01-24T09:41:52.696+0000] {subprocess.py:86} INFO - Output:
[2026-01-24T09:41:53.903+0000] {subprocess.py:93} INFO - Cannot connect to the Docker daemon at unix:///var/run/docker.sock. Is the docker daemon running?
[2026-01-24T09:41:53.904+0000] {subprocess.py:97} INFO - Command exited with return code 1
[2026-01-24T09:41:53.921+0000] {taskinstance.py:2698} ERROR - Task failed with exception
Traceback (most recent call last):
  File "/home/airflow/.local/lib/python3.8/site-packages/airflow/models/taskinstance.py", line 433, in _execute_task
    result = execute_callable(context=context, **execute_callable_kwargs)
  File "/home/airflow/.local/lib/python3.8/site-packages/airflow/operators/bash.py", line 212, in execute
    raise AirflowException(
airflow.exceptions.AirflowException: Bash command failed. The command returned a non-zero exit code 1.
[2026-01-24T09:41:53.925+0000] {taskinstance.py:1138} INFO - Marking task as FAILED. dag_id=agri_meteo_etl, task_id=extract_weather, execution_date=20260123T000000, start_date=20260124T094149, end_date=20260124T094153
[2026-01-24T09:41:54.001+0000] {standard_task_runner.py:107} ERROR - Failed to execute job 144 for task extract_weather (Bash command failed. The command returned a non-zero exit code 1.; 1095)
[2026-01-24T09:41:54.033+0000] {local_task_job_runner.py:234} INFO - Task exited with return code 1
[2026-01-24T09:41:54.059+0000] {taskinstance.py:3280} INFO - 0 downstream tasks scheduled from follow-on schedule check
[2026-01-24T11:53:24.587+0000] {taskinstance.py:1956} INFO - Dependencies all met for dep_context=non-requeueable deps ti=<TaskInstance: agri_meteo_etl.extract_weather scheduled__2026-01-23T00:00:00+00:00 [queued]>
[2026-01-24T11:53:24.596+0000] {taskinstance.py:1956} INFO - Dependencies all met for dep_context=requeueable deps ti=<TaskInstance: agri_meteo_etl.extract_weather scheduled__2026-01-23T00:00:00+00:00 [queued]>
[2026-01-24T11:53:24.597+0000] {taskinstance.py:2170} INFO - Starting attempt 2 of 2
[2026-01-24T11:53:42.565+0000] {taskinstance.py:2191} INFO - Executing <Task(BashOperator): extract_weather> on 2026-01-23 00:00:00+00:00
[2026-01-24T11:53:44.412+0000] {standard_task_runner.py:60} INFO - Started process 1523 to run task
[2026-01-24T11:53:44.412+0000] {standard_task_runner.py:87} INFO - Running: ['***', 'tasks', 'run', 'agri_meteo_etl', 'extract_weather', 'scheduled__2026-01-23T00:00:00+00:00', '--job-id', '148', '--raw', '--subdir', 'DAGS_FOLDER/agri_meteo_etl.py', '--cfg-path', '/tmp/tmpwqolj07_']
[2026-01-24T11:53:44.425+0000] {standard_task_runner.py:88} INFO - Job 148: Subtask extract_weather
[2026-01-24T11:53:52.309+0000] {task_command.py:423} INFO - Running <TaskInstance: agri_meteo_etl.extract_weather scheduled__2026-01-23T00:00:00+00:00 [running]> on host 94905f87a852
[2026-01-24T11:53:53.651+0000] {taskinstance.py:2480} INFO - Exporting env vars: AIRFLOW_CTX_DAG_OWNER='***' AIRFLOW_CTX_DAG_ID='agri_meteo_etl' AIRFLOW_CTX_TASK_ID='extract_weather' AIRFLOW_CTX_EXECUTION_DATE='2026-01-23T00:00:00+00:00' AIRFLOW_CTX_TRY_NUMBER='2' AIRFLOW_CTX_DAG_RUN_ID='scheduled__2026-01-23T00:00:00+00:00'
[2026-01-24T11:53:53.652+0000] {subprocess.py:63} INFO - Tmp dir root location: /tmp
[2026-01-24T11:53:53.654+0000] {subprocess.py:75} INFO - Running command: ['/usr/bin/bash', '-c', 'docker exec spark python3 /app/scripts/extract.py']
[2026-01-24T11:53:53.665+0000] {subprocess.py:86} INFO - Output:
[2026-01-24T11:53:53.681+0000] {subprocess.py:93} INFO - Cannot connect to the Docker daemon at unix:///var/run/docker.sock. Is the docker daemon running?
[2026-01-24T11:53:53.683+0000] {subprocess.py:97} INFO - Command exited with return code 1
[2026-01-24T11:53:53.698+0000] {taskinstance.py:2698} ERROR - Task failed with exception
Traceback (most recent call last):
  File "/home/airflow/.local/lib/python3.8/site-packages/airflow/models/taskinstance.py", line 433, in _execute_task
    result = execute_callable(context=context, **execute_callable_kwargs)
  File "/home/airflow/.local/lib/python3.8/site-packages/airflow/operators/bash.py", line 212, in execute
    raise AirflowException(
airflow.exceptions.AirflowException: Bash command failed. The command returned a non-zero exit code 1.
[2026-01-24T11:53:53.701+0000] {taskinstance.py:1138} INFO - Marking task as FAILED. dag_id=agri_meteo_etl, task_id=extract_weather, execution_date=20260123T000000, start_date=20260124T115324, end_date=20260124T115353
[2026-01-24T11:53:54.005+0000] {standard_task_runner.py:107} ERROR - Failed to execute job 148 for task extract_weather (Bash command failed. The command returned a non-zero exit code 1.; 1523)
[2026-01-24T11:53:54.200+0000] {local_task_job_runner.py:234} INFO - Task exited with return code 1
[2026-01-24T11:53:54.231+0000] {taskinstance.py:3280} INFO - 0 downstream tasks scheduled from follow-on schedule check
