[2026-01-30T14:15:59.362+0000] {taskinstance.py:1956} INFO - Dependencies all met for dep_context=non-requeueable deps ti=<TaskInstance: agri_meteo_etl.transform_weather scheduled__2026-01-29T00:00:00+00:00 [queued]>
[2026-01-30T14:15:59.369+0000] {taskinstance.py:1956} INFO - Dependencies all met for dep_context=requeueable deps ti=<TaskInstance: agri_meteo_etl.transform_weather scheduled__2026-01-29T00:00:00+00:00 [queued]>
[2026-01-30T14:15:59.370+0000] {taskinstance.py:2170} INFO - Starting attempt 1 of 2
[2026-01-30T14:15:59.416+0000] {taskinstance.py:2191} INFO - Executing <Task(BashOperator): transform_weather> on 2026-01-29 00:00:00+00:00
[2026-01-30T14:15:59.430+0000] {standard_task_runner.py:60} INFO - Started process 237 to run task
[2026-01-30T14:15:59.436+0000] {standard_task_runner.py:87} INFO - Running: ['***', 'tasks', 'run', 'agri_meteo_etl', 'transform_weather', 'scheduled__2026-01-29T00:00:00+00:00', '--job-id', '268', '--raw', '--subdir', 'DAGS_FOLDER/agri_meteo_etl.py', '--cfg-path', '/tmp/tmp2mh74yev']
[2026-01-30T14:15:59.440+0000] {standard_task_runner.py:88} INFO - Job 268: Subtask transform_weather
[2026-01-30T14:15:59.613+0000] {task_command.py:423} INFO - Running <TaskInstance: agri_meteo_etl.transform_weather scheduled__2026-01-29T00:00:00+00:00 [running]> on host e802c8773775
[2026-01-30T14:15:59.810+0000] {taskinstance.py:2480} INFO - Exporting env vars: AIRFLOW_CTX_DAG_OWNER='***' AIRFLOW_CTX_DAG_ID='agri_meteo_etl' AIRFLOW_CTX_TASK_ID='transform_weather' AIRFLOW_CTX_EXECUTION_DATE='2026-01-29T00:00:00+00:00' AIRFLOW_CTX_TRY_NUMBER='1' AIRFLOW_CTX_DAG_RUN_ID='scheduled__2026-01-29T00:00:00+00:00'
[2026-01-30T14:15:59.811+0000] {subprocess.py:63} INFO - Tmp dir root location: /tmp
[2026-01-30T14:15:59.812+0000] {subprocess.py:75} INFO - Running command: ['/usr/bin/bash', '-c', 'docker exec spark spark-submit /app/scripts/transform.py']
[2026-01-30T14:15:59.821+0000] {subprocess.py:86} INFO - Output:
[2026-01-30T14:16:04.881+0000] {subprocess.py:93} INFO - 2026-01-30 14:16:04,880 - INFO - Starting Agri Meteo Spark ETL
[2026-01-30T14:16:05.144+0000] {subprocess.py:93} INFO - 26/01/30 14:16:05 INFO SparkContext: Running Spark version 3.4.1
[2026-01-30T14:16:05.204+0000] {subprocess.py:93} INFO - 26/01/30 14:16:05 WARN NativeCodeLoader: Unable to load native-hadoop library for your platform... using builtin-java classes where applicable
[2026-01-30T14:16:05.325+0000] {subprocess.py:93} INFO - 26/01/30 14:16:05 INFO ResourceUtils: ==============================================================
[2026-01-30T14:16:05.325+0000] {subprocess.py:93} INFO - 26/01/30 14:16:05 INFO ResourceUtils: No custom resources configured for spark.driver.
[2026-01-30T14:16:05.326+0000] {subprocess.py:93} INFO - 26/01/30 14:16:05 INFO ResourceUtils: ==============================================================
[2026-01-30T14:16:05.327+0000] {subprocess.py:93} INFO - 26/01/30 14:16:05 INFO SparkContext: Submitted application: AgriMeteoETL
[2026-01-30T14:16:05.355+0000] {subprocess.py:93} INFO - 26/01/30 14:16:05 INFO ResourceProfile: Default ResourceProfile created, executor resources: Map(cores -> name: cores, amount: 1, script: , vendor: , memory -> name: memory, amount: 1024, script: , vendor: , offHeap -> name: offHeap, amount: 0, script: , vendor: ), task resources: Map(cpus -> name: cpus, amount: 1.0)
[2026-01-30T14:16:05.372+0000] {subprocess.py:93} INFO - 26/01/30 14:16:05 INFO ResourceProfile: Limiting resource is cpu
[2026-01-30T14:16:05.373+0000] {subprocess.py:93} INFO - 26/01/30 14:16:05 INFO ResourceProfileManager: Added ResourceProfile id: 0
[2026-01-30T14:16:05.600+0000] {subprocess.py:93} INFO - 26/01/30 14:16:05 INFO SecurityManager: Changing view acls to: spark
[2026-01-30T14:16:05.601+0000] {subprocess.py:93} INFO - 26/01/30 14:16:05 INFO SecurityManager: Changing modify acls to: spark
[2026-01-30T14:16:05.601+0000] {subprocess.py:93} INFO - 26/01/30 14:16:05 INFO SecurityManager: Changing view acls groups to:
[2026-01-30T14:16:05.602+0000] {subprocess.py:93} INFO - 26/01/30 14:16:05 INFO SecurityManager: Changing modify acls groups to:
[2026-01-30T14:16:05.603+0000] {subprocess.py:93} INFO - 26/01/30 14:16:05 INFO SecurityManager: SecurityManager: authentication disabled; ui acls disabled; users with view permissions: spark; groups with view permissions: EMPTY; users with modify permissions: spark; groups with modify permissions: EMPTY
[2026-01-30T14:16:05.894+0000] {subprocess.py:93} INFO - 26/01/30 14:16:05 INFO Utils: Successfully started service 'sparkDriver' on port 33913.
[2026-01-30T14:16:06.018+0000] {subprocess.py:93} INFO - 26/01/30 14:16:06 INFO SparkEnv: Registering MapOutputTracker
[2026-01-30T14:16:06.095+0000] {subprocess.py:93} INFO - 26/01/30 14:16:06 INFO SparkEnv: Registering BlockManagerMaster
[2026-01-30T14:16:06.182+0000] {subprocess.py:93} INFO - 26/01/30 14:16:06 INFO BlockManagerMasterEndpoint: Using org.apache.spark.storage.DefaultTopologyMapper for getting topology information
[2026-01-30T14:16:06.183+0000] {subprocess.py:93} INFO - 26/01/30 14:16:06 INFO BlockManagerMasterEndpoint: BlockManagerMasterEndpoint up
[2026-01-30T14:16:06.208+0000] {subprocess.py:93} INFO - 26/01/30 14:16:06 INFO SparkEnv: Registering BlockManagerMasterHeartbeat
[2026-01-30T14:16:06.323+0000] {subprocess.py:93} INFO - 26/01/30 14:16:06 INFO DiskBlockManager: Created local directory at /tmp/blockmgr-e95684f9-6bd3-468d-990f-3ed91130ff95
[2026-01-30T14:16:06.371+0000] {subprocess.py:93} INFO - 26/01/30 14:16:06 INFO MemoryStore: MemoryStore started with capacity 434.4 MiB
[2026-01-30T14:16:06.391+0000] {subprocess.py:93} INFO - 26/01/30 14:16:06 INFO SparkEnv: Registering OutputCommitCoordinator
[2026-01-30T14:16:06.615+0000] {subprocess.py:93} INFO - 26/01/30 14:16:06 INFO JettyUtils: Start Jetty 0.0.0.0:4040 for SparkUI
[2026-01-30T14:16:06.677+0000] {subprocess.py:93} INFO - 26/01/30 14:16:06 INFO Utils: Successfully started service 'SparkUI' on port 4040.
[2026-01-30T14:16:07.127+0000] {subprocess.py:93} INFO - 26/01/30 14:16:07 INFO Executor: Starting executor ID driver on host 47691349ff05
[2026-01-30T14:16:07.134+0000] {subprocess.py:93} INFO - 26/01/30 14:16:07 INFO Executor: Starting executor with user classpath (userClassPathFirst = false): ''
[2026-01-30T14:16:07.177+0000] {subprocess.py:93} INFO - 26/01/30 14:16:07 INFO Utils: Successfully started service 'org.apache.spark.network.netty.NettyBlockTransferService' on port 44523.
[2026-01-30T14:16:07.178+0000] {subprocess.py:93} INFO - 26/01/30 14:16:07 INFO NettyBlockTransferService: Server created on 47691349ff05:44523
[2026-01-30T14:16:07.181+0000] {subprocess.py:93} INFO - 26/01/30 14:16:07 INFO BlockManager: Using org.apache.spark.storage.RandomBlockReplicationPolicy for block replication policy
[2026-01-30T14:16:07.191+0000] {subprocess.py:93} INFO - 26/01/30 14:16:07 INFO BlockManagerMaster: Registering BlockManager BlockManagerId(driver, 47691349ff05, 44523, None)
[2026-01-30T14:16:07.196+0000] {subprocess.py:93} INFO - 26/01/30 14:16:07 INFO BlockManagerMasterEndpoint: Registering block manager 47691349ff05:44523 with 434.4 MiB RAM, BlockManagerId(driver, 47691349ff05, 44523, None)
[2026-01-30T14:16:07.199+0000] {subprocess.py:93} INFO - 26/01/30 14:16:07 INFO BlockManagerMaster: Registered BlockManager BlockManagerId(driver, 47691349ff05, 44523, None)
[2026-01-30T14:16:07.202+0000] {subprocess.py:93} INFO - 26/01/30 14:16:07 INFO BlockManager: Initialized BlockManager: BlockManagerId(driver, 47691349ff05, 44523, None)
[2026-01-30T14:16:13.444+0000] {subprocess.py:93} INFO - 2026-01-30 14:16:13,441 - INFO - Reading raw data from /app/data/raw/weather.csv
[2026-01-30T14:17:20.233+0000] {subprocess.py:93} INFO - 2026-01-30 14:17:20,229 - INFO - Raw rows count: 7
[2026-01-30T14:17:20.840+0000] {subprocess.py:93} INFO - 2026-01-30 14:17:20,829 - INFO - Clean rows count: 7
[2026-01-30T14:17:20.927+0000] {subprocess.py:93} INFO - 2026-01-30 14:17:20,926 - INFO - KPI climate_risk computed
[2026-01-30T14:17:48.260+0000] {subprocess.py:93} INFO - 2026-01-30 14:17:48,258 - INFO - Parquet written to /app/data/processed/weather
[2026-01-30T14:18:00.832+0000] {subprocess.py:93} INFO - 2026-01-30 14:18:00,831 - INFO - Data successfully loaded into PostgreSQL
[2026-01-30T14:18:01.174+0000] {subprocess.py:93} INFO - 2026-01-30 14:18:01,171 - INFO - Spark ETL finished successfully
[2026-01-30T14:18:01.506+0000] {subprocess.py:97} INFO - Command exited with return code 0
[2026-01-30T14:18:01.711+0000] {taskinstance.py:1138} INFO - Marking task as SUCCESS. dag_id=agri_meteo_etl, task_id=transform_weather, execution_date=20260129T000000, start_date=20260130T141559, end_date=20260130T141801
[2026-01-30T14:18:01.948+0000] {local_task_job_runner.py:234} INFO - Task exited with return code 0
[2026-01-30T14:18:01.987+0000] {taskinstance.py:3280} INFO - 1 downstream tasks scheduled from follow-on schedule check
