[2026-01-21T08:09:54.693+0000] {taskinstance.py:1956} INFO - Dependencies all met for dep_context=non-requeueable deps ti=<TaskInstance: agri_meteo_etl.extract_weather scheduled__2026-01-20T00:00:00+00:00 [queued]>
[2026-01-21T08:09:54.709+0000] {taskinstance.py:1956} INFO - Dependencies all met for dep_context=requeueable deps ti=<TaskInstance: agri_meteo_etl.extract_weather scheduled__2026-01-20T00:00:00+00:00 [queued]>
[2026-01-21T08:09:54.711+0000] {taskinstance.py:2170} INFO - Starting attempt 2 of 2
[2026-01-21T08:09:54.795+0000] {taskinstance.py:2191} INFO - Executing <Task(BashOperator): extract_weather> on 2026-01-20 00:00:00+00:00
[2026-01-21T08:09:54.802+0000] {standard_task_runner.py:60} INFO - Started process 313 to run task
[2026-01-21T08:09:54.808+0000] {standard_task_runner.py:87} INFO - Running: ['***', 'tasks', 'run', 'agri_meteo_etl', 'extract_weather', 'scheduled__2026-01-20T00:00:00+00:00', '--job-id', '6', '--raw', '--subdir', 'DAGS_FOLDER/agri_meteo_etl.py', '--cfg-path', '/tmp/tmp4t77tawd']
[2026-01-21T08:09:54.813+0000] {standard_task_runner.py:88} INFO - Job 6: Subtask extract_weather
[2026-01-21T08:09:55.092+0000] {task_command.py:423} INFO - Running <TaskInstance: agri_meteo_etl.extract_weather scheduled__2026-01-20T00:00:00+00:00 [running]> on host e6e8839e5de9
[2026-01-21T08:09:55.311+0000] {taskinstance.py:2480} INFO - Exporting env vars: AIRFLOW_CTX_DAG_OWNER='***' AIRFLOW_CTX_DAG_ID='agri_meteo_etl' AIRFLOW_CTX_TASK_ID='extract_weather' AIRFLOW_CTX_EXECUTION_DATE='2026-01-20T00:00:00+00:00' AIRFLOW_CTX_TRY_NUMBER='2' AIRFLOW_CTX_DAG_RUN_ID='scheduled__2026-01-20T00:00:00+00:00'
[2026-01-21T08:09:55.316+0000] {subprocess.py:63} INFO - Tmp dir root location: /tmp
[2026-01-21T08:09:55.318+0000] {subprocess.py:75} INFO - Running command: ['/usr/bin/bash', '-c', 'docker exec spark python3 /app/scripts/extract.py']
[2026-01-21T08:09:55.336+0000] {subprocess.py:86} INFO - Output:
[2026-01-21T08:09:55.386+0000] {subprocess.py:93} INFO - Cannot connect to the Docker daemon at unix:///var/run/docker.sock. Is the docker daemon running?
[2026-01-21T08:09:55.389+0000] {subprocess.py:97} INFO - Command exited with return code 1
[2026-01-21T08:09:55.415+0000] {taskinstance.py:2698} ERROR - Task failed with exception
Traceback (most recent call last):
  File "/home/airflow/.local/lib/python3.8/site-packages/airflow/models/taskinstance.py", line 433, in _execute_task
    result = execute_callable(context=context, **execute_callable_kwargs)
  File "/home/airflow/.local/lib/python3.8/site-packages/airflow/operators/bash.py", line 212, in execute
    raise AirflowException(
airflow.exceptions.AirflowException: Bash command failed. The command returned a non-zero exit code 1.
[2026-01-21T08:09:55.422+0000] {taskinstance.py:1138} INFO - Marking task as FAILED. dag_id=agri_meteo_etl, task_id=extract_weather, execution_date=20260120T000000, start_date=20260121T080954, end_date=20260121T080955
[2026-01-21T08:09:55.476+0000] {standard_task_runner.py:107} ERROR - Failed to execute job 6 for task extract_weather (Bash command failed. The command returned a non-zero exit code 1.; 313)
[2026-01-21T08:09:55.545+0000] {local_task_job_runner.py:234} INFO - Task exited with return code 1
[2026-01-21T08:09:55.627+0000] {taskinstance.py:3280} INFO - 0 downstream tasks scheduled from follow-on schedule check
[2026-01-21T17:36:44.403+0000] {taskinstance.py:1956} INFO - Dependencies all met for dep_context=non-requeueable deps ti=<TaskInstance: agri_meteo_etl.extract_weather scheduled__2026-01-20T00:00:00+00:00 [queued]>
[2026-01-21T17:36:44.414+0000] {taskinstance.py:1956} INFO - Dependencies all met for dep_context=requeueable deps ti=<TaskInstance: agri_meteo_etl.extract_weather scheduled__2026-01-20T00:00:00+00:00 [queued]>
[2026-01-21T17:36:44.414+0000] {taskinstance.py:2170} INFO - Starting attempt 2 of 2
[2026-01-21T17:36:44.483+0000] {taskinstance.py:2191} INFO - Executing <Task(BashOperator): extract_weather> on 2026-01-20 00:00:00+00:00
[2026-01-21T17:36:44.495+0000] {standard_task_runner.py:60} INFO - Started process 730 to run task
[2026-01-21T17:36:44.505+0000] {standard_task_runner.py:87} INFO - Running: ['***', 'tasks', 'run', 'agri_meteo_etl', 'extract_weather', 'scheduled__2026-01-20T00:00:00+00:00', '--job-id', '53', '--raw', '--subdir', 'DAGS_FOLDER/agri_meteo_etl.py', '--cfg-path', '/tmp/tmpry2glyx7']
[2026-01-21T17:36:44.509+0000] {standard_task_runner.py:88} INFO - Job 53: Subtask extract_weather
[2026-01-21T17:36:44.661+0000] {task_command.py:423} INFO - Running <TaskInstance: agri_meteo_etl.extract_weather scheduled__2026-01-20T00:00:00+00:00 [running]> on host 1d0715884e58
[2026-01-21T17:36:44.815+0000] {taskinstance.py:2480} INFO - Exporting env vars: AIRFLOW_CTX_DAG_OWNER='***' AIRFLOW_CTX_DAG_ID='agri_meteo_etl' AIRFLOW_CTX_TASK_ID='extract_weather' AIRFLOW_CTX_EXECUTION_DATE='2026-01-20T00:00:00+00:00' AIRFLOW_CTX_TRY_NUMBER='2' AIRFLOW_CTX_DAG_RUN_ID='scheduled__2026-01-20T00:00:00+00:00'
[2026-01-21T17:36:44.817+0000] {subprocess.py:63} INFO - Tmp dir root location: /tmp
[2026-01-21T17:36:44.818+0000] {subprocess.py:75} INFO - Running command: ['/usr/bin/bash', '-c', 'docker exec spark python3 /app/scripts/extract.py']
[2026-01-21T17:36:44.829+0000] {subprocess.py:86} INFO - Output:
[2026-01-21T17:36:44.905+0000] {subprocess.py:93} INFO - Cannot connect to the Docker daemon at unix:///var/run/docker.sock. Is the docker daemon running?
[2026-01-21T17:36:44.906+0000] {subprocess.py:97} INFO - Command exited with return code 1
[2026-01-21T17:36:44.921+0000] {taskinstance.py:2698} ERROR - Task failed with exception
Traceback (most recent call last):
  File "/home/airflow/.local/lib/python3.8/site-packages/airflow/models/taskinstance.py", line 433, in _execute_task
    result = execute_callable(context=context, **execute_callable_kwargs)
  File "/home/airflow/.local/lib/python3.8/site-packages/airflow/operators/bash.py", line 212, in execute
    raise AirflowException(
airflow.exceptions.AirflowException: Bash command failed. The command returned a non-zero exit code 1.
[2026-01-21T17:36:44.925+0000] {taskinstance.py:1138} INFO - Marking task as FAILED. dag_id=agri_meteo_etl, task_id=extract_weather, execution_date=20260120T000000, start_date=20260121T173644, end_date=20260121T173644
[2026-01-21T17:36:44.971+0000] {standard_task_runner.py:107} ERROR - Failed to execute job 53 for task extract_weather (Bash command failed. The command returned a non-zero exit code 1.; 730)
[2026-01-21T17:36:44.999+0000] {local_task_job_runner.py:234} INFO - Task exited with return code 1
[2026-01-21T17:36:45.036+0000] {taskinstance.py:3280} INFO - 0 downstream tasks scheduled from follow-on schedule check
