[2026-01-23T17:37:03.857+0000] {taskinstance.py:1956} INFO - Dependencies all met for dep_context=non-requeueable deps ti=<TaskInstance: agri_meteo_etl.transform_weather manual__2026-01-23T17:13:31.868535+00:00 [queued]>
[2026-01-23T17:37:03.865+0000] {taskinstance.py:1956} INFO - Dependencies all met for dep_context=requeueable deps ti=<TaskInstance: agri_meteo_etl.transform_weather manual__2026-01-23T17:13:31.868535+00:00 [queued]>
[2026-01-23T17:37:03.866+0000] {taskinstance.py:2170} INFO - Starting attempt 1 of 2
[2026-01-23T17:37:03.918+0000] {taskinstance.py:2191} INFO - Executing <Task(BashOperator): transform_weather> on 2026-01-23 17:13:31.868535+00:00
[2026-01-23T17:37:03.932+0000] {standard_task_runner.py:60} INFO - Started process 3938 to run task
[2026-01-23T17:37:03.939+0000] {standard_task_runner.py:87} INFO - Running: ['***', 'tasks', 'run', 'agri_meteo_etl', 'transform_weather', 'manual__2026-01-23T17:13:31.868535+00:00', '--job-id', '79', '--raw', '--subdir', 'DAGS_FOLDER/agri_meteo_etl.py', '--cfg-path', '/tmp/tmpculo535c']
[2026-01-23T17:37:03.944+0000] {standard_task_runner.py:88} INFO - Job 79: Subtask transform_weather
[2026-01-23T17:37:04.143+0000] {task_command.py:423} INFO - Running <TaskInstance: agri_meteo_etl.transform_weather manual__2026-01-23T17:13:31.868535+00:00 [running]> on host fb0a8efbb54b
[2026-01-23T17:37:04.341+0000] {taskinstance.py:2480} INFO - Exporting env vars: AIRFLOW_CTX_DAG_OWNER='***' AIRFLOW_CTX_DAG_ID='agri_meteo_etl' AIRFLOW_CTX_TASK_ID='transform_weather' AIRFLOW_CTX_EXECUTION_DATE='2026-01-23T17:13:31.868535+00:00' AIRFLOW_CTX_TRY_NUMBER='1' AIRFLOW_CTX_DAG_RUN_ID='manual__2026-01-23T17:13:31.868535+00:00'
[2026-01-23T17:37:04.344+0000] {subprocess.py:63} INFO - Tmp dir root location: /tmp
[2026-01-23T17:37:04.345+0000] {subprocess.py:75} INFO - Running command: ['/usr/bin/bash', '-c', 'docker exec spark spark-submit /app/scripts/transform.py']
[2026-01-23T17:37:04.355+0000] {subprocess.py:86} INFO - Output:
[2026-01-23T17:37:04.369+0000] {subprocess.py:93} INFO - Cannot connect to the Docker daemon at unix:///var/run/docker.sock. Is the docker daemon running?
[2026-01-23T17:37:04.371+0000] {subprocess.py:97} INFO - Command exited with return code 1
[2026-01-23T17:37:04.383+0000] {taskinstance.py:2698} ERROR - Task failed with exception
Traceback (most recent call last):
  File "/home/airflow/.local/lib/python3.8/site-packages/airflow/models/taskinstance.py", line 433, in _execute_task
    result = execute_callable(context=context, **execute_callable_kwargs)
  File "/home/airflow/.local/lib/python3.8/site-packages/airflow/operators/bash.py", line 212, in execute
    raise AirflowException(
airflow.exceptions.AirflowException: Bash command failed. The command returned a non-zero exit code 1.
[2026-01-23T17:37:04.386+0000] {taskinstance.py:1138} INFO - Marking task as UP_FOR_RETRY. dag_id=agri_meteo_etl, task_id=transform_weather, execution_date=20260123T171331, start_date=20260123T173703, end_date=20260123T173704
[2026-01-23T17:37:04.426+0000] {standard_task_runner.py:107} ERROR - Failed to execute job 79 for task transform_weather (Bash command failed. The command returned a non-zero exit code 1.; 3938)
[2026-01-23T17:37:04.475+0000] {local_task_job_runner.py:234} INFO - Task exited with return code 1
[2026-01-23T17:37:04.516+0000] {taskinstance.py:3280} INFO - 0 downstream tasks scheduled from follow-on schedule check
