[2026-01-27T09:18:57.579+0000] {taskinstance.py:1956} INFO - Dependencies all met for dep_context=non-requeueable deps ti=<TaskInstance: agri_meteo_etl.transform_weather scheduled__2026-01-26T00:00:00+00:00 [queued]>
[2026-01-27T09:18:57.588+0000] {taskinstance.py:1956} INFO - Dependencies all met for dep_context=requeueable deps ti=<TaskInstance: agri_meteo_etl.transform_weather scheduled__2026-01-26T00:00:00+00:00 [queued]>
[2026-01-27T09:18:57.588+0000] {taskinstance.py:2170} INFO - Starting attempt 1 of 2
[2026-01-27T09:18:57.641+0000] {taskinstance.py:2191} INFO - Executing <Task(BashOperator): transform_weather> on 2026-01-26 00:00:00+00:00
[2026-01-27T09:18:57.654+0000] {standard_task_runner.py:60} INFO - Started process 256 to run task
[2026-01-27T09:18:57.661+0000] {standard_task_runner.py:87} INFO - Running: ['***', 'tasks', 'run', 'agri_meteo_etl', 'transform_weather', 'scheduled__2026-01-26T00:00:00+00:00', '--job-id', '246', '--raw', '--subdir', 'DAGS_FOLDER/agri_meteo_etl.py', '--cfg-path', '/tmp/tmpcpcdjf2k']
[2026-01-27T09:18:57.664+0000] {standard_task_runner.py:88} INFO - Job 246: Subtask transform_weather
[2026-01-27T09:18:57.837+0000] {task_command.py:423} INFO - Running <TaskInstance: agri_meteo_etl.transform_weather scheduled__2026-01-26T00:00:00+00:00 [running]> on host e802c8773775
[2026-01-27T09:18:58.093+0000] {taskinstance.py:2480} INFO - Exporting env vars: AIRFLOW_CTX_DAG_OWNER='***' AIRFLOW_CTX_DAG_ID='agri_meteo_etl' AIRFLOW_CTX_TASK_ID='transform_weather' AIRFLOW_CTX_EXECUTION_DATE='2026-01-26T00:00:00+00:00' AIRFLOW_CTX_TRY_NUMBER='1' AIRFLOW_CTX_DAG_RUN_ID='scheduled__2026-01-26T00:00:00+00:00'
[2026-01-27T09:18:58.096+0000] {subprocess.py:63} INFO - Tmp dir root location: /tmp
[2026-01-27T09:18:58.097+0000] {subprocess.py:75} INFO - Running command: ['/usr/bin/bash', '-c', 'docker exec spark spark-submit /app/scripts/transform.py']
[2026-01-27T09:18:58.107+0000] {subprocess.py:86} INFO - Output:
[2026-01-27T09:19:51.739+0000] {subprocess.py:93} INFO - 2026-01-27 09:19:51,737 - INFO - Starting Agri Meteo Spark ETL
[2026-01-27T09:19:52.802+0000] {subprocess.py:93} INFO - 26/01/27 09:19:52 INFO SparkContext: Running Spark version 3.4.1
[2026-01-27T09:19:53.943+0000] {subprocess.py:93} INFO - 26/01/27 09:19:53 WARN NativeCodeLoader: Unable to load native-hadoop library for your platform... using builtin-java classes where applicable
[2026-01-27T09:19:55.356+0000] {subprocess.py:93} INFO - 26/01/27 09:19:55 INFO ResourceUtils: ==============================================================
[2026-01-27T09:19:55.357+0000] {subprocess.py:93} INFO - 26/01/27 09:19:55 INFO ResourceUtils: No custom resources configured for spark.driver.
[2026-01-27T09:19:55.359+0000] {subprocess.py:93} INFO - 26/01/27 09:19:55 INFO ResourceUtils: ==============================================================
[2026-01-27T09:19:55.360+0000] {subprocess.py:93} INFO - 26/01/27 09:19:55 INFO SparkContext: Submitted application: AgriMeteoETL
[2026-01-27T09:19:55.516+0000] {subprocess.py:93} INFO - 26/01/27 09:19:55 INFO ResourceProfile: Default ResourceProfile created, executor resources: Map(cores -> name: cores, amount: 1, script: , vendor: , memory -> name: memory, amount: 1024, script: , vendor: , offHeap -> name: offHeap, amount: 0, script: , vendor: ), task resources: Map(cpus -> name: cpus, amount: 1.0)
[2026-01-27T09:19:55.533+0000] {subprocess.py:93} INFO - 26/01/27 09:19:55 INFO ResourceProfile: Limiting resource is cpu
[2026-01-27T09:19:55.534+0000] {subprocess.py:93} INFO - 26/01/27 09:19:55 INFO ResourceProfileManager: Added ResourceProfile id: 0
[2026-01-27T09:19:56.305+0000] {subprocess.py:93} INFO - 26/01/27 09:19:56 INFO SecurityManager: Changing view acls to: spark
[2026-01-27T09:19:56.306+0000] {subprocess.py:93} INFO - 26/01/27 09:19:56 INFO SecurityManager: Changing modify acls to: spark
[2026-01-27T09:19:56.307+0000] {subprocess.py:93} INFO - 26/01/27 09:19:56 INFO SecurityManager: Changing view acls groups to:
[2026-01-27T09:19:56.308+0000] {subprocess.py:93} INFO - 26/01/27 09:19:56 INFO SecurityManager: Changing modify acls groups to:
[2026-01-27T09:19:56.309+0000] {subprocess.py:93} INFO - 26/01/27 09:19:56 INFO SecurityManager: SecurityManager: authentication disabled; ui acls disabled; users with view permissions: spark; groups with view permissions: EMPTY; users with modify permissions: spark; groups with modify permissions: EMPTY
[2026-01-27T09:19:58.078+0000] {subprocess.py:93} INFO - 26/01/27 09:19:58 INFO Utils: Successfully started service 'sparkDriver' on port 35351.
[2026-01-27T09:19:58.287+0000] {subprocess.py:93} INFO - 26/01/27 09:19:58 INFO SparkEnv: Registering MapOutputTracker
[2026-01-27T09:19:58.569+0000] {subprocess.py:93} INFO - 26/01/27 09:19:58 INFO SparkEnv: Registering BlockManagerMaster
[2026-01-27T09:19:58.747+0000] {subprocess.py:93} INFO - 26/01/27 09:19:58 INFO BlockManagerMasterEndpoint: Using org.apache.spark.storage.DefaultTopologyMapper for getting topology information
[2026-01-27T09:19:58.748+0000] {subprocess.py:93} INFO - 26/01/27 09:19:58 INFO BlockManagerMasterEndpoint: BlockManagerMasterEndpoint up
[2026-01-27T09:19:58.774+0000] {subprocess.py:93} INFO - 26/01/27 09:19:58 INFO SparkEnv: Registering BlockManagerMasterHeartbeat
[2026-01-27T09:19:58.985+0000] {subprocess.py:93} INFO - 26/01/27 09:19:58 INFO DiskBlockManager: Created local directory at /tmp/blockmgr-6923395f-dc3b-40e4-af88-74d6dbf3c3c9
[2026-01-27T09:19:59.075+0000] {subprocess.py:93} INFO - 26/01/27 09:19:59 INFO MemoryStore: MemoryStore started with capacity 434.4 MiB
[2026-01-27T09:19:59.223+0000] {subprocess.py:93} INFO - 26/01/27 09:19:59 INFO SparkEnv: Registering OutputCommitCoordinator
[2026-01-27T09:20:00.825+0000] {subprocess.py:93} INFO - 26/01/27 09:20:00 INFO JettyUtils: Start Jetty 0.0.0.0:4040 for SparkUI
[2026-01-27T09:20:01.467+0000] {subprocess.py:93} INFO - 26/01/27 09:20:01 INFO Utils: Successfully started service 'SparkUI' on port 4040.
[2026-01-27T09:20:03.243+0000] {subprocess.py:93} INFO - 26/01/27 09:20:03 INFO Executor: Starting executor ID driver on host 37b87ca46d2a
[2026-01-27T09:20:03.591+0000] {subprocess.py:93} INFO - 26/01/27 09:20:03 INFO Executor: Starting executor with user classpath (userClassPathFirst = false): ''
[2026-01-27T09:20:04.993+0000] {subprocess.py:93} INFO - 26/01/27 09:20:04 INFO Utils: Successfully started service 'org.apache.spark.network.netty.NettyBlockTransferService' on port 45035.
[2026-01-27T09:20:04.995+0000] {subprocess.py:93} INFO - 26/01/27 09:20:04 INFO NettyBlockTransferService: Server created on 37b87ca46d2a:45035
[2026-01-27T09:20:05.117+0000] {subprocess.py:93} INFO - 26/01/27 09:20:05 INFO BlockManager: Using org.apache.spark.storage.RandomBlockReplicationPolicy for block replication policy
[2026-01-27T09:20:05.392+0000] {subprocess.py:93} INFO - 26/01/27 09:20:05 INFO BlockManagerMaster: Registering BlockManager BlockManagerId(driver, 37b87ca46d2a, 45035, None)
[2026-01-27T09:20:05.624+0000] {subprocess.py:93} INFO - 26/01/27 09:20:05 INFO BlockManagerMasterEndpoint: Registering block manager 37b87ca46d2a:45035 with 434.4 MiB RAM, BlockManagerId(driver, 37b87ca46d2a, 45035, None)
[2026-01-27T09:20:05.808+0000] {subprocess.py:93} INFO - 26/01/27 09:20:05 INFO BlockManagerMaster: Registered BlockManager BlockManagerId(driver, 37b87ca46d2a, 45035, None)
[2026-01-27T09:20:05.813+0000] {subprocess.py:93} INFO - 26/01/27 09:20:05 INFO BlockManager: Initialized BlockManager: BlockManagerId(driver, 37b87ca46d2a, 45035, None)
[2026-01-27T09:20:11.059+0000] {subprocess.py:93} INFO - 2026-01-27 09:20:11,056 - INFO - Reading raw data from /app/data/raw/weather.csv
[2026-01-27T09:20:29.003+0000] {subprocess.py:93} INFO - 2026-01-27 09:20:29,001 - INFO - Raw rows count: 7
[2026-01-27T09:20:29.312+0000] {subprocess.py:93} INFO - 2026-01-27 09:20:29,311 - INFO - Clean rows count: 7
[2026-01-27T09:20:29.388+0000] {subprocess.py:93} INFO - 2026-01-27 09:20:29,387 - INFO - KPI climate_risk computed
[2026-01-27T09:20:51.240+0000] {subprocess.py:93} INFO - 2026-01-27 09:20:51,238 - INFO - Parquet written to /app/data/processed/weather
[2026-01-27T09:20:52.501+0000] {subprocess.py:93} INFO - Traceback (most recent call last):
[2026-01-27T09:20:52.501+0000] {subprocess.py:93} INFO -   File "/app/scripts/transform.py", line 76, in <module>
[2026-01-27T09:20:52.503+0000] {subprocess.py:93} INFO -     df_kpi.write \
[2026-01-27T09:20:52.504+0000] {subprocess.py:93} INFO -   File "/opt/spark/python/lib/pyspark.zip/pyspark/sql/readwriter.py", line 1396, in save
[2026-01-27T09:20:52.504+0000] {subprocess.py:93} INFO -   File "/opt/spark/python/lib/py4j-0.10.9.7-src.zip/py4j/java_gateway.py", line 1322, in __call__
[2026-01-27T09:20:52.505+0000] {subprocess.py:93} INFO -   File "/opt/spark/python/lib/pyspark.zip/pyspark/errors/exceptions/captured.py", line 169, in deco
[2026-01-27T09:20:52.506+0000] {subprocess.py:93} INFO -   File "/opt/spark/python/lib/py4j-0.10.9.7-src.zip/py4j/protocol.py", line 326, in get_return_value
[2026-01-27T09:20:52.509+0000] {subprocess.py:93} INFO - py4j.protocol.Py4JJavaError: An error occurred while calling o70.save.
[2026-01-27T09:20:52.509+0000] {subprocess.py:93} INFO - : java.lang.ClassNotFoundException: org.postgresql.Driver
[2026-01-27T09:20:52.510+0000] {subprocess.py:93} INFO - 	at java.base/java.net.URLClassLoader.findClass(Unknown Source)
[2026-01-27T09:20:52.510+0000] {subprocess.py:93} INFO - 	at java.base/java.lang.ClassLoader.loadClass(Unknown Source)
[2026-01-27T09:20:52.510+0000] {subprocess.py:93} INFO - 	at java.base/java.lang.ClassLoader.loadClass(Unknown Source)
[2026-01-27T09:20:52.511+0000] {subprocess.py:93} INFO - 	at org.apache.spark.sql.execution.datasources.jdbc.DriverRegistry$.register(DriverRegistry.scala:46)
[2026-01-27T09:20:52.511+0000] {subprocess.py:93} INFO - 	at org.apache.spark.sql.execution.datasources.jdbc.JDBCOptions.$anonfun$driverClass$1(JDBCOptions.scala:103)
[2026-01-27T09:20:52.511+0000] {subprocess.py:93} INFO - 	at org.apache.spark.sql.execution.datasources.jdbc.JDBCOptions.$anonfun$driverClass$1$adapted(JDBCOptions.scala:103)
[2026-01-27T09:20:52.512+0000] {subprocess.py:93} INFO - 	at scala.Option.foreach(Option.scala:407)
[2026-01-27T09:20:52.512+0000] {subprocess.py:93} INFO - 	at org.apache.spark.sql.execution.datasources.jdbc.JDBCOptions.<init>(JDBCOptions.scala:103)
[2026-01-27T09:20:52.512+0000] {subprocess.py:93} INFO - 	at org.apache.spark.sql.execution.datasources.jdbc.JdbcOptionsInWrite.<init>(JDBCOptions.scala:246)
[2026-01-27T09:20:52.513+0000] {subprocess.py:93} INFO - 	at org.apache.spark.sql.execution.datasources.jdbc.JdbcOptionsInWrite.<init>(JDBCOptions.scala:250)
[2026-01-27T09:20:52.513+0000] {subprocess.py:93} INFO - 	at org.apache.spark.sql.execution.datasources.jdbc.JdbcRelationProvider.createRelation(JdbcRelationProvider.scala:47)
[2026-01-27T09:20:52.513+0000] {subprocess.py:93} INFO - 	at org.apache.spark.sql.execution.datasources.SaveIntoDataSourceCommand.run(SaveIntoDataSourceCommand.scala:47)
[2026-01-27T09:20:52.514+0000] {subprocess.py:93} INFO - 	at org.apache.spark.sql.execution.command.ExecutedCommandExec.sideEffectResult$lzycompute(commands.scala:75)
[2026-01-27T09:20:52.514+0000] {subprocess.py:93} INFO - 	at org.apache.spark.sql.execution.command.ExecutedCommandExec.sideEffectResult(commands.scala:73)
[2026-01-27T09:20:52.514+0000] {subprocess.py:93} INFO - 	at org.apache.spark.sql.execution.command.ExecutedCommandExec.executeCollect(commands.scala:84)
[2026-01-27T09:20:52.515+0000] {subprocess.py:93} INFO - 	at org.apache.spark.sql.execution.QueryExecution$$anonfun$eagerlyExecuteCommands$1.$anonfun$applyOrElse$1(QueryExecution.scala:98)
[2026-01-27T09:20:52.515+0000] {subprocess.py:93} INFO - 	at org.apache.spark.sql.execution.SQLExecution$.$anonfun$withNewExecutionId$6(SQLExecution.scala:118)
[2026-01-27T09:20:52.515+0000] {subprocess.py:93} INFO - 	at org.apache.spark.sql.execution.SQLExecution$.withSQLConfPropagated(SQLExecution.scala:195)
[2026-01-27T09:20:52.516+0000] {subprocess.py:93} INFO - 	at org.apache.spark.sql.execution.SQLExecution$.$anonfun$withNewExecutionId$1(SQLExecution.scala:103)
[2026-01-27T09:20:52.517+0000] {subprocess.py:93} INFO - 	at org.apache.spark.sql.SparkSession.withActive(SparkSession.scala:827)
[2026-01-27T09:20:52.517+0000] {subprocess.py:93} INFO - 	at org.apache.spark.sql.execution.SQLExecution$.withNewExecutionId(SQLExecution.scala:65)
[2026-01-27T09:20:52.518+0000] {subprocess.py:93} INFO - 	at org.apache.spark.sql.execution.QueryExecution$$anonfun$eagerlyExecuteCommands$1.applyOrElse(QueryExecution.scala:98)
[2026-01-27T09:20:52.518+0000] {subprocess.py:93} INFO - 	at org.apache.spark.sql.execution.QueryExecution$$anonfun$eagerlyExecuteCommands$1.applyOrElse(QueryExecution.scala:94)
[2026-01-27T09:20:52.518+0000] {subprocess.py:93} INFO - 	at org.apache.spark.sql.catalyst.trees.TreeNode.$anonfun$transformDownWithPruning$1(TreeNode.scala:512)
[2026-01-27T09:20:52.519+0000] {subprocess.py:93} INFO - 	at org.apache.spark.sql.catalyst.trees.CurrentOrigin$.withOrigin(TreeNode.scala:104)
[2026-01-27T09:20:52.519+0000] {subprocess.py:93} INFO - 	at org.apache.spark.sql.catalyst.trees.TreeNode.transformDownWithPruning(TreeNode.scala:512)
[2026-01-27T09:20:52.519+0000] {subprocess.py:93} INFO - 	at org.apache.spark.sql.catalyst.plans.logical.LogicalPlan.org$apache$spark$sql$catalyst$plans$logical$AnalysisHelper$$super$transformDownWithPruning(LogicalPlan.scala:31)
[2026-01-27T09:20:52.520+0000] {subprocess.py:93} INFO - 	at org.apache.spark.sql.catalyst.plans.logical.AnalysisHelper.transformDownWithPruning(AnalysisHelper.scala:267)
[2026-01-27T09:20:52.520+0000] {subprocess.py:93} INFO - 	at org.apache.spark.sql.catalyst.plans.logical.AnalysisHelper.transformDownWithPruning$(AnalysisHelper.scala:263)
[2026-01-27T09:20:52.520+0000] {subprocess.py:93} INFO - 	at org.apache.spark.sql.catalyst.plans.logical.LogicalPlan.transformDownWithPruning(LogicalPlan.scala:31)
[2026-01-27T09:20:52.520+0000] {subprocess.py:93} INFO - 	at org.apache.spark.sql.catalyst.plans.logical.LogicalPlan.transformDownWithPruning(LogicalPlan.scala:31)
[2026-01-27T09:20:52.521+0000] {subprocess.py:93} INFO - 	at org.apache.spark.sql.catalyst.trees.TreeNode.transformDown(TreeNode.scala:488)
[2026-01-27T09:20:52.521+0000] {subprocess.py:93} INFO - 	at org.apache.spark.sql.execution.QueryExecution.eagerlyExecuteCommands(QueryExecution.scala:94)
[2026-01-27T09:20:52.521+0000] {subprocess.py:93} INFO - 	at org.apache.spark.sql.execution.QueryExecution.commandExecuted$lzycompute(QueryExecution.scala:81)
[2026-01-27T09:20:52.523+0000] {subprocess.py:93} INFO - 	at org.apache.spark.sql.execution.QueryExecution.commandExecuted(QueryExecution.scala:79)
[2026-01-27T09:20:52.525+0000] {subprocess.py:93} INFO - 	at org.apache.spark.sql.execution.QueryExecution.assertCommandExecuted(QueryExecution.scala:133)
[2026-01-27T09:20:52.526+0000] {subprocess.py:93} INFO - 	at org.apache.spark.sql.DataFrameWriter.runCommand(DataFrameWriter.scala:856)
[2026-01-27T09:20:52.526+0000] {subprocess.py:93} INFO - 	at org.apache.spark.sql.DataFrameWriter.saveToV1Source(DataFrameWriter.scala:387)
[2026-01-27T09:20:52.527+0000] {subprocess.py:93} INFO - 	at org.apache.spark.sql.DataFrameWriter.saveInternal(DataFrameWriter.scala:360)
[2026-01-27T09:20:52.527+0000] {subprocess.py:93} INFO - 	at org.apache.spark.sql.DataFrameWriter.save(DataFrameWriter.scala:247)
[2026-01-27T09:20:52.528+0000] {subprocess.py:93} INFO - 	at java.base/jdk.internal.reflect.NativeMethodAccessorImpl.invoke0(Native Method)
[2026-01-27T09:20:52.528+0000] {subprocess.py:93} INFO - 	at java.base/jdk.internal.reflect.NativeMethodAccessorImpl.invoke(Unknown Source)
[2026-01-27T09:20:52.528+0000] {subprocess.py:93} INFO - 	at java.base/jdk.internal.reflect.DelegatingMethodAccessorImpl.invoke(Unknown Source)
[2026-01-27T09:20:52.529+0000] {subprocess.py:93} INFO - 	at java.base/java.lang.reflect.Method.invoke(Unknown Source)
[2026-01-27T09:20:52.529+0000] {subprocess.py:93} INFO - 	at py4j.reflection.MethodInvoker.invoke(MethodInvoker.java:244)
[2026-01-27T09:20:52.529+0000] {subprocess.py:93} INFO - 	at py4j.reflection.ReflectionEngine.invoke(ReflectionEngine.java:374)
[2026-01-27T09:20:52.530+0000] {subprocess.py:93} INFO - 	at py4j.Gateway.invoke(Gateway.java:282)
[2026-01-27T09:20:52.530+0000] {subprocess.py:93} INFO - 	at py4j.commands.AbstractCommand.invokeMethod(AbstractCommand.java:132)
[2026-01-27T09:20:52.531+0000] {subprocess.py:93} INFO - 	at py4j.commands.CallCommand.execute(CallCommand.java:79)
[2026-01-27T09:20:52.531+0000] {subprocess.py:93} INFO - 	at py4j.ClientServerConnection.waitForCommands(ClientServerConnection.java:182)
[2026-01-27T09:20:52.532+0000] {subprocess.py:93} INFO - 	at py4j.ClientServerConnection.run(ClientServerConnection.java:106)
[2026-01-27T09:20:52.532+0000] {subprocess.py:93} INFO - 	at java.base/java.lang.Thread.run(Unknown Source)
[2026-01-27T09:20:52.532+0000] {subprocess.py:93} INFO - 
[2026-01-27T09:20:53.819+0000] {subprocess.py:97} INFO - Command exited with return code 1
[2026-01-27T09:20:53.833+0000] {taskinstance.py:2698} ERROR - Task failed with exception
Traceback (most recent call last):
  File "/home/airflow/.local/lib/python3.8/site-packages/airflow/models/taskinstance.py", line 433, in _execute_task
    result = execute_callable(context=context, **execute_callable_kwargs)
  File "/home/airflow/.local/lib/python3.8/site-packages/airflow/operators/bash.py", line 212, in execute
    raise AirflowException(
airflow.exceptions.AirflowException: Bash command failed. The command returned a non-zero exit code 1.
[2026-01-27T09:20:53.836+0000] {taskinstance.py:1138} INFO - Marking task as UP_FOR_RETRY. dag_id=agri_meteo_etl, task_id=transform_weather, execution_date=20260126T000000, start_date=20260127T091857, end_date=20260127T092053
[2026-01-27T09:20:53.998+0000] {standard_task_runner.py:107} ERROR - Failed to execute job 246 for task transform_weather (Bash command failed. The command returned a non-zero exit code 1.; 256)
[2026-01-27T09:20:54.037+0000] {local_task_job_runner.py:234} INFO - Task exited with return code 1
[2026-01-27T09:20:54.074+0000] {taskinstance.py:3280} INFO - 0 downstream tasks scheduled from follow-on schedule check
