[2026-01-23T17:16:54.017+0000] {taskinstance.py:1956} INFO - Dependencies all met for dep_context=non-requeueable deps ti=<TaskInstance: agri_meteo_etl.extract_weather scheduled__2026-01-22T00:00:00+00:00 [queued]>
[2026-01-23T17:16:54.025+0000] {taskinstance.py:1956} INFO - Dependencies all met for dep_context=requeueable deps ti=<TaskInstance: agri_meteo_etl.extract_weather scheduled__2026-01-22T00:00:00+00:00 [queued]>
[2026-01-23T17:16:54.026+0000] {taskinstance.py:2170} INFO - Starting attempt 4 of 4
[2026-01-23T17:16:54.094+0000] {taskinstance.py:2191} INFO - Executing <Task(BashOperator): extract_weather> on 2026-01-22 00:00:00+00:00
[2026-01-23T17:16:54.113+0000] {standard_task_runner.py:60} INFO - Started process 3694 to run task
[2026-01-23T17:16:54.121+0000] {standard_task_runner.py:87} INFO - Running: ['***', 'tasks', 'run', 'agri_meteo_etl', 'extract_weather', 'scheduled__2026-01-22T00:00:00+00:00', '--job-id', '74', '--raw', '--subdir', 'DAGS_FOLDER/agri_meteo_etl.py', '--cfg-path', '/tmp/tmpc5sscjax']
[2026-01-23T17:16:54.125+0000] {standard_task_runner.py:88} INFO - Job 74: Subtask extract_weather
[2026-01-23T17:16:54.253+0000] {task_command.py:423} INFO - Running <TaskInstance: agri_meteo_etl.extract_weather scheduled__2026-01-22T00:00:00+00:00 [running]> on host fb0a8efbb54b
[2026-01-23T17:16:54.393+0000] {taskinstance.py:2480} INFO - Exporting env vars: AIRFLOW_CTX_DAG_OWNER='***' AIRFLOW_CTX_DAG_ID='agri_meteo_etl' AIRFLOW_CTX_TASK_ID='extract_weather' AIRFLOW_CTX_EXECUTION_DATE='2026-01-22T00:00:00+00:00' AIRFLOW_CTX_TRY_NUMBER='4' AIRFLOW_CTX_DAG_RUN_ID='scheduled__2026-01-22T00:00:00+00:00'
[2026-01-23T17:16:54.394+0000] {subprocess.py:63} INFO - Tmp dir root location: /tmp
[2026-01-23T17:16:54.395+0000] {subprocess.py:75} INFO - Running command: ['/usr/bin/bash', '-c', 'docker exec spark python3 /app/scripts/extract.py']
[2026-01-23T17:16:54.405+0000] {subprocess.py:86} INFO - Output:
[2026-01-23T17:16:54.418+0000] {subprocess.py:93} INFO - Cannot connect to the Docker daemon at unix:///var/run/docker.sock. Is the docker daemon running?
[2026-01-23T17:16:54.420+0000] {subprocess.py:97} INFO - Command exited with return code 1
[2026-01-23T17:16:54.433+0000] {taskinstance.py:2698} ERROR - Task failed with exception
Traceback (most recent call last):
  File "/home/airflow/.local/lib/python3.8/site-packages/airflow/models/taskinstance.py", line 433, in _execute_task
    result = execute_callable(context=context, **execute_callable_kwargs)
  File "/home/airflow/.local/lib/python3.8/site-packages/airflow/operators/bash.py", line 212, in execute
    raise AirflowException(
airflow.exceptions.AirflowException: Bash command failed. The command returned a non-zero exit code 1.
[2026-01-23T17:16:54.436+0000] {taskinstance.py:1138} INFO - Marking task as FAILED. dag_id=agri_meteo_etl, task_id=extract_weather, execution_date=20260122T000000, start_date=20260123T171654, end_date=20260123T171654
[2026-01-23T17:16:54.479+0000] {standard_task_runner.py:107} ERROR - Failed to execute job 74 for task extract_weather (Bash command failed. The command returned a non-zero exit code 1.; 3694)
[2026-01-23T17:16:54.538+0000] {local_task_job_runner.py:234} INFO - Task exited with return code 1
[2026-01-23T17:16:54.589+0000] {taskinstance.py:3280} INFO - 0 downstream tasks scheduled from follow-on schedule check
