[2026-01-26T14:30:33.165+0000] {taskinstance.py:1956} INFO - Dependencies all met for dep_context=non-requeueable deps ti=<TaskInstance: agri_meteo_etl.extract_weather manual__2026-01-26T13:58:19.036940+00:00 [queued]>
[2026-01-26T14:30:33.173+0000] {taskinstance.py:1956} INFO - Dependencies all met for dep_context=requeueable deps ti=<TaskInstance: agri_meteo_etl.extract_weather manual__2026-01-26T13:58:19.036940+00:00 [queued]>
[2026-01-26T14:30:33.174+0000] {taskinstance.py:2170} INFO - Starting attempt 5 of 5
[2026-01-26T14:30:33.292+0000] {taskinstance.py:2191} INFO - Executing <Task(BashOperator): extract_weather> on 2026-01-26 13:58:19.036940+00:00
[2026-01-26T14:30:33.308+0000] {standard_task_runner.py:60} INFO - Started process 639 to run task
[2026-01-26T14:30:33.316+0000] {standard_task_runner.py:87} INFO - Running: ['***', 'tasks', 'run', 'agri_meteo_etl', 'extract_weather', 'manual__2026-01-26T13:58:19.036940+00:00', '--job-id', '229', '--raw', '--subdir', 'DAGS_FOLDER/agri_meteo_etl.py', '--cfg-path', '/tmp/tmpsqi1uv0h']
[2026-01-26T14:30:33.320+0000] {standard_task_runner.py:88} INFO - Job 229: Subtask extract_weather
[2026-01-26T14:30:33.496+0000] {task_command.py:423} INFO - Running <TaskInstance: agri_meteo_etl.extract_weather manual__2026-01-26T13:58:19.036940+00:00 [running]> on host 3641229983bf
[2026-01-26T14:30:33.746+0000] {taskinstance.py:2480} INFO - Exporting env vars: AIRFLOW_CTX_DAG_OWNER='***' AIRFLOW_CTX_DAG_ID='agri_meteo_etl' AIRFLOW_CTX_TASK_ID='extract_weather' AIRFLOW_CTX_EXECUTION_DATE='2026-01-26T13:58:19.036940+00:00' AIRFLOW_CTX_TRY_NUMBER='5' AIRFLOW_CTX_DAG_RUN_ID='manual__2026-01-26T13:58:19.036940+00:00'
[2026-01-26T14:30:33.748+0000] {subprocess.py:63} INFO - Tmp dir root location: /tmp
[2026-01-26T14:30:33.749+0000] {subprocess.py:75} INFO - Running command: ['/usr/bin/bash', '-c', 'docker exec spark python3 /app/scripts/extract.py']
[2026-01-26T14:30:33.757+0000] {subprocess.py:86} INFO - Output:
[2026-01-26T14:30:33.784+0000] {subprocess.py:93} INFO - Error response from daemon: client version 1.43 is too old. Minimum supported API version is 1.44, please upgrade your client to a newer version
[2026-01-26T14:30:33.785+0000] {subprocess.py:97} INFO - Command exited with return code 1
[2026-01-26T14:30:33.800+0000] {taskinstance.py:2698} ERROR - Task failed with exception
Traceback (most recent call last):
  File "/home/airflow/.local/lib/python3.8/site-packages/airflow/models/taskinstance.py", line 433, in _execute_task
    result = execute_callable(context=context, **execute_callable_kwargs)
  File "/home/airflow/.local/lib/python3.8/site-packages/airflow/operators/bash.py", line 212, in execute
    raise AirflowException(
airflow.exceptions.AirflowException: Bash command failed. The command returned a non-zero exit code 1.
[2026-01-26T14:30:33.804+0000] {taskinstance.py:1138} INFO - Marking task as FAILED. dag_id=agri_meteo_etl, task_id=extract_weather, execution_date=20260126T135819, start_date=20260126T143033, end_date=20260126T143033
[2026-01-26T14:30:34.226+0000] {standard_task_runner.py:107} ERROR - Failed to execute job 229 for task extract_weather (Bash command failed. The command returned a non-zero exit code 1.; 639)
[2026-01-26T14:30:34.255+0000] {local_task_job_runner.py:234} INFO - Task exited with return code 1
[2026-01-26T14:30:34.789+0000] {taskinstance.py:3280} INFO - 0 downstream tasks scheduled from follow-on schedule check
