[2026-01-27T08:21:08.719+0000] {taskinstance.py:1956} INFO - Dependencies all met for dep_context=non-requeueable deps ti=<TaskInstance: agri_meteo_etl.extract_weather scheduled__2026-01-26T00:00:00+00:00 [queued]>
[2026-01-27T08:21:08.727+0000] {taskinstance.py:1956} INFO - Dependencies all met for dep_context=requeueable deps ti=<TaskInstance: agri_meteo_etl.extract_weather scheduled__2026-01-26T00:00:00+00:00 [queued]>
[2026-01-27T08:21:08.728+0000] {taskinstance.py:2170} INFO - Starting attempt 1 of 2
[2026-01-27T08:21:10.404+0000] {taskinstance.py:2191} INFO - Executing <Task(BashOperator): extract_weather> on 2026-01-26 00:00:00+00:00
[2026-01-27T08:21:10.411+0000] {standard_task_runner.py:60} INFO - Started process 1309 to run task
[2026-01-27T08:21:10.416+0000] {standard_task_runner.py:87} INFO - Running: ['***', 'tasks', 'run', 'agri_meteo_etl', 'extract_weather', 'scheduled__2026-01-26T00:00:00+00:00', '--job-id', '235', '--raw', '--subdir', 'DAGS_FOLDER/agri_meteo_etl.py', '--cfg-path', '/tmp/tmpjqvxmdvk']
[2026-01-27T08:21:10.419+0000] {standard_task_runner.py:88} INFO - Job 235: Subtask extract_weather
[2026-01-27T08:21:12.161+0000] {task_command.py:423} INFO - Running <TaskInstance: agri_meteo_etl.extract_weather scheduled__2026-01-26T00:00:00+00:00 [running]> on host 3641229983bf
[2026-01-27T08:21:13.233+0000] {taskinstance.py:2480} INFO - Exporting env vars: AIRFLOW_CTX_DAG_OWNER='***' AIRFLOW_CTX_DAG_ID='agri_meteo_etl' AIRFLOW_CTX_TASK_ID='extract_weather' AIRFLOW_CTX_EXECUTION_DATE='2026-01-26T00:00:00+00:00' AIRFLOW_CTX_TRY_NUMBER='1' AIRFLOW_CTX_DAG_RUN_ID='scheduled__2026-01-26T00:00:00+00:00'
[2026-01-27T08:21:13.236+0000] {subprocess.py:63} INFO - Tmp dir root location: /tmp
[2026-01-27T08:21:13.237+0000] {subprocess.py:75} INFO - Running command: ['/usr/bin/bash', '-c', 'docker exec spark python3 /app/scripts/extract.py']
[2026-01-27T08:21:13.944+0000] {subprocess.py:86} INFO - Output:
[2026-01-27T08:21:15.411+0000] {subprocess.py:93} INFO - Error response from daemon: client version 1.43 is too old. Minimum supported API version is 1.44, please upgrade your client to a newer version
[2026-01-27T08:21:15.941+0000] {subprocess.py:97} INFO - Command exited with return code 1
[2026-01-27T08:21:16.135+0000] {taskinstance.py:2698} ERROR - Task failed with exception
Traceback (most recent call last):
  File "/home/airflow/.local/lib/python3.8/site-packages/airflow/models/taskinstance.py", line 433, in _execute_task
    result = execute_callable(context=context, **execute_callable_kwargs)
  File "/home/airflow/.local/lib/python3.8/site-packages/airflow/operators/bash.py", line 212, in execute
    raise AirflowException(
airflow.exceptions.AirflowException: Bash command failed. The command returned a non-zero exit code 1.
[2026-01-27T08:21:16.139+0000] {taskinstance.py:1138} INFO - Marking task as UP_FOR_RETRY. dag_id=agri_meteo_etl, task_id=extract_weather, execution_date=20260126T000000, start_date=20260127T082108, end_date=20260127T082116
[2026-01-27T08:21:22.820+0000] {standard_task_runner.py:107} ERROR - Failed to execute job 235 for task extract_weather (Bash command failed. The command returned a non-zero exit code 1.; 1309)
[2026-01-27T08:21:22.832+0000] {local_task_job_runner.py:234} INFO - Task exited with return code 1
[2026-01-27T08:21:22.855+0000] {taskinstance.py:3280} INFO - 0 downstream tasks scheduled from follow-on schedule check
[2026-01-27T09:18:50.814+0000] {taskinstance.py:1956} INFO - Dependencies all met for dep_context=non-requeueable deps ti=<TaskInstance: agri_meteo_etl.extract_weather scheduled__2026-01-26T00:00:00+00:00 [queued]>
[2026-01-27T09:18:50.838+0000] {taskinstance.py:1956} INFO - Dependencies all met for dep_context=requeueable deps ti=<TaskInstance: agri_meteo_etl.extract_weather scheduled__2026-01-26T00:00:00+00:00 [queued]>
[2026-01-27T09:18:50.838+0000] {taskinstance.py:2170} INFO - Starting attempt 1 of 2
[2026-01-27T09:18:50.886+0000] {taskinstance.py:2191} INFO - Executing <Task(BashOperator): extract_weather> on 2026-01-26 00:00:00+00:00
[2026-01-27T09:18:50.899+0000] {standard_task_runner.py:60} INFO - Started process 245 to run task
[2026-01-27T09:18:50.906+0000] {standard_task_runner.py:87} INFO - Running: ['***', 'tasks', 'run', 'agri_meteo_etl', 'extract_weather', 'scheduled__2026-01-26T00:00:00+00:00', '--job-id', '245', '--raw', '--subdir', 'DAGS_FOLDER/agri_meteo_etl.py', '--cfg-path', '/tmp/tmp0aix2u9n']
[2026-01-27T09:18:50.910+0000] {standard_task_runner.py:88} INFO - Job 245: Subtask extract_weather
[2026-01-27T09:18:51.610+0000] {task_command.py:423} INFO - Running <TaskInstance: agri_meteo_etl.extract_weather scheduled__2026-01-26T00:00:00+00:00 [running]> on host e802c8773775
[2026-01-27T09:18:51.879+0000] {taskinstance.py:2480} INFO - Exporting env vars: AIRFLOW_CTX_DAG_OWNER='***' AIRFLOW_CTX_DAG_ID='agri_meteo_etl' AIRFLOW_CTX_TASK_ID='extract_weather' AIRFLOW_CTX_EXECUTION_DATE='2026-01-26T00:00:00+00:00' AIRFLOW_CTX_TRY_NUMBER='1' AIRFLOW_CTX_DAG_RUN_ID='scheduled__2026-01-26T00:00:00+00:00'
[2026-01-27T09:18:51.880+0000] {subprocess.py:63} INFO - Tmp dir root location: /tmp
[2026-01-27T09:18:51.882+0000] {subprocess.py:75} INFO - Running command: ['/usr/bin/bash', '-c', 'docker exec spark python3 /app/scripts/extract.py']
[2026-01-27T09:18:51.891+0000] {subprocess.py:86} INFO - Output:
[2026-01-27T09:18:56.599+0000] {subprocess.py:97} INFO - Command exited with return code 0
[2026-01-27T09:18:56.703+0000] {taskinstance.py:1138} INFO - Marking task as SUCCESS. dag_id=agri_meteo_etl, task_id=extract_weather, execution_date=20260126T000000, start_date=20260127T091850, end_date=20260127T091856
[2026-01-27T09:18:56.838+0000] {local_task_job_runner.py:234} INFO - Task exited with return code 0
[2026-01-27T09:18:56.879+0000] {taskinstance.py:3280} INFO - 1 downstream tasks scheduled from follow-on schedule check
