[2026-01-27T08:26:16.938+0000] {taskinstance.py:1956} INFO - Dependencies all met for dep_context=non-requeueable deps ti=<TaskInstance: agri_meteo_etl.extract_weather scheduled__2026-01-26T00:00:00+00:00 [queued]>
[2026-01-27T08:26:16.950+0000] {taskinstance.py:1956} INFO - Dependencies all met for dep_context=requeueable deps ti=<TaskInstance: agri_meteo_etl.extract_weather scheduled__2026-01-26T00:00:00+00:00 [queued]>
[2026-01-27T08:26:16.950+0000] {taskinstance.py:2170} INFO - Starting attempt 2 of 2
[2026-01-27T08:26:17.033+0000] {taskinstance.py:2191} INFO - Executing <Task(BashOperator): extract_weather> on 2026-01-26 00:00:00+00:00
[2026-01-27T08:26:17.042+0000] {standard_task_runner.py:60} INFO - Started process 1372 to run task
[2026-01-27T08:26:17.049+0000] {standard_task_runner.py:87} INFO - Running: ['***', 'tasks', 'run', 'agri_meteo_etl', 'extract_weather', 'scheduled__2026-01-26T00:00:00+00:00', '--job-id', '236', '--raw', '--subdir', 'DAGS_FOLDER/agri_meteo_etl.py', '--cfg-path', '/tmp/tmpzff3po8_']
[2026-01-27T08:26:17.052+0000] {standard_task_runner.py:88} INFO - Job 236: Subtask extract_weather
[2026-01-27T08:26:17.225+0000] {task_command.py:423} INFO - Running <TaskInstance: agri_meteo_etl.extract_weather scheduled__2026-01-26T00:00:00+00:00 [running]> on host 3641229983bf
[2026-01-27T08:26:17.372+0000] {taskinstance.py:2480} INFO - Exporting env vars: AIRFLOW_CTX_DAG_OWNER='***' AIRFLOW_CTX_DAG_ID='agri_meteo_etl' AIRFLOW_CTX_TASK_ID='extract_weather' AIRFLOW_CTX_EXECUTION_DATE='2026-01-26T00:00:00+00:00' AIRFLOW_CTX_TRY_NUMBER='2' AIRFLOW_CTX_DAG_RUN_ID='scheduled__2026-01-26T00:00:00+00:00'
[2026-01-27T08:26:17.374+0000] {subprocess.py:63} INFO - Tmp dir root location: /tmp
[2026-01-27T08:26:17.378+0000] {subprocess.py:75} INFO - Running command: ['/usr/bin/bash', '-c', 'docker exec spark python3 /app/scripts/extract.py']
[2026-01-27T08:26:17.402+0000] {subprocess.py:86} INFO - Output:
[2026-01-27T08:26:17.437+0000] {subprocess.py:93} INFO - Error response from daemon: client version 1.43 is too old. Minimum supported API version is 1.44, please upgrade your client to a newer version
[2026-01-27T08:26:17.438+0000] {subprocess.py:97} INFO - Command exited with return code 1
[2026-01-27T08:26:17.451+0000] {taskinstance.py:2698} ERROR - Task failed with exception
Traceback (most recent call last):
  File "/home/airflow/.local/lib/python3.8/site-packages/airflow/models/taskinstance.py", line 433, in _execute_task
    result = execute_callable(context=context, **execute_callable_kwargs)
  File "/home/airflow/.local/lib/python3.8/site-packages/airflow/operators/bash.py", line 212, in execute
    raise AirflowException(
airflow.exceptions.AirflowException: Bash command failed. The command returned a non-zero exit code 1.
[2026-01-27T08:26:17.454+0000] {taskinstance.py:1138} INFO - Marking task as FAILED. dag_id=agri_meteo_etl, task_id=extract_weather, execution_date=20260126T000000, start_date=20260127T082616, end_date=20260127T082617
[2026-01-27T08:26:17.536+0000] {standard_task_runner.py:107} ERROR - Failed to execute job 236 for task extract_weather (Bash command failed. The command returned a non-zero exit code 1.; 1372)
[2026-01-27T08:26:17.583+0000] {local_task_job_runner.py:234} INFO - Task exited with return code 1
[2026-01-27T08:26:17.629+0000] {taskinstance.py:3280} INFO - 0 downstream tasks scheduled from follow-on schedule check
[2026-01-27T17:39:28.763+0000] {taskinstance.py:1956} INFO - Dependencies all met for dep_context=non-requeueable deps ti=<TaskInstance: agri_meteo_etl.extract_weather scheduled__2026-01-26T00:00:00+00:00 [queued]>
[2026-01-27T17:39:28.773+0000] {taskinstance.py:1956} INFO - Dependencies all met for dep_context=requeueable deps ti=<TaskInstance: agri_meteo_etl.extract_weather scheduled__2026-01-26T00:00:00+00:00 [queued]>
[2026-01-27T17:39:28.774+0000] {taskinstance.py:2170} INFO - Starting attempt 2 of 3
[2026-01-27T17:39:28.825+0000] {taskinstance.py:2191} INFO - Executing <Task(BashOperator): extract_weather> on 2026-01-26 00:00:00+00:00
[2026-01-27T17:39:28.833+0000] {standard_task_runner.py:60} INFO - Started process 2051 to run task
[2026-01-27T17:39:28.840+0000] {standard_task_runner.py:87} INFO - Running: ['***', 'tasks', 'run', 'agri_meteo_etl', 'extract_weather', 'scheduled__2026-01-26T00:00:00+00:00', '--job-id', '253', '--raw', '--subdir', 'DAGS_FOLDER/agri_meteo_etl.py', '--cfg-path', '/tmp/tmpz4ngydc6']
[2026-01-27T17:39:28.843+0000] {standard_task_runner.py:88} INFO - Job 253: Subtask extract_weather
[2026-01-27T17:39:28.984+0000] {task_command.py:423} INFO - Running <TaskInstance: agri_meteo_etl.extract_weather scheduled__2026-01-26T00:00:00+00:00 [running]> on host e802c8773775
[2026-01-27T17:39:29.247+0000] {taskinstance.py:2480} INFO - Exporting env vars: AIRFLOW_CTX_DAG_OWNER='***' AIRFLOW_CTX_DAG_ID='agri_meteo_etl' AIRFLOW_CTX_TASK_ID='extract_weather' AIRFLOW_CTX_EXECUTION_DATE='2026-01-26T00:00:00+00:00' AIRFLOW_CTX_TRY_NUMBER='2' AIRFLOW_CTX_DAG_RUN_ID='scheduled__2026-01-26T00:00:00+00:00'
[2026-01-27T17:39:29.249+0000] {subprocess.py:63} INFO - Tmp dir root location: /tmp
[2026-01-27T17:39:29.252+0000] {subprocess.py:75} INFO - Running command: ['/usr/bin/bash', '-c', 'docker exec spark python3 /app/scripts/extract.py']
[2026-01-27T17:39:29.322+0000] {subprocess.py:86} INFO - Output:
[2026-01-27T17:39:33.937+0000] {subprocess.py:97} INFO - Command exited with return code 0
[2026-01-27T17:39:34.641+0000] {taskinstance.py:1138} INFO - Marking task as SUCCESS. dag_id=agri_meteo_etl, task_id=extract_weather, execution_date=20260126T000000, start_date=20260127T173928, end_date=20260127T173934
[2026-01-27T17:39:34.783+0000] {local_task_job_runner.py:234} INFO - Task exited with return code 0
[2026-01-27T17:39:34.893+0000] {taskinstance.py:3280} INFO - 1 downstream tasks scheduled from follow-on schedule check
