[2026-01-24T09:32:11.793+0000] {taskinstance.py:1956} INFO - Dependencies all met for dep_context=non-requeueable deps ti=<TaskInstance: agri_meteo_etl.transform_weather manual__2026-01-24T09:31:19.893372+00:00 [queued]>
[2026-01-24T09:32:11.802+0000] {taskinstance.py:1956} INFO - Dependencies all met for dep_context=requeueable deps ti=<TaskInstance: agri_meteo_etl.transform_weather manual__2026-01-24T09:31:19.893372+00:00 [queued]>
[2026-01-24T09:32:11.803+0000] {taskinstance.py:2170} INFO - Starting attempt 1 of 2
[2026-01-24T09:32:11.872+0000] {taskinstance.py:2191} INFO - Executing <Task(BashOperator): transform_weather> on 2026-01-24 09:31:19.893372+00:00
[2026-01-24T09:32:11.890+0000] {standard_task_runner.py:60} INFO - Started process 944 to run task
[2026-01-24T09:32:11.898+0000] {standard_task_runner.py:87} INFO - Running: ['***', 'tasks', 'run', 'agri_meteo_etl', 'transform_weather', 'manual__2026-01-24T09:31:19.893372+00:00', '--job-id', '138', '--raw', '--subdir', 'DAGS_FOLDER/agri_meteo_etl.py', '--cfg-path', '/tmp/tmp2ot_0rrc']
[2026-01-24T09:32:11.902+0000] {standard_task_runner.py:88} INFO - Job 138: Subtask transform_weather
[2026-01-24T09:32:12.300+0000] {task_command.py:423} INFO - Running <TaskInstance: agri_meteo_etl.transform_weather manual__2026-01-24T09:31:19.893372+00:00 [running]> on host 94905f87a852
[2026-01-24T09:32:12.515+0000] {taskinstance.py:2480} INFO - Exporting env vars: AIRFLOW_CTX_DAG_OWNER='***' AIRFLOW_CTX_DAG_ID='agri_meteo_etl' AIRFLOW_CTX_TASK_ID='transform_weather' AIRFLOW_CTX_EXECUTION_DATE='2026-01-24T09:31:19.893372+00:00' AIRFLOW_CTX_TRY_NUMBER='1' AIRFLOW_CTX_DAG_RUN_ID='manual__2026-01-24T09:31:19.893372+00:00'
[2026-01-24T09:32:12.518+0000] {subprocess.py:63} INFO - Tmp dir root location: /tmp
[2026-01-24T09:32:12.520+0000] {subprocess.py:75} INFO - Running command: ['/usr/bin/bash', '-c', 'docker exec spark spark-submit /app/scripts/transform.py']
[2026-01-24T09:32:12.533+0000] {subprocess.py:86} INFO - Output:
[2026-01-24T09:32:12.549+0000] {subprocess.py:93} INFO - Cannot connect to the Docker daemon at unix:///var/run/docker.sock. Is the docker daemon running?
[2026-01-24T09:32:12.551+0000] {subprocess.py:97} INFO - Command exited with return code 1
[2026-01-24T09:32:12.636+0000] {taskinstance.py:2698} ERROR - Task failed with exception
Traceback (most recent call last):
  File "/home/airflow/.local/lib/python3.8/site-packages/airflow/models/taskinstance.py", line 433, in _execute_task
    result = execute_callable(context=context, **execute_callable_kwargs)
  File "/home/airflow/.local/lib/python3.8/site-packages/airflow/operators/bash.py", line 212, in execute
    raise AirflowException(
airflow.exceptions.AirflowException: Bash command failed. The command returned a non-zero exit code 1.
[2026-01-24T09:32:12.700+0000] {taskinstance.py:1138} INFO - Marking task as UP_FOR_RETRY. dag_id=agri_meteo_etl, task_id=transform_weather, execution_date=20260124T093119, start_date=20260124T093211, end_date=20260124T093212
[2026-01-24T09:32:12.759+0000] {standard_task_runner.py:107} ERROR - Failed to execute job 138 for task transform_weather (Bash command failed. The command returned a non-zero exit code 1.; 944)
[2026-01-24T09:32:12.795+0000] {local_task_job_runner.py:234} INFO - Task exited with return code 1
[2026-01-24T09:32:12.832+0000] {taskinstance.py:3280} INFO - 0 downstream tasks scheduled from follow-on schedule check
