[2026-01-22T08:03:55.660+0000] {taskinstance.py:1956} INFO - Dependencies all met for dep_context=non-requeueable deps ti=<TaskInstance: agri_meteo_etl.extract_weather scheduled__2026-01-21T00:00:00+00:00 [queued]>
[2026-01-22T08:03:55.669+0000] {taskinstance.py:1956} INFO - Dependencies all met for dep_context=requeueable deps ti=<TaskInstance: agri_meteo_etl.extract_weather scheduled__2026-01-21T00:00:00+00:00 [queued]>
[2026-01-22T08:03:55.670+0000] {taskinstance.py:2170} INFO - Starting attempt 2 of 2
[2026-01-22T08:03:55.726+0000] {taskinstance.py:2191} INFO - Executing <Task(BashOperator): extract_weather> on 2026-01-21 00:00:00+00:00
[2026-01-22T08:03:55.740+0000] {standard_task_runner.py:60} INFO - Started process 1864 to run task
[2026-01-22T08:03:55.747+0000] {standard_task_runner.py:87} INFO - Running: ['***', 'tasks', 'run', 'agri_meteo_etl', 'extract_weather', 'scheduled__2026-01-21T00:00:00+00:00', '--job-id', '55', '--raw', '--subdir', 'DAGS_FOLDER/agri_meteo_etl.py', '--cfg-path', '/tmp/tmpz34uvxc2']
[2026-01-22T08:03:55.750+0000] {standard_task_runner.py:88} INFO - Job 55: Subtask extract_weather
[2026-01-22T08:03:55.902+0000] {task_command.py:423} INFO - Running <TaskInstance: agri_meteo_etl.extract_weather scheduled__2026-01-21T00:00:00+00:00 [running]> on host 1d0715884e58
[2026-01-22T08:03:56.041+0000] {taskinstance.py:2480} INFO - Exporting env vars: AIRFLOW_CTX_DAG_OWNER='***' AIRFLOW_CTX_DAG_ID='agri_meteo_etl' AIRFLOW_CTX_TASK_ID='extract_weather' AIRFLOW_CTX_EXECUTION_DATE='2026-01-21T00:00:00+00:00' AIRFLOW_CTX_TRY_NUMBER='2' AIRFLOW_CTX_DAG_RUN_ID='scheduled__2026-01-21T00:00:00+00:00'
[2026-01-22T08:03:56.043+0000] {subprocess.py:63} INFO - Tmp dir root location: /tmp
[2026-01-22T08:03:56.044+0000] {subprocess.py:75} INFO - Running command: ['/usr/bin/bash', '-c', 'docker exec spark python3 /app/scripts/extract.py']
[2026-01-22T08:03:56.126+0000] {subprocess.py:86} INFO - Output:
[2026-01-22T08:03:56.143+0000] {subprocess.py:93} INFO - Cannot connect to the Docker daemon at unix:///var/run/docker.sock. Is the docker daemon running?
[2026-01-22T08:03:56.144+0000] {subprocess.py:97} INFO - Command exited with return code 1
[2026-01-22T08:03:56.158+0000] {taskinstance.py:2698} ERROR - Task failed with exception
Traceback (most recent call last):
  File "/home/airflow/.local/lib/python3.8/site-packages/airflow/models/taskinstance.py", line 433, in _execute_task
    result = execute_callable(context=context, **execute_callable_kwargs)
  File "/home/airflow/.local/lib/python3.8/site-packages/airflow/operators/bash.py", line 212, in execute
    raise AirflowException(
airflow.exceptions.AirflowException: Bash command failed. The command returned a non-zero exit code 1.
[2026-01-22T08:03:56.161+0000] {taskinstance.py:1138} INFO - Marking task as FAILED. dag_id=agri_meteo_etl, task_id=extract_weather, execution_date=20260121T000000, start_date=20260122T080355, end_date=20260122T080356
[2026-01-22T08:03:56.213+0000] {standard_task_runner.py:107} ERROR - Failed to execute job 55 for task extract_weather (Bash command failed. The command returned a non-zero exit code 1.; 1864)
[2026-01-22T08:03:56.244+0000] {local_task_job_runner.py:234} INFO - Task exited with return code 1
[2026-01-22T08:03:56.270+0000] {taskinstance.py:3280} INFO - 0 downstream tasks scheduled from follow-on schedule check
[2026-01-22T10:36:35.000+0000] {taskinstance.py:1956} INFO - Dependencies all met for dep_context=non-requeueable deps ti=<TaskInstance: agri_meteo_etl.extract_weather scheduled__2026-01-21T00:00:00+00:00 [queued]>
[2026-01-22T10:36:35.042+0000] {taskinstance.py:1956} INFO - Dependencies all met for dep_context=requeueable deps ti=<TaskInstance: agri_meteo_etl.extract_weather scheduled__2026-01-21T00:00:00+00:00 [queued]>
[2026-01-22T10:36:35.043+0000] {taskinstance.py:2170} INFO - Starting attempt 2 of 2
[2026-01-22T10:36:35.102+0000] {taskinstance.py:2191} INFO - Executing <Task(BashOperator): extract_weather> on 2026-01-21 00:00:00+00:00
[2026-01-22T10:36:35.112+0000] {standard_task_runner.py:60} INFO - Started process 3393 to run task
[2026-01-22T10:36:35.119+0000] {standard_task_runner.py:87} INFO - Running: ['***', 'tasks', 'run', 'agri_meteo_etl', 'extract_weather', 'scheduled__2026-01-21T00:00:00+00:00', '--job-id', '57', '--raw', '--subdir', 'DAGS_FOLDER/agri_meteo_etl.py', '--cfg-path', '/tmp/tmpj75exvep']
[2026-01-22T10:36:35.122+0000] {standard_task_runner.py:88} INFO - Job 57: Subtask extract_weather
[2026-01-22T10:36:35.374+0000] {task_command.py:423} INFO - Running <TaskInstance: agri_meteo_etl.extract_weather scheduled__2026-01-21T00:00:00+00:00 [running]> on host 1d0715884e58
[2026-01-22T10:36:35.665+0000] {taskinstance.py:2480} INFO - Exporting env vars: AIRFLOW_CTX_DAG_OWNER='***' AIRFLOW_CTX_DAG_ID='agri_meteo_etl' AIRFLOW_CTX_TASK_ID='extract_weather' AIRFLOW_CTX_EXECUTION_DATE='2026-01-21T00:00:00+00:00' AIRFLOW_CTX_TRY_NUMBER='2' AIRFLOW_CTX_DAG_RUN_ID='scheduled__2026-01-21T00:00:00+00:00'
[2026-01-22T10:36:35.667+0000] {subprocess.py:63} INFO - Tmp dir root location: /tmp
[2026-01-22T10:36:35.670+0000] {subprocess.py:75} INFO - Running command: ['/usr/bin/bash', '-c', 'docker exec spark python3 /app/scripts/extract.py']
[2026-01-22T10:36:35.681+0000] {subprocess.py:86} INFO - Output:
[2026-01-22T10:36:35.745+0000] {subprocess.py:93} INFO - Cannot connect to the Docker daemon at unix:///var/run/docker.sock. Is the docker daemon running?
[2026-01-22T10:36:35.764+0000] {subprocess.py:97} INFO - Command exited with return code 1
[2026-01-22T10:36:35.793+0000] {taskinstance.py:2698} ERROR - Task failed with exception
Traceback (most recent call last):
  File "/home/airflow/.local/lib/python3.8/site-packages/airflow/models/taskinstance.py", line 433, in _execute_task
    result = execute_callable(context=context, **execute_callable_kwargs)
  File "/home/airflow/.local/lib/python3.8/site-packages/airflow/operators/bash.py", line 212, in execute
    raise AirflowException(
airflow.exceptions.AirflowException: Bash command failed. The command returned a non-zero exit code 1.
[2026-01-22T10:36:35.797+0000] {taskinstance.py:1138} INFO - Marking task as FAILED. dag_id=agri_meteo_etl, task_id=extract_weather, execution_date=20260121T000000, start_date=20260122T103635, end_date=20260122T103635
[2026-01-22T10:36:35.849+0000] {standard_task_runner.py:107} ERROR - Failed to execute job 57 for task extract_weather (Bash command failed. The command returned a non-zero exit code 1.; 3393)
[2026-01-22T10:36:35.894+0000] {local_task_job_runner.py:234} INFO - Task exited with return code 1
[2026-01-22T10:36:35.943+0000] {taskinstance.py:3280} INFO - 0 downstream tasks scheduled from follow-on schedule check
