[2026-01-26T12:14:03.766+0000] {taskinstance.py:1956} INFO - Dependencies all met for dep_context=non-requeueable deps ti=<TaskInstance: agri_meteo_etl.extract_weather manual__2026-01-26T12:08:58.180654+00:00 [queued]>
[2026-01-26T12:14:03.775+0000] {taskinstance.py:1956} INFO - Dependencies all met for dep_context=requeueable deps ti=<TaskInstance: agri_meteo_etl.extract_weather manual__2026-01-26T12:08:58.180654+00:00 [queued]>
[2026-01-26T12:14:03.776+0000] {taskinstance.py:2170} INFO - Starting attempt 2 of 2
[2026-01-26T12:14:03.836+0000] {taskinstance.py:2191} INFO - Executing <Task(BashOperator): extract_weather> on 2026-01-26 12:08:58.180654+00:00
[2026-01-26T12:14:03.853+0000] {standard_task_runner.py:60} INFO - Started process 300 to run task
[2026-01-26T12:14:03.867+0000] {standard_task_runner.py:87} INFO - Running: ['***', 'tasks', 'run', 'agri_meteo_etl', 'extract_weather', 'manual__2026-01-26T12:08:58.180654+00:00', '--job-id', '185', '--raw', '--subdir', 'DAGS_FOLDER/agri_meteo_etl.py', '--cfg-path', '/tmp/tmpfel4kbfk']
[2026-01-26T12:14:03.873+0000] {standard_task_runner.py:88} INFO - Job 185: Subtask extract_weather
[2026-01-26T12:14:04.116+0000] {task_command.py:423} INFO - Running <TaskInstance: agri_meteo_etl.extract_weather manual__2026-01-26T12:08:58.180654+00:00 [running]> on host 94905f87a852
[2026-01-26T12:14:04.387+0000] {taskinstance.py:2480} INFO - Exporting env vars: AIRFLOW_CTX_DAG_OWNER='***' AIRFLOW_CTX_DAG_ID='agri_meteo_etl' AIRFLOW_CTX_TASK_ID='extract_weather' AIRFLOW_CTX_EXECUTION_DATE='2026-01-26T12:08:58.180654+00:00' AIRFLOW_CTX_TRY_NUMBER='2' AIRFLOW_CTX_DAG_RUN_ID='manual__2026-01-26T12:08:58.180654+00:00'
[2026-01-26T12:14:04.391+0000] {subprocess.py:63} INFO - Tmp dir root location: /tmp
[2026-01-26T12:14:04.393+0000] {subprocess.py:75} INFO - Running command: ['/usr/bin/bash', '-c', 'docker exec spark python3 /app/scripts/extract.py']
[2026-01-26T12:14:04.405+0000] {subprocess.py:86} INFO - Output:
[2026-01-26T12:14:04.427+0000] {subprocess.py:93} INFO - Cannot connect to the Docker daemon at unix:///var/run/docker.sock. Is the docker daemon running?
[2026-01-26T12:14:04.429+0000] {subprocess.py:97} INFO - Command exited with return code 1
[2026-01-26T12:14:04.449+0000] {taskinstance.py:2698} ERROR - Task failed with exception
Traceback (most recent call last):
  File "/home/airflow/.local/lib/python3.8/site-packages/airflow/models/taskinstance.py", line 433, in _execute_task
    result = execute_callable(context=context, **execute_callable_kwargs)
  File "/home/airflow/.local/lib/python3.8/site-packages/airflow/operators/bash.py", line 212, in execute
    raise AirflowException(
airflow.exceptions.AirflowException: Bash command failed. The command returned a non-zero exit code 1.
[2026-01-26T12:14:04.454+0000] {taskinstance.py:1138} INFO - Marking task as FAILED. dag_id=agri_meteo_etl, task_id=extract_weather, execution_date=20260126T120858, start_date=20260126T121403, end_date=20260126T121404
[2026-01-26T12:14:04.532+0000] {standard_task_runner.py:107} ERROR - Failed to execute job 185 for task extract_weather (Bash command failed. The command returned a non-zero exit code 1.; 300)
[2026-01-26T12:14:04.562+0000] {local_task_job_runner.py:234} INFO - Task exited with return code 1
[2026-01-26T12:14:04.625+0000] {taskinstance.py:3280} INFO - 0 downstream tasks scheduled from follow-on schedule check
