[2026-01-26T12:09:00.677+0000] {taskinstance.py:1956} INFO - Dependencies all met for dep_context=non-requeueable deps ti=<TaskInstance: agri_meteo_etl.extract_weather manual__2026-01-26T12:08:58.180654+00:00 [queued]>
[2026-01-26T12:09:00.707+0000] {taskinstance.py:1956} INFO - Dependencies all met for dep_context=requeueable deps ti=<TaskInstance: agri_meteo_etl.extract_weather manual__2026-01-26T12:08:58.180654+00:00 [queued]>
[2026-01-26T12:09:00.709+0000] {taskinstance.py:2170} INFO - Starting attempt 1 of 2
[2026-01-26T12:09:00.818+0000] {taskinstance.py:2191} INFO - Executing <Task(BashOperator): extract_weather> on 2026-01-26 12:08:58.180654+00:00
[2026-01-26T12:09:00.841+0000] {standard_task_runner.py:60} INFO - Started process 230 to run task
[2026-01-26T12:09:00.866+0000] {standard_task_runner.py:87} INFO - Running: ['***', 'tasks', 'run', 'agri_meteo_etl', 'extract_weather', 'manual__2026-01-26T12:08:58.180654+00:00', '--job-id', '183', '--raw', '--subdir', 'DAGS_FOLDER/agri_meteo_etl.py', '--cfg-path', '/tmp/tmpo53nz6g8']
[2026-01-26T12:09:00.890+0000] {standard_task_runner.py:88} INFO - Job 183: Subtask extract_weather
[2026-01-26T12:09:01.200+0000] {task_command.py:423} INFO - Running <TaskInstance: agri_meteo_etl.extract_weather manual__2026-01-26T12:08:58.180654+00:00 [running]> on host 94905f87a852
[2026-01-26T12:09:01.700+0000] {taskinstance.py:2480} INFO - Exporting env vars: AIRFLOW_CTX_DAG_OWNER='***' AIRFLOW_CTX_DAG_ID='agri_meteo_etl' AIRFLOW_CTX_TASK_ID='extract_weather' AIRFLOW_CTX_EXECUTION_DATE='2026-01-26T12:08:58.180654+00:00' AIRFLOW_CTX_TRY_NUMBER='1' AIRFLOW_CTX_DAG_RUN_ID='manual__2026-01-26T12:08:58.180654+00:00'
[2026-01-26T12:09:01.713+0000] {subprocess.py:63} INFO - Tmp dir root location: /tmp
[2026-01-26T12:09:01.719+0000] {subprocess.py:75} INFO - Running command: ['/usr/bin/bash', '-c', 'docker exec spark python3 /app/scripts/extract.py']
[2026-01-26T12:09:01.765+0000] {subprocess.py:86} INFO - Output:
[2026-01-26T12:09:01.798+0000] {subprocess.py:93} INFO - Cannot connect to the Docker daemon at unix:///var/run/docker.sock. Is the docker daemon running?
[2026-01-26T12:09:01.801+0000] {subprocess.py:97} INFO - Command exited with return code 1
[2026-01-26T12:09:01.820+0000] {taskinstance.py:2698} ERROR - Task failed with exception
Traceback (most recent call last):
  File "/home/airflow/.local/lib/python3.8/site-packages/airflow/models/taskinstance.py", line 433, in _execute_task
    result = execute_callable(context=context, **execute_callable_kwargs)
  File "/home/airflow/.local/lib/python3.8/site-packages/airflow/operators/bash.py", line 212, in execute
    raise AirflowException(
airflow.exceptions.AirflowException: Bash command failed. The command returned a non-zero exit code 1.
[2026-01-26T12:09:01.825+0000] {taskinstance.py:1138} INFO - Marking task as UP_FOR_RETRY. dag_id=agri_meteo_etl, task_id=extract_weather, execution_date=20260126T120858, start_date=20260126T120900, end_date=20260126T120901
[2026-01-26T12:09:02.003+0000] {standard_task_runner.py:107} ERROR - Failed to execute job 183 for task extract_weather (Bash command failed. The command returned a non-zero exit code 1.; 230)
[2026-01-26T12:09:02.048+0000] {local_task_job_runner.py:234} INFO - Task exited with return code 1
[2026-01-26T12:09:02.176+0000] {taskinstance.py:3280} INFO - 0 downstream tasks scheduled from follow-on schedule check
