[2026-01-26T12:06:57.269+0000] {taskinstance.py:1956} INFO - Dependencies all met for dep_context=non-requeueable deps ti=<TaskInstance: agri_meteo_etl.extract_weather scheduled__2026-01-25T00:00:00+00:00 [queued]>
[2026-01-26T12:06:57.282+0000] {taskinstance.py:1956} INFO - Dependencies all met for dep_context=requeueable deps ti=<TaskInstance: agri_meteo_etl.extract_weather scheduled__2026-01-25T00:00:00+00:00 [queued]>
[2026-01-26T12:06:57.283+0000] {taskinstance.py:2170} INFO - Starting attempt 1 of 2
[2026-01-26T12:06:57.613+0000] {taskinstance.py:2191} INFO - Executing <Task(BashOperator): extract_weather> on 2026-01-25 00:00:00+00:00
[2026-01-26T12:06:57.619+0000] {standard_task_runner.py:60} INFO - Started process 195 to run task
[2026-01-26T12:06:57.624+0000] {standard_task_runner.py:87} INFO - Running: ['***', 'tasks', 'run', 'agri_meteo_etl', 'extract_weather', 'scheduled__2026-01-25T00:00:00+00:00', '--job-id', '182', '--raw', '--subdir', 'DAGS_FOLDER/agri_meteo_etl.py', '--cfg-path', '/tmp/tmp0xa457qb']
[2026-01-26T12:06:57.627+0000] {standard_task_runner.py:88} INFO - Job 182: Subtask extract_weather
[2026-01-26T12:06:59.665+0000] {task_command.py:423} INFO - Running <TaskInstance: agri_meteo_etl.extract_weather scheduled__2026-01-25T00:00:00+00:00 [running]> on host 94905f87a852
[2026-01-26T12:07:01.553+0000] {taskinstance.py:2480} INFO - Exporting env vars: AIRFLOW_CTX_DAG_OWNER='***' AIRFLOW_CTX_DAG_ID='agri_meteo_etl' AIRFLOW_CTX_TASK_ID='extract_weather' AIRFLOW_CTX_EXECUTION_DATE='2026-01-25T00:00:00+00:00' AIRFLOW_CTX_TRY_NUMBER='1' AIRFLOW_CTX_DAG_RUN_ID='scheduled__2026-01-25T00:00:00+00:00'
[2026-01-26T12:07:01.555+0000] {subprocess.py:63} INFO - Tmp dir root location: /tmp
[2026-01-26T12:07:01.556+0000] {subprocess.py:75} INFO - Running command: ['/usr/bin/bash', '-c', 'docker exec spark python3 /app/scripts/extract.py']
[2026-01-26T12:07:01.568+0000] {subprocess.py:86} INFO - Output:
[2026-01-26T12:07:18.591+0000] {subprocess.py:93} INFO - Cannot connect to the Docker daemon at unix:///var/run/docker.sock. Is the docker daemon running?
[2026-01-26T12:07:18.594+0000] {subprocess.py:97} INFO - Command exited with return code 1
[2026-01-26T12:07:18.634+0000] {taskinstance.py:2698} ERROR - Task failed with exception
Traceback (most recent call last):
  File "/home/airflow/.local/lib/python3.8/site-packages/airflow/models/taskinstance.py", line 433, in _execute_task
    result = execute_callable(context=context, **execute_callable_kwargs)
  File "/home/airflow/.local/lib/python3.8/site-packages/airflow/operators/bash.py", line 212, in execute
    raise AirflowException(
airflow.exceptions.AirflowException: Bash command failed. The command returned a non-zero exit code 1.
[2026-01-26T12:07:18.646+0000] {taskinstance.py:1138} INFO - Marking task as UP_FOR_RETRY. dag_id=agri_meteo_etl, task_id=extract_weather, execution_date=20260125T000000, start_date=20260126T120657, end_date=20260126T120718
[2026-01-26T12:07:18.819+0000] {standard_task_runner.py:107} ERROR - Failed to execute job 182 for task extract_weather (Bash command failed. The command returned a non-zero exit code 1.; 195)
[2026-01-26T12:07:18.888+0000] {local_task_job_runner.py:234} INFO - Task exited with return code 1
[2026-01-26T12:07:19.006+0000] {taskinstance.py:3280} INFO - 0 downstream tasks scheduled from follow-on schedule check
[2026-01-26T13:58:20.765+0000] {taskinstance.py:1956} INFO - Dependencies all met for dep_context=non-requeueable deps ti=<TaskInstance: agri_meteo_etl.extract_weather scheduled__2026-01-25T00:00:00+00:00 [queued]>
[2026-01-26T13:58:20.822+0000] {taskinstance.py:1956} INFO - Dependencies all met for dep_context=requeueable deps ti=<TaskInstance: agri_meteo_etl.extract_weather scheduled__2026-01-25T00:00:00+00:00 [queued]>
[2026-01-26T13:58:20.823+0000] {taskinstance.py:2170} INFO - Starting attempt 1 of 2
[2026-01-26T13:58:20.926+0000] {taskinstance.py:2191} INFO - Executing <Task(BashOperator): extract_weather> on 2026-01-25 00:00:00+00:00
[2026-01-26T13:58:20.933+0000] {standard_task_runner.py:60} INFO - Started process 229 to run task
[2026-01-26T13:58:20.940+0000] {standard_task_runner.py:87} INFO - Running: ['***', 'tasks', 'run', 'agri_meteo_etl', 'extract_weather', 'scheduled__2026-01-25T00:00:00+00:00', '--job-id', '220', '--raw', '--subdir', 'DAGS_FOLDER/agri_meteo_etl.py', '--cfg-path', '/tmp/tmp7ru7wxoo']
[2026-01-26T13:58:20.945+0000] {standard_task_runner.py:88} INFO - Job 220: Subtask extract_weather
[2026-01-26T13:58:21.146+0000] {task_command.py:423} INFO - Running <TaskInstance: agri_meteo_etl.extract_weather scheduled__2026-01-25T00:00:00+00:00 [running]> on host 3641229983bf
[2026-01-26T13:58:21.385+0000] {taskinstance.py:2480} INFO - Exporting env vars: AIRFLOW_CTX_DAG_OWNER='***' AIRFLOW_CTX_DAG_ID='agri_meteo_etl' AIRFLOW_CTX_TASK_ID='extract_weather' AIRFLOW_CTX_EXECUTION_DATE='2026-01-25T00:00:00+00:00' AIRFLOW_CTX_TRY_NUMBER='1' AIRFLOW_CTX_DAG_RUN_ID='scheduled__2026-01-25T00:00:00+00:00'
[2026-01-26T13:58:21.387+0000] {subprocess.py:63} INFO - Tmp dir root location: /tmp
[2026-01-26T13:58:21.390+0000] {subprocess.py:75} INFO - Running command: ['/usr/bin/bash', '-c', 'docker exec spark python3 /app/scripts/extract.py']
[2026-01-26T13:58:21.402+0000] {subprocess.py:86} INFO - Output:
[2026-01-26T13:58:21.427+0000] {subprocess.py:93} INFO - Error response from daemon: client version 1.43 is too old. Minimum supported API version is 1.44, please upgrade your client to a newer version
[2026-01-26T13:58:21.428+0000] {subprocess.py:97} INFO - Command exited with return code 1
[2026-01-26T13:58:21.445+0000] {taskinstance.py:2698} ERROR - Task failed with exception
Traceback (most recent call last):
  File "/home/airflow/.local/lib/python3.8/site-packages/airflow/models/taskinstance.py", line 433, in _execute_task
    result = execute_callable(context=context, **execute_callable_kwargs)
  File "/home/airflow/.local/lib/python3.8/site-packages/airflow/operators/bash.py", line 212, in execute
    raise AirflowException(
airflow.exceptions.AirflowException: Bash command failed. The command returned a non-zero exit code 1.
[2026-01-26T13:58:21.448+0000] {taskinstance.py:1138} INFO - Marking task as UP_FOR_RETRY. dag_id=agri_meteo_etl, task_id=extract_weather, execution_date=20260125T000000, start_date=20260126T135820, end_date=20260126T135821
[2026-01-26T13:58:21.495+0000] {standard_task_runner.py:107} ERROR - Failed to execute job 220 for task extract_weather (Bash command failed. The command returned a non-zero exit code 1.; 229)
[2026-01-26T13:58:21.554+0000] {local_task_job_runner.py:234} INFO - Task exited with return code 1
[2026-01-26T13:58:21.665+0000] {taskinstance.py:3280} INFO - 0 downstream tasks scheduled from follow-on schedule check
