[2026-01-26T13:52:48.781+0000] {taskinstance.py:1956} INFO - Dependencies all met for dep_context=non-requeueable deps ti=<TaskInstance: agri_meteo_etl.extract_weather scheduled__2026-01-25T00:00:00+00:00 [queued]>
[2026-01-26T13:52:48.790+0000] {taskinstance.py:1956} INFO - Dependencies all met for dep_context=requeueable deps ti=<TaskInstance: agri_meteo_etl.extract_weather scheduled__2026-01-25T00:00:00+00:00 [queued]>
[2026-01-26T13:52:48.791+0000] {taskinstance.py:2170} INFO - Starting attempt 3 of 4
[2026-01-26T13:52:48.843+0000] {taskinstance.py:2191} INFO - Executing <Task(BashOperator): extract_weather> on 2026-01-25 00:00:00+00:00
[2026-01-26T13:52:48.847+0000] {standard_task_runner.py:60} INFO - Started process 245 to run task
[2026-01-26T13:52:48.851+0000] {standard_task_runner.py:87} INFO - Running: ['***', 'tasks', 'run', 'agri_meteo_etl', 'extract_weather', 'scheduled__2026-01-25T00:00:00+00:00', '--job-id', '190', '--raw', '--subdir', 'DAGS_FOLDER/agri_meteo_etl.py', '--cfg-path', '/tmp/tmpr_lb3ylp']
[2026-01-26T13:52:48.855+0000] {standard_task_runner.py:88} INFO - Job 190: Subtask extract_weather
[2026-01-26T13:52:48.972+0000] {task_command.py:423} INFO - Running <TaskInstance: agri_meteo_etl.extract_weather scheduled__2026-01-25T00:00:00+00:00 [running]> on host c5935e69212d
[2026-01-26T13:52:49.114+0000] {taskinstance.py:2480} INFO - Exporting env vars: AIRFLOW_CTX_DAG_OWNER='***' AIRFLOW_CTX_DAG_ID='agri_meteo_etl' AIRFLOW_CTX_TASK_ID='extract_weather' AIRFLOW_CTX_EXECUTION_DATE='2026-01-25T00:00:00+00:00' AIRFLOW_CTX_TRY_NUMBER='3' AIRFLOW_CTX_DAG_RUN_ID='scheduled__2026-01-25T00:00:00+00:00'
[2026-01-26T13:52:49.116+0000] {subprocess.py:63} INFO - Tmp dir root location: /tmp
[2026-01-26T13:52:49.117+0000] {subprocess.py:75} INFO - Running command: ['/usr/bin/bash', '-c', 'docker exec spark python3 /app/scripts/extract.py']
[2026-01-26T13:52:49.126+0000] {subprocess.py:86} INFO - Output:
[2026-01-26T13:52:49.149+0000] {subprocess.py:93} INFO - Error response from daemon: client version 1.43 is too old. Minimum supported API version is 1.44, please upgrade your client to a newer version
[2026-01-26T13:52:49.151+0000] {subprocess.py:97} INFO - Command exited with return code 1
[2026-01-26T13:52:49.165+0000] {taskinstance.py:2698} ERROR - Task failed with exception
Traceback (most recent call last):
  File "/home/airflow/.local/lib/python3.8/site-packages/airflow/models/taskinstance.py", line 433, in _execute_task
    result = execute_callable(context=context, **execute_callable_kwargs)
  File "/home/airflow/.local/lib/python3.8/site-packages/airflow/operators/bash.py", line 212, in execute
    raise AirflowException(
airflow.exceptions.AirflowException: Bash command failed. The command returned a non-zero exit code 1.
[2026-01-26T13:52:49.168+0000] {taskinstance.py:1138} INFO - Marking task as UP_FOR_RETRY. dag_id=agri_meteo_etl, task_id=extract_weather, execution_date=20260125T000000, start_date=20260126T135248, end_date=20260126T135249
[2026-01-26T13:52:49.223+0000] {standard_task_runner.py:107} ERROR - Failed to execute job 190 for task extract_weather (Bash command failed. The command returned a non-zero exit code 1.; 245)
[2026-01-26T13:52:49.267+0000] {local_task_job_runner.py:234} INFO - Task exited with return code 1
[2026-01-26T13:52:49.312+0000] {taskinstance.py:3280} INFO - 0 downstream tasks scheduled from follow-on schedule check
[2026-01-26T14:25:38.529+0000] {taskinstance.py:1956} INFO - Dependencies all met for dep_context=non-requeueable deps ti=<TaskInstance: agri_meteo_etl.extract_weather scheduled__2026-01-25T00:00:00+00:00 [queued]>
[2026-01-26T14:25:38.538+0000] {taskinstance.py:1956} INFO - Dependencies all met for dep_context=requeueable deps ti=<TaskInstance: agri_meteo_etl.extract_weather scheduled__2026-01-25T00:00:00+00:00 [queued]>
[2026-01-26T14:25:38.539+0000] {taskinstance.py:2170} INFO - Starting attempt 3 of 4
[2026-01-26T14:25:38.580+0000] {taskinstance.py:2191} INFO - Executing <Task(BashOperator): extract_weather> on 2026-01-25 00:00:00+00:00
[2026-01-26T14:25:38.593+0000] {standard_task_runner.py:60} INFO - Started process 565 to run task
[2026-01-26T14:25:38.599+0000] {standard_task_runner.py:87} INFO - Running: ['***', 'tasks', 'run', 'agri_meteo_etl', 'extract_weather', 'scheduled__2026-01-25T00:00:00+00:00', '--job-id', '226', '--raw', '--subdir', 'DAGS_FOLDER/agri_meteo_etl.py', '--cfg-path', '/tmp/tmp9l2sao2z']
[2026-01-26T14:25:38.603+0000] {standard_task_runner.py:88} INFO - Job 226: Subtask extract_weather
[2026-01-26T14:25:38.719+0000] {task_command.py:423} INFO - Running <TaskInstance: agri_meteo_etl.extract_weather scheduled__2026-01-25T00:00:00+00:00 [running]> on host 3641229983bf
[2026-01-26T14:25:38.867+0000] {taskinstance.py:2480} INFO - Exporting env vars: AIRFLOW_CTX_DAG_OWNER='***' AIRFLOW_CTX_DAG_ID='agri_meteo_etl' AIRFLOW_CTX_TASK_ID='extract_weather' AIRFLOW_CTX_EXECUTION_DATE='2026-01-25T00:00:00+00:00' AIRFLOW_CTX_TRY_NUMBER='3' AIRFLOW_CTX_DAG_RUN_ID='scheduled__2026-01-25T00:00:00+00:00'
[2026-01-26T14:25:38.869+0000] {subprocess.py:63} INFO - Tmp dir root location: /tmp
[2026-01-26T14:25:38.870+0000] {subprocess.py:75} INFO - Running command: ['/usr/bin/bash', '-c', 'docker exec spark python3 /app/scripts/extract.py']
[2026-01-26T14:25:38.880+0000] {subprocess.py:86} INFO - Output:
[2026-01-26T14:25:38.902+0000] {subprocess.py:93} INFO - Error response from daemon: client version 1.43 is too old. Minimum supported API version is 1.44, please upgrade your client to a newer version
[2026-01-26T14:25:38.903+0000] {subprocess.py:97} INFO - Command exited with return code 1
[2026-01-26T14:25:38.917+0000] {taskinstance.py:2698} ERROR - Task failed with exception
Traceback (most recent call last):
  File "/home/airflow/.local/lib/python3.8/site-packages/airflow/models/taskinstance.py", line 433, in _execute_task
    result = execute_callable(context=context, **execute_callable_kwargs)
  File "/home/airflow/.local/lib/python3.8/site-packages/airflow/operators/bash.py", line 212, in execute
    raise AirflowException(
airflow.exceptions.AirflowException: Bash command failed. The command returned a non-zero exit code 1.
[2026-01-26T14:25:38.920+0000] {taskinstance.py:1138} INFO - Marking task as UP_FOR_RETRY. dag_id=agri_meteo_etl, task_id=extract_weather, execution_date=20260125T000000, start_date=20260126T142538, end_date=20260126T142538
[2026-01-26T14:25:38.972+0000] {standard_task_runner.py:107} ERROR - Failed to execute job 226 for task extract_weather (Bash command failed. The command returned a non-zero exit code 1.; 565)
[2026-01-26T14:25:39.013+0000] {local_task_job_runner.py:234} INFO - Task exited with return code 1
[2026-01-26T14:25:39.046+0000] {taskinstance.py:3280} INFO - 0 downstream tasks scheduled from follow-on schedule check
