[2026-01-26T12:12:20.968+0000] {taskinstance.py:1956} INFO - Dependencies all met for dep_context=non-requeueable deps ti=<TaskInstance: agri_meteo_etl.extract_weather scheduled__2026-01-25T00:00:00+00:00 [queued]>
[2026-01-26T12:12:20.979+0000] {taskinstance.py:1956} INFO - Dependencies all met for dep_context=requeueable deps ti=<TaskInstance: agri_meteo_etl.extract_weather scheduled__2026-01-25T00:00:00+00:00 [queued]>
[2026-01-26T12:12:20.980+0000] {taskinstance.py:2170} INFO - Starting attempt 2 of 2
[2026-01-26T12:12:21.049+0000] {taskinstance.py:2191} INFO - Executing <Task(BashOperator): extract_weather> on 2026-01-25 00:00:00+00:00
[2026-01-26T12:12:21.059+0000] {standard_task_runner.py:60} INFO - Started process 270 to run task
[2026-01-26T12:12:21.067+0000] {standard_task_runner.py:87} INFO - Running: ['***', 'tasks', 'run', 'agri_meteo_etl', 'extract_weather', 'scheduled__2026-01-25T00:00:00+00:00', '--job-id', '184', '--raw', '--subdir', 'DAGS_FOLDER/agri_meteo_etl.py', '--cfg-path', '/tmp/tmpxhx8srp9']
[2026-01-26T12:12:21.074+0000] {standard_task_runner.py:88} INFO - Job 184: Subtask extract_weather
[2026-01-26T12:12:21.258+0000] {task_command.py:423} INFO - Running <TaskInstance: agri_meteo_etl.extract_weather scheduled__2026-01-25T00:00:00+00:00 [running]> on host 94905f87a852
[2026-01-26T12:12:21.464+0000] {taskinstance.py:2480} INFO - Exporting env vars: AIRFLOW_CTX_DAG_OWNER='***' AIRFLOW_CTX_DAG_ID='agri_meteo_etl' AIRFLOW_CTX_TASK_ID='extract_weather' AIRFLOW_CTX_EXECUTION_DATE='2026-01-25T00:00:00+00:00' AIRFLOW_CTX_TRY_NUMBER='2' AIRFLOW_CTX_DAG_RUN_ID='scheduled__2026-01-25T00:00:00+00:00'
[2026-01-26T12:12:21.466+0000] {subprocess.py:63} INFO - Tmp dir root location: /tmp
[2026-01-26T12:12:21.469+0000] {subprocess.py:75} INFO - Running command: ['/usr/bin/bash', '-c', 'docker exec spark python3 /app/scripts/extract.py']
[2026-01-26T12:12:21.485+0000] {subprocess.py:86} INFO - Output:
[2026-01-26T12:12:21.510+0000] {subprocess.py:93} INFO - Cannot connect to the Docker daemon at unix:///var/run/docker.sock. Is the docker daemon running?
[2026-01-26T12:12:21.512+0000] {subprocess.py:97} INFO - Command exited with return code 1
[2026-01-26T12:12:21.534+0000] {taskinstance.py:2698} ERROR - Task failed with exception
Traceback (most recent call last):
  File "/home/airflow/.local/lib/python3.8/site-packages/airflow/models/taskinstance.py", line 433, in _execute_task
    result = execute_callable(context=context, **execute_callable_kwargs)
  File "/home/airflow/.local/lib/python3.8/site-packages/airflow/operators/bash.py", line 212, in execute
    raise AirflowException(
airflow.exceptions.AirflowException: Bash command failed. The command returned a non-zero exit code 1.
[2026-01-26T12:12:21.539+0000] {taskinstance.py:1138} INFO - Marking task as FAILED. dag_id=agri_meteo_etl, task_id=extract_weather, execution_date=20260125T000000, start_date=20260126T121220, end_date=20260126T121221
[2026-01-26T12:12:21.595+0000] {standard_task_runner.py:107} ERROR - Failed to execute job 184 for task extract_weather (Bash command failed. The command returned a non-zero exit code 1.; 270)
[2026-01-26T12:12:21.644+0000] {local_task_job_runner.py:234} INFO - Task exited with return code 1
[2026-01-26T12:12:21.715+0000] {taskinstance.py:3280} INFO - 0 downstream tasks scheduled from follow-on schedule check
[2026-01-26T14:03:23.245+0000] {taskinstance.py:1956} INFO - Dependencies all met for dep_context=non-requeueable deps ti=<TaskInstance: agri_meteo_etl.extract_weather scheduled__2026-01-25T00:00:00+00:00 [queued]>
[2026-01-26T14:03:23.253+0000] {taskinstance.py:1956} INFO - Dependencies all met for dep_context=requeueable deps ti=<TaskInstance: agri_meteo_etl.extract_weather scheduled__2026-01-25T00:00:00+00:00 [queued]>
[2026-01-26T14:03:23.253+0000] {taskinstance.py:2170} INFO - Starting attempt 2 of 2
[2026-01-26T14:03:23.310+0000] {taskinstance.py:2191} INFO - Executing <Task(BashOperator): extract_weather> on 2026-01-25 00:00:00+00:00
[2026-01-26T14:03:23.314+0000] {standard_task_runner.py:60} INFO - Started process 298 to run task
[2026-01-26T14:03:23.318+0000] {standard_task_runner.py:87} INFO - Running: ['***', 'tasks', 'run', 'agri_meteo_etl', 'extract_weather', 'scheduled__2026-01-25T00:00:00+00:00', '--job-id', '223', '--raw', '--subdir', 'DAGS_FOLDER/agri_meteo_etl.py', '--cfg-path', '/tmp/tmpc31yejqt']
[2026-01-26T14:03:23.321+0000] {standard_task_runner.py:88} INFO - Job 223: Subtask extract_weather
[2026-01-26T14:03:23.451+0000] {task_command.py:423} INFO - Running <TaskInstance: agri_meteo_etl.extract_weather scheduled__2026-01-25T00:00:00+00:00 [running]> on host 3641229983bf
[2026-01-26T14:03:23.571+0000] {taskinstance.py:2480} INFO - Exporting env vars: AIRFLOW_CTX_DAG_OWNER='***' AIRFLOW_CTX_DAG_ID='agri_meteo_etl' AIRFLOW_CTX_TASK_ID='extract_weather' AIRFLOW_CTX_EXECUTION_DATE='2026-01-25T00:00:00+00:00' AIRFLOW_CTX_TRY_NUMBER='2' AIRFLOW_CTX_DAG_RUN_ID='scheduled__2026-01-25T00:00:00+00:00'
[2026-01-26T14:03:23.572+0000] {subprocess.py:63} INFO - Tmp dir root location: /tmp
[2026-01-26T14:03:23.574+0000] {subprocess.py:75} INFO - Running command: ['/usr/bin/bash', '-c', 'docker exec spark python3 /app/scripts/extract.py']
[2026-01-26T14:03:23.582+0000] {subprocess.py:86} INFO - Output:
[2026-01-26T14:03:23.600+0000] {subprocess.py:93} INFO - Error response from daemon: client version 1.43 is too old. Minimum supported API version is 1.44, please upgrade your client to a newer version
[2026-01-26T14:03:23.601+0000] {subprocess.py:97} INFO - Command exited with return code 1
[2026-01-26T14:03:23.613+0000] {taskinstance.py:2698} ERROR - Task failed with exception
Traceback (most recent call last):
  File "/home/airflow/.local/lib/python3.8/site-packages/airflow/models/taskinstance.py", line 433, in _execute_task
    result = execute_callable(context=context, **execute_callable_kwargs)
  File "/home/airflow/.local/lib/python3.8/site-packages/airflow/operators/bash.py", line 212, in execute
    raise AirflowException(
airflow.exceptions.AirflowException: Bash command failed. The command returned a non-zero exit code 1.
[2026-01-26T14:03:23.616+0000] {taskinstance.py:1138} INFO - Marking task as FAILED. dag_id=agri_meteo_etl, task_id=extract_weather, execution_date=20260125T000000, start_date=20260126T140323, end_date=20260126T140323
[2026-01-26T14:03:23.677+0000] {standard_task_runner.py:107} ERROR - Failed to execute job 223 for task extract_weather (Bash command failed. The command returned a non-zero exit code 1.; 298)
[2026-01-26T14:03:23.733+0000] {local_task_job_runner.py:234} INFO - Task exited with return code 1
[2026-01-26T14:03:23.781+0000] {taskinstance.py:3280} INFO - 0 downstream tasks scheduled from follow-on schedule check
