[2026-01-22T07:58:25.927+0000] {processor.py:161} INFO - Started process (PID=1792) to work on /opt/airflow/dags/agri_meteo_etl.py
[2026-01-22T07:58:26.188+0000] {processor.py:830} INFO - Processing file /opt/airflow/dags/agri_meteo_etl.py for tasks to queue
[2026-01-22T07:58:26.190+0000] {logging_mixin.py:188} INFO - [2026-01-22T07:58:26.189+0000] {dagbag.py:538} INFO - Filling up the DagBag from /opt/airflow/dags/agri_meteo_etl.py
[2026-01-22T07:58:26.232+0000] {processor.py:840} INFO - DAG(s) 'agri_meteo_etl' retrieved from /opt/airflow/dags/agri_meteo_etl.py
[2026-01-22T07:58:28.064+0000] {logging_mixin.py:188} INFO - [2026-01-22T07:58:28.064+0000] {dag.py:3036} INFO - Sync 1 DAGs
[2026-01-22T07:58:28.091+0000] {logging_mixin.py:188} INFO - [2026-01-22T07:58:28.091+0000] {dag.py:3823} INFO - Setting next_dagrun for agri_meteo_etl to 2026-01-22 00:00:00+00:00, run_after=2026-01-23 00:00:00+00:00
[2026-01-22T07:58:31.531+0000] {processor.py:183} INFO - Processing /opt/airflow/dags/agri_meteo_etl.py took 6.363 seconds
[2026-01-22T07:59:02.647+0000] {processor.py:161} INFO - Started process (PID=1813) to work on /opt/airflow/dags/agri_meteo_etl.py
[2026-01-22T07:59:02.911+0000] {processor.py:830} INFO - Processing file /opt/airflow/dags/agri_meteo_etl.py for tasks to queue
[2026-01-22T07:59:02.913+0000] {logging_mixin.py:188} INFO - [2026-01-22T07:59:02.913+0000] {dagbag.py:538} INFO - Filling up the DagBag from /opt/airflow/dags/agri_meteo_etl.py
[2026-01-22T07:59:02.933+0000] {processor.py:840} INFO - DAG(s) 'agri_meteo_etl' retrieved from /opt/airflow/dags/agri_meteo_etl.py
[2026-01-22T07:59:02.959+0000] {logging_mixin.py:188} INFO - [2026-01-22T07:59:02.959+0000] {dag.py:3036} INFO - Sync 1 DAGs
[2026-01-22T07:59:03.608+0000] {logging_mixin.py:188} INFO - [2026-01-22T07:59:03.607+0000] {dag.py:3823} INFO - Setting next_dagrun for agri_meteo_etl to 2026-01-22 00:00:00+00:00, run_after=2026-01-23 00:00:00+00:00
[2026-01-22T07:59:04.521+0000] {processor.py:183} INFO - Processing /opt/airflow/dags/agri_meteo_etl.py took 1.877 seconds
[2026-01-22T07:59:34.700+0000] {processor.py:161} INFO - Started process (PID=1818) to work on /opt/airflow/dags/agri_meteo_etl.py
[2026-01-22T07:59:34.779+0000] {processor.py:830} INFO - Processing file /opt/airflow/dags/agri_meteo_etl.py for tasks to queue
[2026-01-22T07:59:34.780+0000] {logging_mixin.py:188} INFO - [2026-01-22T07:59:34.780+0000] {dagbag.py:538} INFO - Filling up the DagBag from /opt/airflow/dags/agri_meteo_etl.py
[2026-01-22T07:59:34.799+0000] {processor.py:840} INFO - DAG(s) 'agri_meteo_etl' retrieved from /opt/airflow/dags/agri_meteo_etl.py
[2026-01-22T07:59:34.830+0000] {logging_mixin.py:188} INFO - [2026-01-22T07:59:34.829+0000] {dag.py:3036} INFO - Sync 1 DAGs
[2026-01-22T07:59:34.851+0000] {logging_mixin.py:188} INFO - [2026-01-22T07:59:34.851+0000] {dag.py:3823} INFO - Setting next_dagrun for agri_meteo_etl to 2026-01-22 00:00:00+00:00, run_after=2026-01-23 00:00:00+00:00
[2026-01-22T07:59:35.641+0000] {processor.py:183} INFO - Processing /opt/airflow/dags/agri_meteo_etl.py took 0.945 seconds
[2026-01-22T08:00:12.038+0000] {processor.py:161} INFO - Started process (PID=1823) to work on /opt/airflow/dags/agri_meteo_etl.py
[2026-01-22T08:00:12.211+0000] {processor.py:830} INFO - Processing file /opt/airflow/dags/agri_meteo_etl.py for tasks to queue
[2026-01-22T08:00:12.216+0000] {logging_mixin.py:188} INFO - [2026-01-22T08:00:12.215+0000] {dagbag.py:538} INFO - Filling up the DagBag from /opt/airflow/dags/agri_meteo_etl.py
[2026-01-22T08:00:12.247+0000] {processor.py:840} INFO - DAG(s) 'agri_meteo_etl' retrieved from /opt/airflow/dags/agri_meteo_etl.py
[2026-01-22T08:00:12.280+0000] {logging_mixin.py:188} INFO - [2026-01-22T08:00:12.280+0000] {dag.py:3036} INFO - Sync 1 DAGs
[2026-01-22T08:00:12.309+0000] {logging_mixin.py:188} INFO - [2026-01-22T08:00:12.309+0000] {dag.py:3823} INFO - Setting next_dagrun for agri_meteo_etl to 2026-01-22 00:00:00+00:00, run_after=2026-01-23 00:00:00+00:00
[2026-01-22T08:00:13.772+0000] {processor.py:183} INFO - Processing /opt/airflow/dags/agri_meteo_etl.py took 1.737 seconds
[2026-01-22T08:00:44.458+0000] {processor.py:161} INFO - Started process (PID=1828) to work on /opt/airflow/dags/agri_meteo_etl.py
[2026-01-22T08:00:44.564+0000] {processor.py:830} INFO - Processing file /opt/airflow/dags/agri_meteo_etl.py for tasks to queue
[2026-01-22T08:00:44.566+0000] {logging_mixin.py:188} INFO - [2026-01-22T08:00:44.565+0000] {dagbag.py:538} INFO - Filling up the DagBag from /opt/airflow/dags/agri_meteo_etl.py
[2026-01-22T08:00:44.592+0000] {processor.py:840} INFO - DAG(s) 'agri_meteo_etl' retrieved from /opt/airflow/dags/agri_meteo_etl.py
[2026-01-22T08:00:44.626+0000] {logging_mixin.py:188} INFO - [2026-01-22T08:00:44.626+0000] {dag.py:3036} INFO - Sync 1 DAGs
[2026-01-22T08:00:44.659+0000] {logging_mixin.py:188} INFO - [2026-01-22T08:00:44.658+0000] {dag.py:3823} INFO - Setting next_dagrun for agri_meteo_etl to 2026-01-22 00:00:00+00:00, run_after=2026-01-23 00:00:00+00:00
[2026-01-22T08:00:44.979+0000] {processor.py:183} INFO - Processing /opt/airflow/dags/agri_meteo_etl.py took 0.526 seconds
[2026-01-22T08:01:15.575+0000] {processor.py:161} INFO - Started process (PID=1833) to work on /opt/airflow/dags/agri_meteo_etl.py
[2026-01-22T08:01:15.577+0000] {processor.py:830} INFO - Processing file /opt/airflow/dags/agri_meteo_etl.py for tasks to queue
[2026-01-22T08:01:15.578+0000] {logging_mixin.py:188} INFO - [2026-01-22T08:01:15.578+0000] {dagbag.py:538} INFO - Filling up the DagBag from /opt/airflow/dags/agri_meteo_etl.py
[2026-01-22T08:01:15.599+0000] {processor.py:840} INFO - DAG(s) 'agri_meteo_etl' retrieved from /opt/airflow/dags/agri_meteo_etl.py
[2026-01-22T08:01:15.671+0000] {logging_mixin.py:188} INFO - [2026-01-22T08:01:15.671+0000] {dag.py:3036} INFO - Sync 1 DAGs
[2026-01-22T08:01:15.766+0000] {logging_mixin.py:188} INFO - [2026-01-22T08:01:15.766+0000] {dag.py:3823} INFO - Setting next_dagrun for agri_meteo_etl to 2026-01-22 00:00:00+00:00, run_after=2026-01-23 00:00:00+00:00
[2026-01-22T08:01:15.912+0000] {processor.py:183} INFO - Processing /opt/airflow/dags/agri_meteo_etl.py took 0.341 seconds
[2026-01-22T08:01:46.227+0000] {processor.py:161} INFO - Started process (PID=1838) to work on /opt/airflow/dags/agri_meteo_etl.py
[2026-01-22T08:01:46.228+0000] {processor.py:830} INFO - Processing file /opt/airflow/dags/agri_meteo_etl.py for tasks to queue
[2026-01-22T08:01:46.229+0000] {logging_mixin.py:188} INFO - [2026-01-22T08:01:46.229+0000] {dagbag.py:538} INFO - Filling up the DagBag from /opt/airflow/dags/agri_meteo_etl.py
[2026-01-22T08:01:46.251+0000] {processor.py:840} INFO - DAG(s) 'agri_meteo_etl' retrieved from /opt/airflow/dags/agri_meteo_etl.py
[2026-01-22T08:01:46.284+0000] {logging_mixin.py:188} INFO - [2026-01-22T08:01:46.283+0000] {dag.py:3036} INFO - Sync 1 DAGs
[2026-01-22T08:01:46.307+0000] {logging_mixin.py:188} INFO - [2026-01-22T08:01:46.307+0000] {dag.py:3823} INFO - Setting next_dagrun for agri_meteo_etl to 2026-01-22 00:00:00+00:00, run_after=2026-01-23 00:00:00+00:00
[2026-01-22T08:01:46.414+0000] {processor.py:183} INFO - Processing /opt/airflow/dags/agri_meteo_etl.py took 0.192 seconds
[2026-01-22T08:02:16.547+0000] {processor.py:161} INFO - Started process (PID=1843) to work on /opt/airflow/dags/agri_meteo_etl.py
[2026-01-22T08:02:16.548+0000] {processor.py:830} INFO - Processing file /opt/airflow/dags/agri_meteo_etl.py for tasks to queue
[2026-01-22T08:02:16.549+0000] {logging_mixin.py:188} INFO - [2026-01-22T08:02:16.548+0000] {dagbag.py:538} INFO - Filling up the DagBag from /opt/airflow/dags/agri_meteo_etl.py
[2026-01-22T08:02:16.568+0000] {processor.py:840} INFO - DAG(s) 'agri_meteo_etl' retrieved from /opt/airflow/dags/agri_meteo_etl.py
[2026-01-22T08:02:16.601+0000] {logging_mixin.py:188} INFO - [2026-01-22T08:02:16.601+0000] {dag.py:3036} INFO - Sync 1 DAGs
[2026-01-22T08:02:16.624+0000] {logging_mixin.py:188} INFO - [2026-01-22T08:02:16.624+0000] {dag.py:3823} INFO - Setting next_dagrun for agri_meteo_etl to 2026-01-22 00:00:00+00:00, run_after=2026-01-23 00:00:00+00:00
[2026-01-22T08:02:16.675+0000] {processor.py:183} INFO - Processing /opt/airflow/dags/agri_meteo_etl.py took 0.133 seconds
[2026-01-22T08:02:46.937+0000] {processor.py:161} INFO - Started process (PID=1848) to work on /opt/airflow/dags/agri_meteo_etl.py
[2026-01-22T08:02:46.939+0000] {processor.py:830} INFO - Processing file /opt/airflow/dags/agri_meteo_etl.py for tasks to queue
[2026-01-22T08:02:46.940+0000] {logging_mixin.py:188} INFO - [2026-01-22T08:02:46.939+0000] {dagbag.py:538} INFO - Filling up the DagBag from /opt/airflow/dags/agri_meteo_etl.py
[2026-01-22T08:02:46.961+0000] {processor.py:840} INFO - DAG(s) 'agri_meteo_etl' retrieved from /opt/airflow/dags/agri_meteo_etl.py
[2026-01-22T08:02:46.989+0000] {logging_mixin.py:188} INFO - [2026-01-22T08:02:46.989+0000] {dag.py:3036} INFO - Sync 1 DAGs
[2026-01-22T08:02:47.012+0000] {logging_mixin.py:188} INFO - [2026-01-22T08:02:47.012+0000] {dag.py:3823} INFO - Setting next_dagrun for agri_meteo_etl to 2026-01-22 00:00:00+00:00, run_after=2026-01-23 00:00:00+00:00
[2026-01-22T08:02:47.106+0000] {processor.py:183} INFO - Processing /opt/airflow/dags/agri_meteo_etl.py took 0.172 seconds
[2026-01-22T08:03:17.259+0000] {processor.py:161} INFO - Started process (PID=1853) to work on /opt/airflow/dags/agri_meteo_etl.py
[2026-01-22T08:03:17.263+0000] {processor.py:830} INFO - Processing file /opt/airflow/dags/agri_meteo_etl.py for tasks to queue
[2026-01-22T08:03:17.265+0000] {logging_mixin.py:188} INFO - [2026-01-22T08:03:17.265+0000] {dagbag.py:538} INFO - Filling up the DagBag from /opt/airflow/dags/agri_meteo_etl.py
[2026-01-22T08:03:17.291+0000] {processor.py:840} INFO - DAG(s) 'agri_meteo_etl' retrieved from /opt/airflow/dags/agri_meteo_etl.py
[2026-01-22T08:03:17.325+0000] {logging_mixin.py:188} INFO - [2026-01-22T08:03:17.324+0000] {dag.py:3036} INFO - Sync 1 DAGs
[2026-01-22T08:03:17.349+0000] {logging_mixin.py:188} INFO - [2026-01-22T08:03:17.349+0000] {dag.py:3823} INFO - Setting next_dagrun for agri_meteo_etl to 2026-01-22 00:00:00+00:00, run_after=2026-01-23 00:00:00+00:00
[2026-01-22T08:03:17.543+0000] {processor.py:183} INFO - Processing /opt/airflow/dags/agri_meteo_etl.py took 0.289 seconds
[2026-01-22T08:03:47.777+0000] {processor.py:161} INFO - Started process (PID=1858) to work on /opt/airflow/dags/agri_meteo_etl.py
[2026-01-22T08:03:47.778+0000] {processor.py:830} INFO - Processing file /opt/airflow/dags/agri_meteo_etl.py for tasks to queue
[2026-01-22T08:03:47.779+0000] {logging_mixin.py:188} INFO - [2026-01-22T08:03:47.779+0000] {dagbag.py:538} INFO - Filling up the DagBag from /opt/airflow/dags/agri_meteo_etl.py
[2026-01-22T08:03:47.802+0000] {processor.py:840} INFO - DAG(s) 'agri_meteo_etl' retrieved from /opt/airflow/dags/agri_meteo_etl.py
[2026-01-22T08:03:47.834+0000] {logging_mixin.py:188} INFO - [2026-01-22T08:03:47.833+0000] {dag.py:3036} INFO - Sync 1 DAGs
[2026-01-22T08:03:47.857+0000] {logging_mixin.py:188} INFO - [2026-01-22T08:03:47.857+0000] {dag.py:3823} INFO - Setting next_dagrun for agri_meteo_etl to 2026-01-22 00:00:00+00:00, run_after=2026-01-23 00:00:00+00:00
[2026-01-22T08:03:47.955+0000] {processor.py:183} INFO - Processing /opt/airflow/dags/agri_meteo_etl.py took 0.184 seconds
[2026-01-22T08:04:18.250+0000] {processor.py:161} INFO - Started process (PID=1873) to work on /opt/airflow/dags/agri_meteo_etl.py
[2026-01-22T08:04:18.252+0000] {processor.py:830} INFO - Processing file /opt/airflow/dags/agri_meteo_etl.py for tasks to queue
[2026-01-22T08:04:18.253+0000] {logging_mixin.py:188} INFO - [2026-01-22T08:04:18.252+0000] {dagbag.py:538} INFO - Filling up the DagBag from /opt/airflow/dags/agri_meteo_etl.py
[2026-01-22T08:04:18.274+0000] {processor.py:840} INFO - DAG(s) 'agri_meteo_etl' retrieved from /opt/airflow/dags/agri_meteo_etl.py
[2026-01-22T08:04:18.302+0000] {logging_mixin.py:188} INFO - [2026-01-22T08:04:18.302+0000] {dag.py:3036} INFO - Sync 1 DAGs
[2026-01-22T08:04:18.327+0000] {logging_mixin.py:188} INFO - [2026-01-22T08:04:18.327+0000] {dag.py:3823} INFO - Setting next_dagrun for agri_meteo_etl to 2026-01-22 00:00:00+00:00, run_after=2026-01-23 00:00:00+00:00
[2026-01-22T08:04:18.394+0000] {processor.py:183} INFO - Processing /opt/airflow/dags/agri_meteo_etl.py took 0.148 seconds
[2026-01-22T08:04:48.549+0000] {processor.py:161} INFO - Started process (PID=1878) to work on /opt/airflow/dags/agri_meteo_etl.py
[2026-01-22T08:04:48.551+0000] {processor.py:830} INFO - Processing file /opt/airflow/dags/agri_meteo_etl.py for tasks to queue
[2026-01-22T08:04:48.553+0000] {logging_mixin.py:188} INFO - [2026-01-22T08:04:48.552+0000] {dagbag.py:538} INFO - Filling up the DagBag from /opt/airflow/dags/agri_meteo_etl.py
[2026-01-22T08:04:48.573+0000] {processor.py:840} INFO - DAG(s) 'agri_meteo_etl' retrieved from /opt/airflow/dags/agri_meteo_etl.py
[2026-01-22T08:04:48.606+0000] {logging_mixin.py:188} INFO - [2026-01-22T08:04:48.606+0000] {dag.py:3036} INFO - Sync 1 DAGs
[2026-01-22T08:04:48.629+0000] {logging_mixin.py:188} INFO - [2026-01-22T08:04:48.629+0000] {dag.py:3823} INFO - Setting next_dagrun for agri_meteo_etl to 2026-01-22 00:00:00+00:00, run_after=2026-01-23 00:00:00+00:00
[2026-01-22T08:04:48.713+0000] {processor.py:183} INFO - Processing /opt/airflow/dags/agri_meteo_etl.py took 0.168 seconds
[2026-01-22T08:05:19.039+0000] {processor.py:161} INFO - Started process (PID=1883) to work on /opt/airflow/dags/agri_meteo_etl.py
[2026-01-22T08:05:19.040+0000] {processor.py:830} INFO - Processing file /opt/airflow/dags/agri_meteo_etl.py for tasks to queue
[2026-01-22T08:05:19.041+0000] {logging_mixin.py:188} INFO - [2026-01-22T08:05:19.041+0000] {dagbag.py:538} INFO - Filling up the DagBag from /opt/airflow/dags/agri_meteo_etl.py
[2026-01-22T08:05:19.063+0000] {processor.py:840} INFO - DAG(s) 'agri_meteo_etl' retrieved from /opt/airflow/dags/agri_meteo_etl.py
[2026-01-22T08:05:19.098+0000] {logging_mixin.py:188} INFO - [2026-01-22T08:05:19.097+0000] {dag.py:3036} INFO - Sync 1 DAGs
[2026-01-22T08:05:19.124+0000] {logging_mixin.py:188} INFO - [2026-01-22T08:05:19.124+0000] {dag.py:3823} INFO - Setting next_dagrun for agri_meteo_etl to 2026-01-22 00:00:00+00:00, run_after=2026-01-23 00:00:00+00:00
[2026-01-22T08:05:19.180+0000] {processor.py:183} INFO - Processing /opt/airflow/dags/agri_meteo_etl.py took 0.146 seconds
[2026-01-22T08:05:49.404+0000] {processor.py:161} INFO - Started process (PID=1888) to work on /opt/airflow/dags/agri_meteo_etl.py
[2026-01-22T08:05:49.406+0000] {processor.py:830} INFO - Processing file /opt/airflow/dags/agri_meteo_etl.py for tasks to queue
[2026-01-22T08:05:49.407+0000] {logging_mixin.py:188} INFO - [2026-01-22T08:05:49.407+0000] {dagbag.py:538} INFO - Filling up the DagBag from /opt/airflow/dags/agri_meteo_etl.py
[2026-01-22T08:05:49.429+0000] {processor.py:840} INFO - DAG(s) 'agri_meteo_etl' retrieved from /opt/airflow/dags/agri_meteo_etl.py
[2026-01-22T08:05:49.460+0000] {logging_mixin.py:188} INFO - [2026-01-22T08:05:49.460+0000] {dag.py:3036} INFO - Sync 1 DAGs
[2026-01-22T08:05:49.490+0000] {logging_mixin.py:188} INFO - [2026-01-22T08:05:49.489+0000] {dag.py:3823} INFO - Setting next_dagrun for agri_meteo_etl to 2026-01-22 00:00:00+00:00, run_after=2026-01-23 00:00:00+00:00
[2026-01-22T08:05:49.568+0000] {processor.py:183} INFO - Processing /opt/airflow/dags/agri_meteo_etl.py took 0.168 seconds
[2026-01-22T08:06:19.730+0000] {processor.py:161} INFO - Started process (PID=1893) to work on /opt/airflow/dags/agri_meteo_etl.py
[2026-01-22T08:06:19.731+0000] {processor.py:830} INFO - Processing file /opt/airflow/dags/agri_meteo_etl.py for tasks to queue
[2026-01-22T08:06:19.732+0000] {logging_mixin.py:188} INFO - [2026-01-22T08:06:19.732+0000] {dagbag.py:538} INFO - Filling up the DagBag from /opt/airflow/dags/agri_meteo_etl.py
[2026-01-22T08:06:19.752+0000] {processor.py:840} INFO - DAG(s) 'agri_meteo_etl' retrieved from /opt/airflow/dags/agri_meteo_etl.py
[2026-01-22T08:06:19.781+0000] {logging_mixin.py:188} INFO - [2026-01-22T08:06:19.781+0000] {dag.py:3036} INFO - Sync 1 DAGs
[2026-01-22T08:06:19.804+0000] {logging_mixin.py:188} INFO - [2026-01-22T08:06:19.804+0000] {dag.py:3823} INFO - Setting next_dagrun for agri_meteo_etl to 2026-01-22 00:00:00+00:00, run_after=2026-01-23 00:00:00+00:00
[2026-01-22T08:06:19.866+0000] {processor.py:183} INFO - Processing /opt/airflow/dags/agri_meteo_etl.py took 0.140 seconds
[2026-01-22T08:06:50.094+0000] {processor.py:161} INFO - Started process (PID=1898) to work on /opt/airflow/dags/agri_meteo_etl.py
[2026-01-22T08:06:50.096+0000] {processor.py:830} INFO - Processing file /opt/airflow/dags/agri_meteo_etl.py for tasks to queue
[2026-01-22T08:06:50.098+0000] {logging_mixin.py:188} INFO - [2026-01-22T08:06:50.097+0000] {dagbag.py:538} INFO - Filling up the DagBag from /opt/airflow/dags/agri_meteo_etl.py
[2026-01-22T08:06:50.126+0000] {processor.py:840} INFO - DAG(s) 'agri_meteo_etl' retrieved from /opt/airflow/dags/agri_meteo_etl.py
[2026-01-22T08:06:50.160+0000] {logging_mixin.py:188} INFO - [2026-01-22T08:06:50.159+0000] {dag.py:3036} INFO - Sync 1 DAGs
[2026-01-22T08:06:50.187+0000] {logging_mixin.py:188} INFO - [2026-01-22T08:06:50.186+0000] {dag.py:3823} INFO - Setting next_dagrun for agri_meteo_etl to 2026-01-22 00:00:00+00:00, run_after=2026-01-23 00:00:00+00:00
[2026-01-22T08:06:50.271+0000] {processor.py:183} INFO - Processing /opt/airflow/dags/agri_meteo_etl.py took 0.185 seconds
[2026-01-22T08:07:20.529+0000] {processor.py:161} INFO - Started process (PID=1903) to work on /opt/airflow/dags/agri_meteo_etl.py
[2026-01-22T08:07:20.530+0000] {processor.py:830} INFO - Processing file /opt/airflow/dags/agri_meteo_etl.py for tasks to queue
[2026-01-22T08:07:20.531+0000] {logging_mixin.py:188} INFO - [2026-01-22T08:07:20.531+0000] {dagbag.py:538} INFO - Filling up the DagBag from /opt/airflow/dags/agri_meteo_etl.py
[2026-01-22T08:07:20.550+0000] {processor.py:840} INFO - DAG(s) 'agri_meteo_etl' retrieved from /opt/airflow/dags/agri_meteo_etl.py
[2026-01-22T08:07:20.580+0000] {logging_mixin.py:188} INFO - [2026-01-22T08:07:20.580+0000] {dag.py:3036} INFO - Sync 1 DAGs
[2026-01-22T08:07:20.604+0000] {logging_mixin.py:188} INFO - [2026-01-22T08:07:20.604+0000] {dag.py:3823} INFO - Setting next_dagrun for agri_meteo_etl to 2026-01-22 00:00:00+00:00, run_after=2026-01-23 00:00:00+00:00
[2026-01-22T08:07:20.701+0000] {processor.py:183} INFO - Processing /opt/airflow/dags/agri_meteo_etl.py took 0.176 seconds
[2026-01-22T08:07:50.913+0000] {processor.py:161} INFO - Started process (PID=1908) to work on /opt/airflow/dags/agri_meteo_etl.py
[2026-01-22T08:07:50.915+0000] {processor.py:830} INFO - Processing file /opt/airflow/dags/agri_meteo_etl.py for tasks to queue
[2026-01-22T08:07:50.917+0000] {logging_mixin.py:188} INFO - [2026-01-22T08:07:50.916+0000] {dagbag.py:538} INFO - Filling up the DagBag from /opt/airflow/dags/agri_meteo_etl.py
[2026-01-22T08:07:50.947+0000] {processor.py:840} INFO - DAG(s) 'agri_meteo_etl' retrieved from /opt/airflow/dags/agri_meteo_etl.py
[2026-01-22T08:07:51.005+0000] {logging_mixin.py:188} INFO - [2026-01-22T08:07:51.005+0000] {dag.py:3036} INFO - Sync 1 DAGs
[2026-01-22T08:07:51.048+0000] {logging_mixin.py:188} INFO - [2026-01-22T08:07:51.047+0000] {dag.py:3823} INFO - Setting next_dagrun for agri_meteo_etl to 2026-01-22 00:00:00+00:00, run_after=2026-01-23 00:00:00+00:00
[2026-01-22T08:07:51.142+0000] {processor.py:183} INFO - Processing /opt/airflow/dags/agri_meteo_etl.py took 0.236 seconds
[2026-01-22T08:08:21.259+0000] {processor.py:161} INFO - Started process (PID=1913) to work on /opt/airflow/dags/agri_meteo_etl.py
[2026-01-22T08:08:21.261+0000] {processor.py:830} INFO - Processing file /opt/airflow/dags/agri_meteo_etl.py for tasks to queue
[2026-01-22T08:08:21.263+0000] {logging_mixin.py:188} INFO - [2026-01-22T08:08:21.262+0000] {dagbag.py:538} INFO - Filling up the DagBag from /opt/airflow/dags/agri_meteo_etl.py
[2026-01-22T08:08:21.291+0000] {processor.py:840} INFO - DAG(s) 'agri_meteo_etl' retrieved from /opt/airflow/dags/agri_meteo_etl.py
[2026-01-22T08:08:21.323+0000] {logging_mixin.py:188} INFO - [2026-01-22T08:08:21.322+0000] {dag.py:3036} INFO - Sync 1 DAGs
[2026-01-22T08:08:21.350+0000] {logging_mixin.py:188} INFO - [2026-01-22T08:08:21.349+0000] {dag.py:3823} INFO - Setting next_dagrun for agri_meteo_etl to 2026-01-22 00:00:00+00:00, run_after=2026-01-23 00:00:00+00:00
[2026-01-22T08:08:21.648+0000] {processor.py:183} INFO - Processing /opt/airflow/dags/agri_meteo_etl.py took 0.395 seconds
[2026-01-22T08:08:51.850+0000] {processor.py:161} INFO - Started process (PID=1918) to work on /opt/airflow/dags/agri_meteo_etl.py
[2026-01-22T08:08:51.851+0000] {processor.py:830} INFO - Processing file /opt/airflow/dags/agri_meteo_etl.py for tasks to queue
[2026-01-22T08:08:51.852+0000] {logging_mixin.py:188} INFO - [2026-01-22T08:08:51.852+0000] {dagbag.py:538} INFO - Filling up the DagBag from /opt/airflow/dags/agri_meteo_etl.py
[2026-01-22T08:08:51.877+0000] {processor.py:840} INFO - DAG(s) 'agri_meteo_etl' retrieved from /opt/airflow/dags/agri_meteo_etl.py
[2026-01-22T08:08:51.912+0000] {logging_mixin.py:188} INFO - [2026-01-22T08:08:51.912+0000] {dag.py:3036} INFO - Sync 1 DAGs
[2026-01-22T08:08:51.943+0000] {logging_mixin.py:188} INFO - [2026-01-22T08:08:51.943+0000] {dag.py:3823} INFO - Setting next_dagrun for agri_meteo_etl to 2026-01-22 00:00:00+00:00, run_after=2026-01-23 00:00:00+00:00
[2026-01-22T08:08:52.138+0000] {processor.py:183} INFO - Processing /opt/airflow/dags/agri_meteo_etl.py took 0.292 seconds
[2026-01-22T08:09:22.435+0000] {processor.py:161} INFO - Started process (PID=1923) to work on /opt/airflow/dags/agri_meteo_etl.py
[2026-01-22T08:09:22.436+0000] {processor.py:830} INFO - Processing file /opt/airflow/dags/agri_meteo_etl.py for tasks to queue
[2026-01-22T08:09:22.438+0000] {logging_mixin.py:188} INFO - [2026-01-22T08:09:22.437+0000] {dagbag.py:538} INFO - Filling up the DagBag from /opt/airflow/dags/agri_meteo_etl.py
[2026-01-22T08:09:22.461+0000] {processor.py:840} INFO - DAG(s) 'agri_meteo_etl' retrieved from /opt/airflow/dags/agri_meteo_etl.py
[2026-01-22T08:09:22.501+0000] {logging_mixin.py:188} INFO - [2026-01-22T08:09:22.501+0000] {dag.py:3036} INFO - Sync 1 DAGs
[2026-01-22T08:09:22.530+0000] {logging_mixin.py:188} INFO - [2026-01-22T08:09:22.530+0000] {dag.py:3823} INFO - Setting next_dagrun for agri_meteo_etl to 2026-01-22 00:00:00+00:00, run_after=2026-01-23 00:00:00+00:00
[2026-01-22T08:09:23.732+0000] {processor.py:183} INFO - Processing /opt/airflow/dags/agri_meteo_etl.py took 1.301 seconds
[2026-01-22T08:09:53.839+0000] {processor.py:161} INFO - Started process (PID=1928) to work on /opt/airflow/dags/agri_meteo_etl.py
[2026-01-22T08:09:53.841+0000] {processor.py:830} INFO - Processing file /opt/airflow/dags/agri_meteo_etl.py for tasks to queue
[2026-01-22T08:09:53.842+0000] {logging_mixin.py:188} INFO - [2026-01-22T08:09:53.842+0000] {dagbag.py:538} INFO - Filling up the DagBag from /opt/airflow/dags/agri_meteo_etl.py
[2026-01-22T08:09:53.862+0000] {processor.py:840} INFO - DAG(s) 'agri_meteo_etl' retrieved from /opt/airflow/dags/agri_meteo_etl.py
[2026-01-22T08:09:53.890+0000] {logging_mixin.py:188} INFO - [2026-01-22T08:09:53.890+0000] {dag.py:3036} INFO - Sync 1 DAGs
[2026-01-22T08:09:53.911+0000] {logging_mixin.py:188} INFO - [2026-01-22T08:09:53.911+0000] {dag.py:3823} INFO - Setting next_dagrun for agri_meteo_etl to 2026-01-22 00:00:00+00:00, run_after=2026-01-23 00:00:00+00:00
[2026-01-22T08:09:54.238+0000] {processor.py:183} INFO - Processing /opt/airflow/dags/agri_meteo_etl.py took 0.404 seconds
[2026-01-22T08:10:24.435+0000] {processor.py:161} INFO - Started process (PID=1933) to work on /opt/airflow/dags/agri_meteo_etl.py
[2026-01-22T08:10:24.436+0000] {processor.py:830} INFO - Processing file /opt/airflow/dags/agri_meteo_etl.py for tasks to queue
[2026-01-22T08:10:24.437+0000] {logging_mixin.py:188} INFO - [2026-01-22T08:10:24.436+0000] {dagbag.py:538} INFO - Filling up the DagBag from /opt/airflow/dags/agri_meteo_etl.py
[2026-01-22T08:10:24.456+0000] {processor.py:840} INFO - DAG(s) 'agri_meteo_etl' retrieved from /opt/airflow/dags/agri_meteo_etl.py
[2026-01-22T08:10:24.486+0000] {logging_mixin.py:188} INFO - [2026-01-22T08:10:24.486+0000] {dag.py:3036} INFO - Sync 1 DAGs
[2026-01-22T08:10:24.511+0000] {logging_mixin.py:188} INFO - [2026-01-22T08:10:24.511+0000] {dag.py:3823} INFO - Setting next_dagrun for agri_meteo_etl to 2026-01-22 00:00:00+00:00, run_after=2026-01-23 00:00:00+00:00
[2026-01-22T08:10:25.204+0000] {processor.py:183} INFO - Processing /opt/airflow/dags/agri_meteo_etl.py took 0.774 seconds
[2026-01-22T08:10:55.692+0000] {processor.py:161} INFO - Started process (PID=1938) to work on /opt/airflow/dags/agri_meteo_etl.py
[2026-01-22T08:10:55.694+0000] {processor.py:830} INFO - Processing file /opt/airflow/dags/agri_meteo_etl.py for tasks to queue
[2026-01-22T08:10:55.695+0000] {logging_mixin.py:188} INFO - [2026-01-22T08:10:55.695+0000] {dagbag.py:538} INFO - Filling up the DagBag from /opt/airflow/dags/agri_meteo_etl.py
[2026-01-22T08:10:55.717+0000] {processor.py:840} INFO - DAG(s) 'agri_meteo_etl' retrieved from /opt/airflow/dags/agri_meteo_etl.py
[2026-01-22T08:10:55.748+0000] {logging_mixin.py:188} INFO - [2026-01-22T08:10:55.748+0000] {dag.py:3036} INFO - Sync 1 DAGs
[2026-01-22T08:10:55.772+0000] {logging_mixin.py:188} INFO - [2026-01-22T08:10:55.772+0000] {dag.py:3823} INFO - Setting next_dagrun for agri_meteo_etl to 2026-01-22 00:00:00+00:00, run_after=2026-01-23 00:00:00+00:00
[2026-01-22T08:10:55.916+0000] {processor.py:183} INFO - Processing /opt/airflow/dags/agri_meteo_etl.py took 0.230 seconds
[2026-01-22T08:11:26.144+0000] {processor.py:161} INFO - Started process (PID=1943) to work on /opt/airflow/dags/agri_meteo_etl.py
[2026-01-22T08:11:26.145+0000] {processor.py:830} INFO - Processing file /opt/airflow/dags/agri_meteo_etl.py for tasks to queue
[2026-01-22T08:11:26.146+0000] {logging_mixin.py:188} INFO - [2026-01-22T08:11:26.146+0000] {dagbag.py:538} INFO - Filling up the DagBag from /opt/airflow/dags/agri_meteo_etl.py
[2026-01-22T08:11:26.169+0000] {processor.py:840} INFO - DAG(s) 'agri_meteo_etl' retrieved from /opt/airflow/dags/agri_meteo_etl.py
[2026-01-22T08:11:26.202+0000] {logging_mixin.py:188} INFO - [2026-01-22T08:11:26.202+0000] {dag.py:3036} INFO - Sync 1 DAGs
[2026-01-22T08:11:26.229+0000] {logging_mixin.py:188} INFO - [2026-01-22T08:11:26.228+0000] {dag.py:3823} INFO - Setting next_dagrun for agri_meteo_etl to 2026-01-22 00:00:00+00:00, run_after=2026-01-23 00:00:00+00:00
[2026-01-22T08:11:26.314+0000] {processor.py:183} INFO - Processing /opt/airflow/dags/agri_meteo_etl.py took 0.176 seconds
[2026-01-22T08:11:56.582+0000] {processor.py:161} INFO - Started process (PID=1948) to work on /opt/airflow/dags/agri_meteo_etl.py
[2026-01-22T08:11:56.583+0000] {processor.py:830} INFO - Processing file /opt/airflow/dags/agri_meteo_etl.py for tasks to queue
[2026-01-22T08:11:56.584+0000] {logging_mixin.py:188} INFO - [2026-01-22T08:11:56.584+0000] {dagbag.py:538} INFO - Filling up the DagBag from /opt/airflow/dags/agri_meteo_etl.py
[2026-01-22T08:11:56.603+0000] {processor.py:840} INFO - DAG(s) 'agri_meteo_etl' retrieved from /opt/airflow/dags/agri_meteo_etl.py
[2026-01-22T08:11:56.633+0000] {logging_mixin.py:188} INFO - [2026-01-22T08:11:56.633+0000] {dag.py:3036} INFO - Sync 1 DAGs
[2026-01-22T08:11:56.656+0000] {logging_mixin.py:188} INFO - [2026-01-22T08:11:56.655+0000] {dag.py:3823} INFO - Setting next_dagrun for agri_meteo_etl to 2026-01-22 00:00:00+00:00, run_after=2026-01-23 00:00:00+00:00
[2026-01-22T08:11:56.747+0000] {processor.py:183} INFO - Processing /opt/airflow/dags/agri_meteo_etl.py took 0.168 seconds
[2026-01-22T08:12:27.046+0000] {processor.py:161} INFO - Started process (PID=1953) to work on /opt/airflow/dags/agri_meteo_etl.py
[2026-01-22T08:12:27.048+0000] {processor.py:830} INFO - Processing file /opt/airflow/dags/agri_meteo_etl.py for tasks to queue
[2026-01-22T08:12:27.051+0000] {logging_mixin.py:188} INFO - [2026-01-22T08:12:27.050+0000] {dagbag.py:538} INFO - Filling up the DagBag from /opt/airflow/dags/agri_meteo_etl.py
[2026-01-22T08:12:27.084+0000] {processor.py:840} INFO - DAG(s) 'agri_meteo_etl' retrieved from /opt/airflow/dags/agri_meteo_etl.py
[2026-01-22T08:12:27.117+0000] {logging_mixin.py:188} INFO - [2026-01-22T08:12:27.117+0000] {dag.py:3036} INFO - Sync 1 DAGs
[2026-01-22T08:12:27.143+0000] {logging_mixin.py:188} INFO - [2026-01-22T08:12:27.143+0000] {dag.py:3823} INFO - Setting next_dagrun for agri_meteo_etl to 2026-01-22 00:00:00+00:00, run_after=2026-01-23 00:00:00+00:00
[2026-01-22T08:12:28.130+0000] {processor.py:183} INFO - Processing /opt/airflow/dags/agri_meteo_etl.py took 1.093 seconds
[2026-01-22T08:12:58.527+0000] {processor.py:161} INFO - Started process (PID=1958) to work on /opt/airflow/dags/agri_meteo_etl.py
[2026-01-22T08:12:58.528+0000] {processor.py:830} INFO - Processing file /opt/airflow/dags/agri_meteo_etl.py for tasks to queue
[2026-01-22T08:12:58.529+0000] {logging_mixin.py:188} INFO - [2026-01-22T08:12:58.529+0000] {dagbag.py:538} INFO - Filling up the DagBag from /opt/airflow/dags/agri_meteo_etl.py
[2026-01-22T08:12:58.553+0000] {processor.py:840} INFO - DAG(s) 'agri_meteo_etl' retrieved from /opt/airflow/dags/agri_meteo_etl.py
[2026-01-22T08:12:58.584+0000] {logging_mixin.py:188} INFO - [2026-01-22T08:12:58.584+0000] {dag.py:3036} INFO - Sync 1 DAGs
[2026-01-22T08:12:58.608+0000] {logging_mixin.py:188} INFO - [2026-01-22T08:12:58.608+0000] {dag.py:3823} INFO - Setting next_dagrun for agri_meteo_etl to 2026-01-22 00:00:00+00:00, run_after=2026-01-23 00:00:00+00:00
[2026-01-22T08:12:58.809+0000] {processor.py:183} INFO - Processing /opt/airflow/dags/agri_meteo_etl.py took 0.286 seconds
[2026-01-22T08:13:28.910+0000] {processor.py:161} INFO - Started process (PID=1963) to work on /opt/airflow/dags/agri_meteo_etl.py
[2026-01-22T08:13:28.911+0000] {processor.py:830} INFO - Processing file /opt/airflow/dags/agri_meteo_etl.py for tasks to queue
[2026-01-22T08:13:28.912+0000] {logging_mixin.py:188} INFO - [2026-01-22T08:13:28.912+0000] {dagbag.py:538} INFO - Filling up the DagBag from /opt/airflow/dags/agri_meteo_etl.py
[2026-01-22T08:13:28.937+0000] {processor.py:840} INFO - DAG(s) 'agri_meteo_etl' retrieved from /opt/airflow/dags/agri_meteo_etl.py
[2026-01-22T08:13:28.968+0000] {logging_mixin.py:188} INFO - [2026-01-22T08:13:28.968+0000] {dag.py:3036} INFO - Sync 1 DAGs
[2026-01-22T08:13:28.990+0000] {logging_mixin.py:188} INFO - [2026-01-22T08:13:28.989+0000] {dag.py:3823} INFO - Setting next_dagrun for agri_meteo_etl to 2026-01-22 00:00:00+00:00, run_after=2026-01-23 00:00:00+00:00
[2026-01-22T08:13:29.371+0000] {processor.py:183} INFO - Processing /opt/airflow/dags/agri_meteo_etl.py took 0.465 seconds
[2026-01-22T08:13:59.667+0000] {processor.py:161} INFO - Started process (PID=1968) to work on /opt/airflow/dags/agri_meteo_etl.py
[2026-01-22T08:13:59.668+0000] {processor.py:830} INFO - Processing file /opt/airflow/dags/agri_meteo_etl.py for tasks to queue
[2026-01-22T08:13:59.669+0000] {logging_mixin.py:188} INFO - [2026-01-22T08:13:59.668+0000] {dagbag.py:538} INFO - Filling up the DagBag from /opt/airflow/dags/agri_meteo_etl.py
[2026-01-22T08:13:59.696+0000] {processor.py:840} INFO - DAG(s) 'agri_meteo_etl' retrieved from /opt/airflow/dags/agri_meteo_etl.py
[2026-01-22T08:13:59.731+0000] {logging_mixin.py:188} INFO - [2026-01-22T08:13:59.730+0000] {dag.py:3036} INFO - Sync 1 DAGs
[2026-01-22T08:13:59.763+0000] {logging_mixin.py:188} INFO - [2026-01-22T08:13:59.762+0000] {dag.py:3823} INFO - Setting next_dagrun for agri_meteo_etl to 2026-01-22 00:00:00+00:00, run_after=2026-01-23 00:00:00+00:00
[2026-01-22T08:14:00.689+0000] {processor.py:183} INFO - Processing /opt/airflow/dags/agri_meteo_etl.py took 1.027 seconds
[2026-01-22T08:14:31.012+0000] {processor.py:161} INFO - Started process (PID=1973) to work on /opt/airflow/dags/agri_meteo_etl.py
[2026-01-22T08:14:31.014+0000] {processor.py:830} INFO - Processing file /opt/airflow/dags/agri_meteo_etl.py for tasks to queue
[2026-01-22T08:14:31.016+0000] {logging_mixin.py:188} INFO - [2026-01-22T08:14:31.015+0000] {dagbag.py:538} INFO - Filling up the DagBag from /opt/airflow/dags/agri_meteo_etl.py
[2026-01-22T08:14:31.044+0000] {processor.py:840} INFO - DAG(s) 'agri_meteo_etl' retrieved from /opt/airflow/dags/agri_meteo_etl.py
[2026-01-22T08:14:31.076+0000] {logging_mixin.py:188} INFO - [2026-01-22T08:14:31.076+0000] {dag.py:3036} INFO - Sync 1 DAGs
[2026-01-22T08:14:31.102+0000] {logging_mixin.py:188} INFO - [2026-01-22T08:14:31.102+0000] {dag.py:3823} INFO - Setting next_dagrun for agri_meteo_etl to 2026-01-22 00:00:00+00:00, run_after=2026-01-23 00:00:00+00:00
[2026-01-22T08:14:31.184+0000] {processor.py:183} INFO - Processing /opt/airflow/dags/agri_meteo_etl.py took 0.179 seconds
[2026-01-22T08:15:01.387+0000] {processor.py:161} INFO - Started process (PID=1978) to work on /opt/airflow/dags/agri_meteo_etl.py
[2026-01-22T08:15:01.388+0000] {processor.py:830} INFO - Processing file /opt/airflow/dags/agri_meteo_etl.py for tasks to queue
[2026-01-22T08:15:01.389+0000] {logging_mixin.py:188} INFO - [2026-01-22T08:15:01.389+0000] {dagbag.py:538} INFO - Filling up the DagBag from /opt/airflow/dags/agri_meteo_etl.py
[2026-01-22T08:15:01.413+0000] {processor.py:840} INFO - DAG(s) 'agri_meteo_etl' retrieved from /opt/airflow/dags/agri_meteo_etl.py
[2026-01-22T08:15:01.444+0000] {logging_mixin.py:188} INFO - [2026-01-22T08:15:01.444+0000] {dag.py:3036} INFO - Sync 1 DAGs
[2026-01-22T08:15:01.469+0000] {logging_mixin.py:188} INFO - [2026-01-22T08:15:01.469+0000] {dag.py:3823} INFO - Setting next_dagrun for agri_meteo_etl to 2026-01-22 00:00:00+00:00, run_after=2026-01-23 00:00:00+00:00
[2026-01-22T08:15:02.056+0000] {processor.py:183} INFO - Processing /opt/airflow/dags/agri_meteo_etl.py took 0.675 seconds
[2026-01-22T08:15:32.409+0000] {processor.py:161} INFO - Started process (PID=1983) to work on /opt/airflow/dags/agri_meteo_etl.py
[2026-01-22T08:15:32.411+0000] {processor.py:830} INFO - Processing file /opt/airflow/dags/agri_meteo_etl.py for tasks to queue
[2026-01-22T08:15:32.413+0000] {logging_mixin.py:188} INFO - [2026-01-22T08:15:32.412+0000] {dagbag.py:538} INFO - Filling up the DagBag from /opt/airflow/dags/agri_meteo_etl.py
[2026-01-22T08:15:32.434+0000] {processor.py:840} INFO - DAG(s) 'agri_meteo_etl' retrieved from /opt/airflow/dags/agri_meteo_etl.py
[2026-01-22T08:15:32.466+0000] {logging_mixin.py:188} INFO - [2026-01-22T08:15:32.466+0000] {dag.py:3036} INFO - Sync 1 DAGs
[2026-01-22T08:15:32.489+0000] {logging_mixin.py:188} INFO - [2026-01-22T08:15:32.489+0000] {dag.py:3823} INFO - Setting next_dagrun for agri_meteo_etl to 2026-01-22 00:00:00+00:00, run_after=2026-01-23 00:00:00+00:00
[2026-01-22T08:15:33.132+0000] {processor.py:183} INFO - Processing /opt/airflow/dags/agri_meteo_etl.py took 0.727 seconds
[2026-01-22T08:16:03.299+0000] {processor.py:161} INFO - Started process (PID=1988) to work on /opt/airflow/dags/agri_meteo_etl.py
[2026-01-22T08:16:03.301+0000] {processor.py:830} INFO - Processing file /opt/airflow/dags/agri_meteo_etl.py for tasks to queue
[2026-01-22T08:16:03.303+0000] {logging_mixin.py:188} INFO - [2026-01-22T08:16:03.302+0000] {dagbag.py:538} INFO - Filling up the DagBag from /opt/airflow/dags/agri_meteo_etl.py
[2026-01-22T08:16:03.327+0000] {processor.py:840} INFO - DAG(s) 'agri_meteo_etl' retrieved from /opt/airflow/dags/agri_meteo_etl.py
[2026-01-22T08:16:03.359+0000] {logging_mixin.py:188} INFO - [2026-01-22T08:16:03.358+0000] {dag.py:3036} INFO - Sync 1 DAGs
[2026-01-22T08:16:03.383+0000] {logging_mixin.py:188} INFO - [2026-01-22T08:16:03.383+0000] {dag.py:3823} INFO - Setting next_dagrun for agri_meteo_etl to 2026-01-22 00:00:00+00:00, run_after=2026-01-23 00:00:00+00:00
[2026-01-22T08:16:03.466+0000] {processor.py:183} INFO - Processing /opt/airflow/dags/agri_meteo_etl.py took 0.173 seconds
[2026-01-22T08:16:33.791+0000] {processor.py:161} INFO - Started process (PID=1993) to work on /opt/airflow/dags/agri_meteo_etl.py
[2026-01-22T08:16:33.792+0000] {processor.py:830} INFO - Processing file /opt/airflow/dags/agri_meteo_etl.py for tasks to queue
[2026-01-22T08:16:33.793+0000] {logging_mixin.py:188} INFO - [2026-01-22T08:16:33.793+0000] {dagbag.py:538} INFO - Filling up the DagBag from /opt/airflow/dags/agri_meteo_etl.py
[2026-01-22T08:16:33.814+0000] {processor.py:840} INFO - DAG(s) 'agri_meteo_etl' retrieved from /opt/airflow/dags/agri_meteo_etl.py
[2026-01-22T08:16:33.844+0000] {logging_mixin.py:188} INFO - [2026-01-22T08:16:33.843+0000] {dag.py:3036} INFO - Sync 1 DAGs
[2026-01-22T08:16:33.870+0000] {logging_mixin.py:188} INFO - [2026-01-22T08:16:33.870+0000] {dag.py:3823} INFO - Setting next_dagrun for agri_meteo_etl to 2026-01-22 00:00:00+00:00, run_after=2026-01-23 00:00:00+00:00
[2026-01-22T08:16:34.058+0000] {processor.py:183} INFO - Processing /opt/airflow/dags/agri_meteo_etl.py took 0.270 seconds
[2026-01-22T08:17:04.147+0000] {processor.py:161} INFO - Started process (PID=1998) to work on /opt/airflow/dags/agri_meteo_etl.py
[2026-01-22T08:17:04.149+0000] {processor.py:830} INFO - Processing file /opt/airflow/dags/agri_meteo_etl.py for tasks to queue
[2026-01-22T08:17:04.150+0000] {logging_mixin.py:188} INFO - [2026-01-22T08:17:04.150+0000] {dagbag.py:538} INFO - Filling up the DagBag from /opt/airflow/dags/agri_meteo_etl.py
[2026-01-22T08:17:04.173+0000] {processor.py:840} INFO - DAG(s) 'agri_meteo_etl' retrieved from /opt/airflow/dags/agri_meteo_etl.py
[2026-01-22T08:17:04.203+0000] {logging_mixin.py:188} INFO - [2026-01-22T08:17:04.203+0000] {dag.py:3036} INFO - Sync 1 DAGs
[2026-01-22T08:17:04.226+0000] {logging_mixin.py:188} INFO - [2026-01-22T08:17:04.226+0000] {dag.py:3823} INFO - Setting next_dagrun for agri_meteo_etl to 2026-01-22 00:00:00+00:00, run_after=2026-01-23 00:00:00+00:00
[2026-01-22T08:17:04.403+0000] {processor.py:183} INFO - Processing /opt/airflow/dags/agri_meteo_etl.py took 0.261 seconds
[2026-01-22T08:17:34.772+0000] {processor.py:161} INFO - Started process (PID=2003) to work on /opt/airflow/dags/agri_meteo_etl.py
[2026-01-22T08:17:34.773+0000] {processor.py:830} INFO - Processing file /opt/airflow/dags/agri_meteo_etl.py for tasks to queue
[2026-01-22T08:17:34.774+0000] {logging_mixin.py:188} INFO - [2026-01-22T08:17:34.774+0000] {dagbag.py:538} INFO - Filling up the DagBag from /opt/airflow/dags/agri_meteo_etl.py
[2026-01-22T08:17:34.796+0000] {processor.py:840} INFO - DAG(s) 'agri_meteo_etl' retrieved from /opt/airflow/dags/agri_meteo_etl.py
[2026-01-22T08:17:34.828+0000] {logging_mixin.py:188} INFO - [2026-01-22T08:17:34.828+0000] {dag.py:3036} INFO - Sync 1 DAGs
[2026-01-22T08:17:34.853+0000] {logging_mixin.py:188} INFO - [2026-01-22T08:17:34.853+0000] {dag.py:3823} INFO - Setting next_dagrun for agri_meteo_etl to 2026-01-22 00:00:00+00:00, run_after=2026-01-23 00:00:00+00:00
[2026-01-22T08:17:34.920+0000] {processor.py:183} INFO - Processing /opt/airflow/dags/agri_meteo_etl.py took 0.153 seconds
[2026-01-22T08:18:05.122+0000] {processor.py:161} INFO - Started process (PID=2008) to work on /opt/airflow/dags/agri_meteo_etl.py
[2026-01-22T08:18:05.124+0000] {processor.py:830} INFO - Processing file /opt/airflow/dags/agri_meteo_etl.py for tasks to queue
[2026-01-22T08:18:05.125+0000] {logging_mixin.py:188} INFO - [2026-01-22T08:18:05.125+0000] {dagbag.py:538} INFO - Filling up the DagBag from /opt/airflow/dags/agri_meteo_etl.py
[2026-01-22T08:18:05.153+0000] {processor.py:840} INFO - DAG(s) 'agri_meteo_etl' retrieved from /opt/airflow/dags/agri_meteo_etl.py
[2026-01-22T08:18:05.369+0000] {logging_mixin.py:188} INFO - [2026-01-22T08:18:05.369+0000] {dag.py:3036} INFO - Sync 1 DAGs
[2026-01-22T08:18:05.400+0000] {logging_mixin.py:188} INFO - [2026-01-22T08:18:05.400+0000] {dag.py:3823} INFO - Setting next_dagrun for agri_meteo_etl to 2026-01-22 00:00:00+00:00, run_after=2026-01-23 00:00:00+00:00
[2026-01-22T08:18:06.516+0000] {processor.py:183} INFO - Processing /opt/airflow/dags/agri_meteo_etl.py took 1.400 seconds
[2026-01-22T08:18:36.832+0000] {processor.py:161} INFO - Started process (PID=2013) to work on /opt/airflow/dags/agri_meteo_etl.py
[2026-01-22T08:18:36.834+0000] {processor.py:830} INFO - Processing file /opt/airflow/dags/agri_meteo_etl.py for tasks to queue
[2026-01-22T08:18:36.836+0000] {logging_mixin.py:188} INFO - [2026-01-22T08:18:36.835+0000] {dagbag.py:538} INFO - Filling up the DagBag from /opt/airflow/dags/agri_meteo_etl.py
[2026-01-22T08:18:36.860+0000] {processor.py:840} INFO - DAG(s) 'agri_meteo_etl' retrieved from /opt/airflow/dags/agri_meteo_etl.py
[2026-01-22T08:18:36.895+0000] {logging_mixin.py:188} INFO - [2026-01-22T08:18:36.895+0000] {dag.py:3036} INFO - Sync 1 DAGs
[2026-01-22T08:18:36.921+0000] {logging_mixin.py:188} INFO - [2026-01-22T08:18:36.921+0000] {dag.py:3823} INFO - Setting next_dagrun for agri_meteo_etl to 2026-01-22 00:00:00+00:00, run_after=2026-01-23 00:00:00+00:00
[2026-01-22T08:18:37.011+0000] {processor.py:183} INFO - Processing /opt/airflow/dags/agri_meteo_etl.py took 0.185 seconds
[2026-01-22T08:19:07.357+0000] {processor.py:161} INFO - Started process (PID=2018) to work on /opt/airflow/dags/agri_meteo_etl.py
[2026-01-22T08:19:07.358+0000] {processor.py:830} INFO - Processing file /opt/airflow/dags/agri_meteo_etl.py for tasks to queue
[2026-01-22T08:19:07.359+0000] {logging_mixin.py:188} INFO - [2026-01-22T08:19:07.359+0000] {dagbag.py:538} INFO - Filling up the DagBag from /opt/airflow/dags/agri_meteo_etl.py
[2026-01-22T08:19:07.381+0000] {processor.py:840} INFO - DAG(s) 'agri_meteo_etl' retrieved from /opt/airflow/dags/agri_meteo_etl.py
[2026-01-22T08:19:07.410+0000] {logging_mixin.py:188} INFO - [2026-01-22T08:19:07.410+0000] {dag.py:3036} INFO - Sync 1 DAGs
[2026-01-22T08:19:07.434+0000] {logging_mixin.py:188} INFO - [2026-01-22T08:19:07.433+0000] {dag.py:3823} INFO - Setting next_dagrun for agri_meteo_etl to 2026-01-22 00:00:00+00:00, run_after=2026-01-23 00:00:00+00:00
[2026-01-22T08:19:07.505+0000] {processor.py:183} INFO - Processing /opt/airflow/dags/agri_meteo_etl.py took 0.153 seconds
[2026-01-22T08:19:37.780+0000] {processor.py:161} INFO - Started process (PID=2023) to work on /opt/airflow/dags/agri_meteo_etl.py
[2026-01-22T08:19:37.781+0000] {processor.py:830} INFO - Processing file /opt/airflow/dags/agri_meteo_etl.py for tasks to queue
[2026-01-22T08:19:37.782+0000] {logging_mixin.py:188} INFO - [2026-01-22T08:19:37.782+0000] {dagbag.py:538} INFO - Filling up the DagBag from /opt/airflow/dags/agri_meteo_etl.py
[2026-01-22T08:19:37.806+0000] {processor.py:840} INFO - DAG(s) 'agri_meteo_etl' retrieved from /opt/airflow/dags/agri_meteo_etl.py
[2026-01-22T08:19:37.836+0000] {logging_mixin.py:188} INFO - [2026-01-22T08:19:37.836+0000] {dag.py:3036} INFO - Sync 1 DAGs
[2026-01-22T08:19:38.120+0000] {logging_mixin.py:188} INFO - [2026-01-22T08:19:38.119+0000] {dag.py:3823} INFO - Setting next_dagrun for agri_meteo_etl to 2026-01-22 00:00:00+00:00, run_after=2026-01-23 00:00:00+00:00
[2026-01-22T08:19:38.187+0000] {processor.py:183} INFO - Processing /opt/airflow/dags/agri_meteo_etl.py took 0.414 seconds
[2026-01-22T08:20:08.555+0000] {processor.py:161} INFO - Started process (PID=2028) to work on /opt/airflow/dags/agri_meteo_etl.py
[2026-01-22T08:20:08.556+0000] {processor.py:830} INFO - Processing file /opt/airflow/dags/agri_meteo_etl.py for tasks to queue
[2026-01-22T08:20:08.558+0000] {logging_mixin.py:188} INFO - [2026-01-22T08:20:08.557+0000] {dagbag.py:538} INFO - Filling up the DagBag from /opt/airflow/dags/agri_meteo_etl.py
[2026-01-22T08:20:08.579+0000] {processor.py:840} INFO - DAG(s) 'agri_meteo_etl' retrieved from /opt/airflow/dags/agri_meteo_etl.py
[2026-01-22T08:20:08.609+0000] {logging_mixin.py:188} INFO - [2026-01-22T08:20:08.609+0000] {dag.py:3036} INFO - Sync 1 DAGs
[2026-01-22T08:20:08.636+0000] {logging_mixin.py:188} INFO - [2026-01-22T08:20:08.636+0000] {dag.py:3823} INFO - Setting next_dagrun for agri_meteo_etl to 2026-01-22 00:00:00+00:00, run_after=2026-01-23 00:00:00+00:00
[2026-01-22T08:20:08.716+0000] {processor.py:183} INFO - Processing /opt/airflow/dags/agri_meteo_etl.py took 0.167 seconds
[2026-01-22T08:20:38.993+0000] {processor.py:161} INFO - Started process (PID=2033) to work on /opt/airflow/dags/agri_meteo_etl.py
[2026-01-22T08:20:38.995+0000] {processor.py:830} INFO - Processing file /opt/airflow/dags/agri_meteo_etl.py for tasks to queue
[2026-01-22T08:20:38.997+0000] {logging_mixin.py:188} INFO - [2026-01-22T08:20:38.996+0000] {dagbag.py:538} INFO - Filling up the DagBag from /opt/airflow/dags/agri_meteo_etl.py
[2026-01-22T08:20:39.023+0000] {processor.py:840} INFO - DAG(s) 'agri_meteo_etl' retrieved from /opt/airflow/dags/agri_meteo_etl.py
[2026-01-22T08:20:39.054+0000] {logging_mixin.py:188} INFO - [2026-01-22T08:20:39.053+0000] {dag.py:3036} INFO - Sync 1 DAGs
[2026-01-22T08:20:39.081+0000] {logging_mixin.py:188} INFO - [2026-01-22T08:20:39.081+0000] {dag.py:3823} INFO - Setting next_dagrun for agri_meteo_etl to 2026-01-22 00:00:00+00:00, run_after=2026-01-23 00:00:00+00:00
[2026-01-22T08:20:39.154+0000] {processor.py:183} INFO - Processing /opt/airflow/dags/agri_meteo_etl.py took 0.167 seconds
[2026-01-22T08:21:05.753+0000] {processor.py:161} INFO - Started process (PID=2038) to work on /opt/airflow/dags/agri_meteo_etl.py
[2026-01-22T08:21:05.754+0000] {processor.py:830} INFO - Processing file /opt/airflow/dags/agri_meteo_etl.py for tasks to queue
[2026-01-22T08:21:05.756+0000] {logging_mixin.py:188} INFO - [2026-01-22T08:21:05.755+0000] {dagbag.py:538} INFO - Filling up the DagBag from /opt/airflow/dags/agri_meteo_etl.py
[2026-01-22T08:21:05.849+0000] {processor.py:840} INFO - DAG(s) 'agri_meteo_etl' retrieved from /opt/airflow/dags/agri_meteo_etl.py
[2026-01-22T08:21:05.880+0000] {logging_mixin.py:188} INFO - [2026-01-22T08:21:05.880+0000] {dag.py:3036} INFO - Sync 1 DAGs
[2026-01-22T08:21:05.905+0000] {logging_mixin.py:188} INFO - [2026-01-22T08:21:05.905+0000] {dag.py:3823} INFO - Setting next_dagrun for agri_meteo_etl to 2026-01-22 00:00:00+00:00, run_after=2026-01-23 00:00:00+00:00
[2026-01-22T08:21:06.072+0000] {processor.py:183} INFO - Processing /opt/airflow/dags/agri_meteo_etl.py took 0.322 seconds
[2026-01-22T08:21:06.809+0000] {processor.py:161} INFO - Started process (PID=2043) to work on /opt/airflow/dags/agri_meteo_etl.py
[2026-01-22T08:21:06.810+0000] {processor.py:830} INFO - Processing file /opt/airflow/dags/agri_meteo_etl.py for tasks to queue
[2026-01-22T08:21:06.812+0000] {logging_mixin.py:188} INFO - [2026-01-22T08:21:06.811+0000] {dagbag.py:538} INFO - Filling up the DagBag from /opt/airflow/dags/agri_meteo_etl.py
[2026-01-22T08:21:06.842+0000] {processor.py:840} INFO - DAG(s) 'agri_meteo_etl' retrieved from /opt/airflow/dags/agri_meteo_etl.py
[2026-01-22T08:21:06.873+0000] {logging_mixin.py:188} INFO - [2026-01-22T08:21:06.873+0000] {dag.py:3036} INFO - Sync 1 DAGs
[2026-01-22T08:21:06.902+0000] {logging_mixin.py:188} INFO - [2026-01-22T08:21:06.901+0000] {dag.py:3823} INFO - Setting next_dagrun for agri_meteo_etl to 2026-01-22 00:00:00+00:00, run_after=2026-01-23 00:00:00+00:00
[2026-01-22T08:21:06.972+0000] {processor.py:183} INFO - Processing /opt/airflow/dags/agri_meteo_etl.py took 0.167 seconds
[2026-01-22T08:21:08.859+0000] {processor.py:161} INFO - Started process (PID=2048) to work on /opt/airflow/dags/agri_meteo_etl.py
[2026-01-22T08:21:08.861+0000] {processor.py:830} INFO - Processing file /opt/airflow/dags/agri_meteo_etl.py for tasks to queue
[2026-01-22T08:21:08.863+0000] {logging_mixin.py:188} INFO - [2026-01-22T08:21:08.862+0000] {dagbag.py:538} INFO - Filling up the DagBag from /opt/airflow/dags/agri_meteo_etl.py
[2026-01-22T08:21:08.899+0000] {processor.py:840} INFO - DAG(s) 'agri_meteo_etl' retrieved from /opt/airflow/dags/agri_meteo_etl.py
[2026-01-22T08:21:08.935+0000] {logging_mixin.py:188} INFO - [2026-01-22T08:21:08.935+0000] {dag.py:3036} INFO - Sync 1 DAGs
[2026-01-22T08:21:08.963+0000] {logging_mixin.py:188} INFO - [2026-01-22T08:21:08.962+0000] {dag.py:3823} INFO - Setting next_dagrun for agri_meteo_etl to 2026-01-22 00:00:00+00:00, run_after=2026-01-23 00:00:00+00:00
[2026-01-22T08:21:09.935+0000] {processor.py:183} INFO - Processing /opt/airflow/dags/agri_meteo_etl.py took 1.082 seconds
[2026-01-22T08:21:40.954+0000] {processor.py:161} INFO - Started process (PID=2053) to work on /opt/airflow/dags/agri_meteo_etl.py
[2026-01-22T08:21:40.955+0000] {processor.py:830} INFO - Processing file /opt/airflow/dags/agri_meteo_etl.py for tasks to queue
[2026-01-22T08:21:40.956+0000] {logging_mixin.py:188} INFO - [2026-01-22T08:21:40.956+0000] {dagbag.py:538} INFO - Filling up the DagBag from /opt/airflow/dags/agri_meteo_etl.py
[2026-01-22T08:21:40.980+0000] {processor.py:840} INFO - DAG(s) 'agri_meteo_etl' retrieved from /opt/airflow/dags/agri_meteo_etl.py
[2026-01-22T08:21:41.011+0000] {logging_mixin.py:188} INFO - [2026-01-22T08:21:41.011+0000] {dag.py:3036} INFO - Sync 1 DAGs
[2026-01-22T08:21:41.037+0000] {logging_mixin.py:188} INFO - [2026-01-22T08:21:41.036+0000] {dag.py:3823} INFO - Setting next_dagrun for agri_meteo_etl to 2026-01-22 00:00:00+00:00, run_after=2026-01-23 00:00:00+00:00
[2026-01-22T08:21:41.562+0000] {processor.py:183} INFO - Processing /opt/airflow/dags/agri_meteo_etl.py took 0.613 seconds
